TN:
SF:src\index.ts
FN:3,(anonymous_1)
FN:42,(anonymous_2)
FN:43,(anonymous_3)
FN:44,(anonymous_4)
FN:45,(anonymous_5)
FN:46,(anonymous_6)
FN:47,(anonymous_7)
FN:48,(anonymous_8)
FN:50,(anonymous_9)
FN:51,(anonymous_10)
FN:53,(anonymous_11)
FN:54,(anonymous_12)
FN:56,(anonymous_13)
FN:57,(anonymous_14)
FN:58,(anonymous_15)
FN:59,(anonymous_16)
FN:62,(anonymous_17)
FN:62,(anonymous_18)
FN:62,(anonymous_19)
FN:62,(anonymous_20)
FN:64,(anonymous_21)
FN:65,(anonymous_22)
FN:66,(anonymous_23)
FN:67,(anonymous_24)
FN:68,(anonymous_25)
FN:69,(anonymous_26)
FN:70,(anonymous_27)
FN:71,(anonymous_28)
FN:72,(anonymous_29)
FN:73,(anonymous_30)
FN:77,(anonymous_31)
FN:79,(anonymous_32)
FN:81,(anonymous_33)
FN:83,(anonymous_34)
FN:85,(anonymous_35)
FN:87,(anonymous_36)
FN:87,(anonymous_37)
FN:89,(anonymous_38)
FN:91,(anonymous_39)
FN:93,(anonymous_40)
FN:94,(anonymous_41)
FN:98,(anonymous_42)
FN:99,(anonymous_43)
FN:100,(anonymous_44)
FN:101,(anonymous_45)
FN:105,(anonymous_46)
FN:106,(anonymous_47)
FN:107,(anonymous_48)
FN:108,(anonymous_49)
FN:109,(anonymous_50)
FN:113,(anonymous_51)
FN:114,(anonymous_52)
FN:115,(anonymous_53)
FN:116,(anonymous_54)
FN:117,(anonymous_55)
FN:121,(anonymous_56)
FN:122,(anonymous_57)
FN:123,(anonymous_58)
FN:124,(anonymous_59)
FN:125,(anonymous_60)
FN:126,(anonymous_61)
FN:127,(anonymous_62)
FN:128,(anonymous_63)
FN:140,setupBasic
FN:146,setupWithBusiness
FN:152,setupWithLocales
FN:158,setupFull
FNF:67
FNH:0
FNDA:0,(anonymous_1)
FNDA:0,(anonymous_2)
FNDA:0,(anonymous_3)
FNDA:0,(anonymous_4)
FNDA:0,(anonymous_5)
FNDA:0,(anonymous_6)
FNDA:0,(anonymous_7)
FNDA:0,(anonymous_8)
FNDA:0,(anonymous_9)
FNDA:0,(anonymous_10)
FNDA:0,(anonymous_11)
FNDA:0,(anonymous_12)
FNDA:0,(anonymous_13)
FNDA:0,(anonymous_14)
FNDA:0,(anonymous_15)
FNDA:0,(anonymous_16)
FNDA:0,(anonymous_17)
FNDA:0,(anonymous_18)
FNDA:0,(anonymous_19)
FNDA:0,(anonymous_20)
FNDA:0,(anonymous_21)
FNDA:0,(anonymous_22)
FNDA:0,(anonymous_23)
FNDA:0,(anonymous_24)
FNDA:0,(anonymous_25)
FNDA:0,(anonymous_26)
FNDA:0,(anonymous_27)
FNDA:0,(anonymous_28)
FNDA:0,(anonymous_29)
FNDA:0,(anonymous_30)
FNDA:0,(anonymous_31)
FNDA:0,(anonymous_32)
FNDA:0,(anonymous_33)
FNDA:0,(anonymous_34)
FNDA:0,(anonymous_35)
FNDA:0,(anonymous_36)
FNDA:0,(anonymous_37)
FNDA:0,(anonymous_38)
FNDA:0,(anonymous_39)
FNDA:0,(anonymous_40)
FNDA:0,(anonymous_41)
FNDA:0,(anonymous_42)
FNDA:0,(anonymous_43)
FNDA:0,(anonymous_44)
FNDA:0,(anonymous_45)
FNDA:0,(anonymous_46)
FNDA:0,(anonymous_47)
FNDA:0,(anonymous_48)
FNDA:0,(anonymous_49)
FNDA:0,(anonymous_50)
FNDA:0,(anonymous_51)
FNDA:0,(anonymous_52)
FNDA:0,(anonymous_53)
FNDA:0,(anonymous_54)
FNDA:0,(anonymous_55)
FNDA:0,(anonymous_56)
FNDA:0,(anonymous_57)
FNDA:0,(anonymous_58)
FNDA:0,(anonymous_59)
FNDA:0,(anonymous_60)
FNDA:0,(anonymous_61)
FNDA:0,(anonymous_62)
FNDA:0,(anonymous_63)
FNDA:0,setupBasic
FNDA:0,setupWithBusiness
FNDA:0,setupWithLocales
FNDA:0,setupFull
DA:3,0
DA:42,0
DA:43,0
DA:44,0
DA:45,0
DA:46,0
DA:47,0
DA:48,0
DA:50,0
DA:51,0
DA:53,0
DA:54,0
DA:56,0
DA:57,0
DA:58,0
DA:59,0
DA:62,0
DA:63,0
DA:64,0
DA:65,0
DA:66,0
DA:67,0
DA:68,0
DA:69,0
DA:70,0
DA:71,0
DA:72,0
DA:73,0
DA:77,0
DA:79,0
DA:81,0
DA:83,0
DA:85,0
DA:87,0
DA:89,0
DA:91,0
DA:93,0
DA:94,0
DA:97,0
DA:98,0
DA:99,0
DA:100,0
DA:101,0
DA:104,0
DA:105,0
DA:106,0
DA:107,0
DA:108,0
DA:109,0
DA:112,0
DA:113,0
DA:114,0
DA:115,0
DA:116,0
DA:117,0
DA:120,0
DA:121,0
DA:122,0
DA:123,0
DA:124,0
DA:125,0
DA:126,0
DA:127,0
DA:128,0
DA:132,0
DA:133,0
DA:134,0
DA:135,0
DA:136,0
DA:140,0
DA:141,0
DA:143,0
DA:146,0
DA:147,0
DA:149,0
DA:152,0
DA:153,0
DA:155,0
DA:158,0
DA:159,0
DA:161,0
LF:81
LH:0
BRF:0
BRH:0
end_of_record
TN:
SF:src\core\locale-manager.ts
FN:38,(anonymous_0)
FN:40,(anonymous_1)
FN:47,(anonymous_2)
FN:57,(anonymous_3)
FN:65,(anonymous_4)
FN:70,(anonymous_5)
FN:74,(anonymous_6)
FN:78,(anonymous_7)
FN:86,(anonymous_8)
FN:115,(anonymous_9)
FN:125,(anonymous_10)
FN:171,(anonymous_11)
FN:175,(anonymous_12)
FN:179,(anonymous_13)
FNF:14
FNH:4
FNDA:1,(anonymous_0)
FNDA:1,(anonymous_1)
FNDA:4,(anonymous_2)
FNDA:1,(anonymous_3)
FNDA:0,(anonymous_4)
FNDA:0,(anonymous_5)
FNDA:0,(anonymous_6)
FNDA:0,(anonymous_7)
FNDA:0,(anonymous_8)
FNDA:0,(anonymous_9)
FNDA:0,(anonymous_10)
FNDA:0,(anonymous_11)
FNDA:0,(anonymous_12)
FNDA:0,(anonymous_13)
DA:32,1
DA:34,1
DA:35,1
DA:36,1
DA:41,1
DA:42,1
DA:44,1
DA:48,4
DA:51,4
DA:52,1
DA:53,1
DA:58,1
DA:59,1
DA:60,1
DA:62,0
DA:66,0
DA:67,0
DA:71,0
DA:75,0
DA:79,0
DA:80,0
DA:81,0
DA:83,0
DA:87,0
DA:88,0
DA:89,0
DA:93,0
DA:94,0
DA:96,0
DA:98,0
DA:100,0
DA:102,0
DA:105,0
DA:106,0
DA:112,0
DA:116,0
DA:117,0
DA:118,0
DA:121,0
DA:122,0
DA:126,0
DA:127,0
DA:128,0
DA:131,0
DA:134,0
DA:135,0
DA:139,0
DA:140,0
DA:144,0
DA:145,0
DA:146,0
DA:151,0
DA:152,0
DA:156,0
DA:157,0
DA:161,0
DA:162,0
DA:163,0
DA:164,0
DA:168,0
DA:172,0
DA:176,0
DA:180,0
DA:181,0
DA:182,0
DA:186,1
LF:66
LH:15
BRDA:41,0,0,1
BRDA:51,1,0,1
BRDA:58,2,0,1
BRDA:66,3,0,0
BRDA:66,3,1,0
BRDA:79,4,0,0
BRDA:88,5,0,0
BRDA:93,6,0,0
BRDA:94,7,0,0
BRDA:94,7,1,0
BRDA:94,7,2,0
BRDA:94,7,3,0
BRDA:94,7,4,0
BRDA:96,8,0,0
BRDA:96,8,1,0
BRDA:98,9,0,0
BRDA:98,9,1,0
BRDA:100,10,0,0
BRDA:100,10,1,0
BRDA:102,11,0,0
BRDA:102,11,1,0
BRDA:105,12,0,0
BRDA:105,13,0,0
BRDA:105,13,1,0
BRDA:112,14,0,0
BRDA:112,14,1,0
BRDA:117,15,0,0
BRDA:117,16,0,0
BRDA:117,16,1,0
BRDA:122,17,0,0
BRDA:122,17,1,0
BRDA:127,18,0,0
BRDA:134,19,0,0
BRDA:139,20,0,0
BRDA:144,21,0,0
BRDA:151,22,0,0
BRDA:156,23,0,0
BRDA:163,24,0,0
BRF:38
BRH:3
end_of_record
TN:
SF:src\core\plugin-system.ts
FN:56,(anonymous_0)
FN:60,(anonymous_1)
FN:200,(anonymous_2)
FN:208,(anonymous_3)
FN:221,(anonymous_4)
FN:229,(anonymous_5)
FN:247,(anonymous_6)
FN:262,(anonymous_7)
FN:278,(anonymous_8)
FN:299,(anonymous_9)
FN:320,(anonymous_10)
FN:338,(anonymous_11)
FN:354,(anonymous_12)
FN:375,(anonymous_13)
FN:396,(anonymous_14)
FN:417,(anonymous_15)
FN:447,(anonymous_16)
FN:532,(anonymous_17)
FN:549,(anonymous_18)
FN:597,(anonymous_19)
FN:643,(anonymous_20)
FN:659,(anonymous_21)
FN:675,(anonymous_22)
FN:692,(anonymous_23)
FN:715,(anonymous_24)
FN:743,(anonymous_25)
FN:805,(anonymous_26)
FN:815,(anonymous_27)
FN:837,(anonymous_28)
FN:855,(anonymous_29)
FN:863,(anonymous_30)
FN:871,(anonymous_31)
FN:875,(anonymous_32)
FN:879,(anonymous_33)
FN:906,(anonymous_34)
FN:919,(anonymous_35)
FN:957,(anonymous_36)
FNF:37
FNH:12
FNDA:1017,(anonymous_0)
FNDA:1017,(anonymous_1)
FNDA:0,(anonymous_2)
FNDA:0,(anonymous_3)
FNDA:0,(anonymous_4)
FNDA:0,(anonymous_5)
FNDA:1002,(anonymous_6)
FNDA:0,(anonymous_7)
FNDA:1,(anonymous_8)
FNDA:1,(anonymous_9)
FNDA:1,(anonymous_10)
FNDA:0,(anonymous_11)
FNDA:0,(anonymous_12)
FNDA:0,(anonymous_13)
FNDA:1,(anonymous_14)
FNDA:0,(anonymous_15)
FNDA:0,(anonymous_16)
FNDA:0,(anonymous_17)
FNDA:0,(anonymous_18)
FNDA:0,(anonymous_19)
FNDA:0,(anonymous_20)
FNDA:0,(anonymous_21)
FNDA:0,(anonymous_22)
FNDA:0,(anonymous_23)
FNDA:0,(anonymous_24)
FNDA:0,(anonymous_25)
FNDA:2,(anonymous_26)
FNDA:14,(anonymous_27)
FNDA:0,(anonymous_28)
FNDA:8,(anonymous_29)
FNDA:9,(anonymous_30)
FNDA:0,(anonymous_31)
FNDA:0,(anonymous_32)
FNDA:0,(anonymous_33)
FNDA:1017,(anonymous_34)
FNDA:0,(anonymous_35)
FNDA:0,(anonymous_36)
DA:11,1
DA:12,1
DA:14,1
DA:29,1
DA:31,1
DA:57,1017
DA:61,1017
DA:62,0
DA:65,1017
DA:66,1012
DA:69,5
DA:70,0
DA:71,0
DA:73,0
DA:76,5
DA:78,5
DA:79,0
DA:83,5
DA:84,5
DA:86,1
DA:89,1
DA:90,0
DA:94,1
DA:98,1
DA:101,0
DA:104,1
DA:108,4
DA:109,4
DA:110,0
DA:111,0
DA:112,0
DA:113,0
DA:114,0
DA:117,0
DA:118,0
DA:121,0
DA:124,0
DA:127,0
DA:130,0
DA:134,4
DA:135,4
DA:136,0
DA:137,0
DA:139,0
DA:141,4
DA:145,0
DA:147,0
DA:148,0
DA:152,0
DA:153,0
DA:157,0
DA:158,0
DA:159,0
DA:160,0
DA:161,0
DA:162,0
DA:163,0
DA:164,0
DA:165,0
DA:167,0
DA:170,0
DA:173,0
DA:176,0
DA:180,0
DA:181,0
DA:182,0
DA:183,0
DA:188,0
DA:201,0
DA:209,0
DA:222,0
DA:231,0
DA:232,0
DA:234,0
DA:248,1002
DA:263,0
DA:279,1
DA:280,1
DA:282,0
DA:283,0
DA:284,0
DA:300,1
DA:301,1
DA:303,0
DA:304,0
DA:305,0
DA:321,1
DA:322,1
DA:324,0
DA:325,0
DA:326,0
DA:339,0
DA:355,0
DA:356,0
DA:358,0
DA:359,0
DA:360,0
DA:376,0
DA:377,0
DA:379,0
DA:380,0
DA:381,0
DA:397,1
DA:398,1
DA:400,0
DA:401,0
DA:402,0
DA:418,0
DA:419,0
DA:421,0
DA:422,0
DA:423,0
DA:448,0
DA:449,0
DA:451,0
DA:452,0
DA:454,0
DA:456,0
DA:457,0
DA:459,0
DA:460,0
DA:461,0
DA:464,0
DA:465,0
DA:467,0
DA:468,0
DA:469,0
DA:471,0
DA:472,0
DA:473,0
DA:477,0
DA:481,0
DA:482,0
DA:483,0
DA:484,0
DA:485,0
DA:488,0
DA:489,0
DA:492,0
DA:493,0
DA:494,0
DA:495,0
DA:496,0
DA:498,0
DA:500,0
DA:502,0
DA:503,0
DA:505,0
DA:506,0
DA:508,0
DA:509,0
DA:511,0
DA:512,0
DA:514,0
DA:517,0
DA:533,0
DA:550,0
DA:551,0
DA:553,0
DA:555,0
DA:556,0
DA:557,0
DA:559,0
DA:560,0
DA:561,0
DA:563,0
DA:564,0
DA:565,0
DA:566,0
DA:568,0
DA:569,0
DA:571,0
DA:572,0
DA:574,0
DA:575,0
DA:577,0
DA:578,0
DA:581,0
DA:598,0
DA:599,0
DA:601,0
DA:603,0
DA:604,0
DA:605,0
DA:607,0
DA:608,0
DA:609,0
DA:611,0
DA:612,0
DA:613,0
DA:614,0
DA:616,0
DA:617,0
DA:619,0
DA:620,0
DA:622,0
DA:623,0
DA:625,0
DA:626,0
DA:629,0
DA:644,0
DA:660,0
DA:676,0
DA:693,0
DA:716,0
DA:717,0
DA:721,0
DA:722,0
DA:723,0
DA:724,0
DA:725,0
DA:726,0
DA:727,0
DA:730,0
DA:731,0
DA:734,0
DA:744,0
DA:770,0
DA:778,1
DA:779,1
DA:780,1
DA:781,1
DA:782,1
DA:806,2
DA:808,2
DA:809,14
DA:812,2
DA:816,14
DA:817,0
DA:820,14
DA:821,12
DA:822,13
DA:823,0
DA:831,14
DA:832,14
DA:834,14
DA:838,0
DA:840,0
DA:842,0
DA:844,0
DA:846,0
DA:852,14
DA:856,8
DA:858,8
DA:859,59
DA:864,9
DA:866,9
DA:867,36
DA:872,0
DA:876,0
DA:880,0
DA:906,1017
DA:909,1
DA:910,1
DA:911,1
DA:912,1
DA:919,1
DA:922,0
DA:924,0
DA:925,0
DA:927,0
DA:928,0
DA:929,0
DA:930,0
DA:931,0
DA:932,0
DA:933,0
DA:934,0
DA:937,0
DA:940,0
DA:941,0
DA:944,0
DA:947,0
DA:948,0
DA:949,0
DA:957,1
DA:959,1
LF:277
LH:64
BRDA:61,0,0,0
BRDA:65,1,0,1012
BRDA:69,2,0,0
BRDA:70,3,0,0
BRDA:76,4,0,5
BRDA:78,5,0,0
BRDA:78,6,0,5
BRDA:78,6,1,5
BRDA:84,7,0,1
BRDA:89,8,0,0
BRDA:89,9,0,1
BRDA:89,9,1,1
BRDA:98,10,0,0
BRDA:98,11,0,1
BRDA:98,11,1,1
BRDA:98,11,2,1
BRDA:109,12,0,0
BRDA:111,13,0,0
BRDA:117,14,0,0
BRDA:117,15,0,0
BRDA:117,15,1,0
BRDA:117,15,2,0
BRDA:117,15,3,0
BRDA:124,16,0,0
BRDA:124,17,0,0
BRDA:124,17,1,0
BRDA:124,17,2,0
BRDA:135,18,0,0
BRDA:136,19,0,0
BRDA:145,20,0,0
BRDA:145,21,0,0
BRDA:145,21,1,0
BRDA:147,22,0,0
BRDA:147,23,0,0
BRDA:147,23,1,0
BRDA:152,24,0,0
BRDA:157,25,0,0
BRDA:157,26,0,0
BRDA:157,26,1,0
BRDA:157,26,2,0
BRDA:162,27,0,0
BRDA:162,27,1,0
BRDA:163,28,0,0
BRDA:163,28,1,0
BRDA:164,29,0,0
BRDA:164,29,1,0
BRDA:165,30,0,0
BRDA:165,30,1,0
BRDA:170,31,0,0
BRDA:170,32,0,0
BRDA:170,32,1,0
BRDA:170,32,2,0
BRDA:180,33,0,0
BRDA:182,34,0,0
BRDA:231,35,0,0
BRDA:279,36,0,1
BRDA:300,37,0,1
BRDA:321,38,0,1
BRDA:355,39,0,0
BRDA:376,40,0,0
BRDA:397,41,0,1
BRDA:418,42,0,0
BRDA:448,43,0,0
BRDA:454,44,0,0
BRDA:454,44,1,0
BRDA:454,44,2,0
BRDA:454,44,3,0
BRDA:454,44,4,0
BRDA:454,44,5,0
BRDA:454,44,6,0
BRDA:454,44,7,0
BRDA:454,44,8,0
BRDA:492,45,0,0
BRDA:492,45,1,0
BRDA:553,46,0,0
BRDA:553,46,1,0
BRDA:553,46,2,0
BRDA:553,46,3,0
BRDA:553,46,4,0
BRDA:553,46,5,0
BRDA:553,46,6,0
BRDA:601,47,0,0
BRDA:601,47,1,0
BRDA:601,47,2,0
BRDA:601,47,3,0
BRDA:601,47,4,0
BRDA:601,47,5,0
BRDA:601,47,6,0
BRDA:715,48,0,0
BRDA:716,49,0,0
BRDA:722,50,0,0
BRDA:722,50,1,0
BRDA:723,51,0,0
BRDA:723,51,1,0
BRDA:724,52,0,0
BRDA:724,52,1,0
BRDA:725,53,0,0
BRDA:725,53,1,0
BRDA:726,54,0,0
BRDA:726,54,1,0
BRDA:727,55,0,0
BRDA:727,55,1,0
BRDA:730,56,0,0
BRDA:730,57,0,0
BRDA:730,57,1,0
BRDA:730,57,2,0
BRDA:770,58,0,0
BRDA:770,58,1,0
BRDA:806,59,0,1
BRDA:806,59,1,1
BRDA:816,60,0,0
BRDA:820,61,0,12
BRDA:822,62,0,0
BRDA:838,63,0,0
BRDA:838,63,1,0
BRDA:838,63,2,0
BRDA:838,63,3,0
BRDA:840,64,0,0
BRDA:840,64,1,0
BRDA:842,65,0,0
BRDA:842,65,1,0
BRDA:922,66,0,0
BRDA:922,66,1,0
BRDA:922,67,0,0
BRDA:922,67,1,0
BRDA:922,67,2,0
BRDA:922,67,3,0
BRDA:927,68,0,0
BRDA:927,68,1,0
BRDA:928,69,0,0
BRDA:928,69,1,0
BRDA:932,70,0,0
BRDA:932,70,1,0
BRDA:933,71,0,0
BRDA:933,71,1,0
BRDA:934,72,0,0
BRDA:934,72,1,0
BRF:137
BRH:17
end_of_record
TN:
SF:src\core\utils\cache.ts
FN:5,(anonymous_0)
FN:9,(anonymous_1)
FN:18,(anonymous_2)
FN:30,(anonymous_3)
FN:34,(anonymous_4)
FN:38,(anonymous_5)
FN:43,memoize
FN:49,(anonymous_7)
FN:62,createDateCache
FN:66,createHolidayCache
FNF:10
FNH:2
FNDA:2,(anonymous_0)
FNDA:0,(anonymous_1)
FNDA:0,(anonymous_2)
FNDA:0,(anonymous_3)
FNDA:0,(anonymous_4)
FNDA:0,(anonymous_5)
FNDA:0,memoize
FNDA:0,(anonymous_7)
FNDA:0,createDateCache
FNDA:1,createHolidayCache
DA:1,1
DA:2,2
DA:6,2
DA:10,0
DA:11,0
DA:12,0
DA:13,0
DA:15,0
DA:19,0
DA:20,0
DA:21,0
DA:22,0
DA:23,0
DA:24,0
DA:27,0
DA:31,0
DA:35,0
DA:39,0
DA:43,1
DA:47,0
DA:49,0
DA:50,0
DA:52,0
DA:53,0
DA:56,0
DA:57,0
DA:58,0
DA:62,1
DA:63,0
DA:66,1
DA:67,1
LF:31
LH:7
BRDA:5,0,0,0
BRDA:11,1,0,0
BRDA:19,2,0,0
BRDA:19,2,1,0
BRDA:21,3,0,0
BRDA:23,4,0,0
BRDA:50,5,0,0
BRDA:50,5,1,0
BRDA:52,6,0,0
BRF:9
BRH:0
end_of_record
TN:
SF:src\core\utils\validators.ts
FN:1,isValidDate
FN:5,isValidNumber
FN:9,isValidString
FN:13,isValidYear
FN:17,isValidMonth
FN:21,isValidDay
FN:25,isValidWeekday
FN:29,isValidNth
FN:33,validateHolidayRule
FN:115,throwError
FNF:10
FNH:0
FNDA:0,isValidDate
FNDA:0,isValidNumber
FNDA:0,isValidString
FNDA:0,isValidYear
FNDA:0,isValidMonth
FNDA:0,isValidDay
FNDA:0,isValidWeekday
FNDA:0,isValidNth
FNDA:0,validateHolidayRule
FNDA:0,throwError
DA:1,1
DA:2,0
DA:5,1
DA:6,0
DA:9,1
DA:10,0
DA:13,1
DA:14,0
DA:17,1
DA:18,0
DA:21,1
DA:22,0
DA:25,1
DA:26,0
DA:29,1
DA:30,0
DA:33,1
DA:34,0
DA:36,0
DA:37,0
DA:38,0
DA:41,0
DA:42,0
DA:45,0
DA:46,0
DA:47,0
DA:50,0
DA:51,0
DA:52,0
DA:55,0
DA:57,0
DA:58,0
DA:60,0
DA:61,0
DA:63,0
DA:66,0
DA:67,0
DA:69,0
DA:70,0
DA:72,0
DA:73,0
DA:75,0
DA:78,0
DA:79,0
DA:81,0
DA:82,0
DA:84,0
DA:87,0
DA:88,0
DA:89,0
DA:91,0
DA:92,0
DA:94,0
DA:95,0
DA:97,0
DA:100,0
DA:101,0
DA:103,0
DA:106,0
DA:107,0
DA:109,0
DA:112,0
DA:115,1
DA:116,0
DA:117,0
DA:118,0
DA:120,0
LF:67
LH:10
BRDA:2,0,0,0
BRDA:2,0,1,0
BRDA:6,1,0,0
BRDA:6,1,1,0
BRDA:6,1,2,0
BRDA:10,2,0,0
BRDA:10,2,1,0
BRDA:14,3,0,0
BRDA:14,3,1,0
BRDA:14,3,2,0
BRDA:18,4,0,0
BRDA:18,4,1,0
BRDA:18,4,2,0
BRDA:22,5,0,0
BRDA:22,5,1,0
BRDA:22,5,2,0
BRDA:26,6,0,0
BRDA:26,6,1,0
BRDA:26,6,2,0
BRDA:30,7,0,0
BRDA:30,7,1,0
BRDA:30,7,2,0
BRDA:30,7,3,0
BRDA:36,8,0,0
BRDA:36,9,0,0
BRDA:36,9,1,0
BRDA:41,10,0,0
BRDA:46,11,0,0
BRDA:50,12,0,0
BRDA:50,13,0,0
BRDA:50,13,1,0
BRDA:55,14,0,0
BRDA:55,14,1,0
BRDA:55,14,2,0
BRDA:55,14,3,0
BRDA:55,14,4,0
BRDA:55,14,5,0
BRDA:57,15,0,0
BRDA:60,16,0,0
BRDA:66,17,0,0
BRDA:69,18,0,0
BRDA:72,19,0,0
BRDA:78,20,0,0
BRDA:81,21,0,0
BRDA:88,22,0,0
BRDA:91,23,0,0
BRDA:94,24,0,0
BRDA:100,25,0,0
BRDA:106,26,0,0
BRDA:117,27,0,0
BRF:50
BRH:0
end_of_record
TN:
SF:src\plugins\business\fiscal.ts
FN:13,(anonymous_0)
FN:17,(anonymous_1)
FN:41,(anonymous_2)
FN:53,(anonymous_3)
FN:58,(anonymous_4)
FN:68,(anonymous_5)
FN:81,(anonymous_6)
FN:94,(anonymous_7)
FN:104,(anonymous_8)
FN:111,(anonymous_9)
FN:119,(anonymous_10)
FN:130,(anonymous_11)
FN:173,(anonymous_12)
FN:176,(anonymous_13)
FN:182,(anonymous_14)
FN:190,(anonymous_15)
FN:198,(anonymous_16)
FN:204,(anonymous_17)
FN:213,(anonymous_18)
FN:222,(anonymous_19)
FN:229,(anonymous_20)
FN:237,(anonymous_21)
FN:245,(anonymous_22)
FN:254,(anonymous_23)
FN:268,(anonymous_24)
FN:273,(anonymous_25)
FN:277,(anonymous_26)
FN:282,(anonymous_27)
FN:291,(anonymous_28)
FN:301,(anonymous_29)
FNF:30
FNH:1
FNDA:0,(anonymous_0)
FNDA:0,(anonymous_1)
FNDA:0,(anonymous_2)
FNDA:0,(anonymous_3)
FNDA:0,(anonymous_4)
FNDA:0,(anonymous_5)
FNDA:0,(anonymous_6)
FNDA:0,(anonymous_7)
FNDA:0,(anonymous_8)
FNDA:0,(anonymous_9)
FNDA:0,(anonymous_10)
FNDA:0,(anonymous_11)
FNDA:1,(anonymous_12)
FNDA:0,(anonymous_13)
FNDA:0,(anonymous_14)
FNDA:0,(anonymous_15)
FNDA:0,(anonymous_16)
FNDA:0,(anonymous_17)
FNDA:0,(anonymous_18)
FNDA:0,(anonymous_19)
FNDA:0,(anonymous_20)
FNDA:0,(anonymous_21)
FNDA:0,(anonymous_22)
FNDA:0,(anonymous_23)
FNDA:0,(anonymous_24)
FNDA:0,(anonymous_25)
FNDA:0,(anonymous_26)
FNDA:0,(anonymous_27)
FNDA:0,(anonymous_28)
FNDA:0,(anonymous_29)
DA:10,1
DA:14,0
DA:18,0
DA:19,0
DA:22,0
DA:37,0
DA:38,0
DA:42,0
DA:43,0
DA:44,0
DA:46,0
DA:47,0
DA:49,0
DA:54,0
DA:55,0
DA:59,0
DA:60,0
DA:61,0
DA:64,0
DA:65,0
DA:69,0
DA:70,0
DA:73,0
DA:74,0
DA:75,0
DA:78,0
DA:82,0
DA:83,0
DA:85,0
DA:91,0
DA:95,0
DA:96,0
DA:98,0
DA:100,0
DA:101,0
DA:105,0
DA:106,0
DA:108,0
DA:112,0
DA:113,0
DA:115,0
DA:120,0
DA:121,0
DA:123,0
DA:124,0
DA:126,0
DA:131,0
DA:168,1
DA:175,1
DA:177,0
DA:178,0
DA:179,0
DA:183,0
DA:184,0
DA:185,0
DA:186,0
DA:187,0
DA:191,0
DA:192,0
DA:193,0
DA:194,0
DA:195,0
DA:199,0
DA:200,0
DA:201,0
DA:205,0
DA:206,0
DA:207,0
DA:208,0
DA:209,0
DA:210,0
DA:214,0
DA:215,0
DA:216,0
DA:217,0
DA:218,0
DA:219,0
DA:223,0
DA:224,0
DA:225,0
DA:230,0
DA:231,0
DA:232,0
DA:233,0
DA:234,0
DA:238,0
DA:239,0
DA:240,0
DA:241,0
DA:242,0
DA:246,0
DA:247,0
DA:248,0
DA:249,0
DA:250,0
DA:251,0
DA:255,0
DA:256,0
DA:257,0
DA:258,0
DA:259,0
DA:260,0
DA:265,1
DA:269,0
DA:270,0
DA:274,0
DA:278,0
DA:283,0
DA:284,0
DA:286,0
DA:291,0
DA:302,0
DA:303,0
DA:304,0
DA:305,0
DA:307,0
DA:308,0
LF:117
LH:4
BRDA:18,0,0,0
BRDA:38,1,0,0
BRDA:38,1,1,0
BRDA:46,2,0,0
BRDA:46,2,1,0
BRDA:60,3,0,0
BRDA:60,3,1,0
BRDA:61,4,0,0
BRDA:61,4,1,0
BRDA:74,5,0,0
BRDA:85,6,0,0
BRDA:85,6,1,0
BRDA:87,7,0,0
BRDA:87,7,1,0
BRDA:98,8,0,0
BRDA:98,8,1,0
BRDA:98,9,0,0
BRDA:98,9,1,0
BRDA:177,10,0,0
BRDA:177,10,1,0
BRDA:183,11,0,0
BRDA:183,11,1,0
BRDA:191,12,0,0
BRDA:191,12,1,0
BRDA:199,13,0,0
BRDA:199,13,1,0
BRDA:205,14,0,0
BRDA:205,14,1,0
BRDA:214,15,0,0
BRDA:214,15,1,0
BRDA:223,16,0,0
BRDA:223,16,1,0
BRDA:230,17,0,0
BRDA:230,17,1,0
BRDA:238,18,0,0
BRDA:238,18,1,0
BRDA:246,19,0,0
BRDA:246,19,1,0
BRDA:255,20,0,0
BRDA:255,20,1,0
BRDA:270,21,0,0
BRDA:270,21,1,0
BRDA:283,22,0,0
BRDA:283,22,1,0
BRDA:302,23,0,0
BRDA:302,23,1,0
BRDA:309,24,0,0
BRDA:309,24,1,0
BRF:48
BRH:0
end_of_record
TN:
SF:src\plugins\business\workday.ts
FN:36,(anonymous_0)
FN:45,(anonymous_1)
FN:67,(anonymous_2)
FN:78,(anonymous_3)
FN:108,(anonymous_4)
FN:119,(anonymous_5)
FN:130,(anonymous_6)
FN:149,(anonymous_7)
FN:173,(anonymous_8)
FN:180,(anonymous_9)
FN:188,(anonymous_10)
FN:193,(anonymous_11)
FN:211,(anonymous_12)
FN:226,(anonymous_13)
FN:247,(anonymous_14)
FN:261,(anonymous_15)
FN:274,(anonymous_16)
FN:277,(anonymous_17)
FN:289,(anonymous_18)
FN:294,(anonymous_19)
FN:306,(anonymous_20)
FN:318,(anonymous_21)
FN:330,(anonymous_22)
FN:341,(anonymous_23)
FN:352,(anonymous_24)
FN:365,(anonymous_25)
FN:375,(anonymous_26)
FN:379,(anonymous_27)
FN:382,(anonymous_28)
FN:385,(anonymous_29)
FN:390,(anonymous_30)
FN:393,(anonymous_31)
FN:399,(anonymous_32)
FN:405,(anonymous_33)
FNF:34
FNH:2
FNDA:1,(anonymous_0)
FNDA:0,(anonymous_1)
FNDA:0,(anonymous_2)
FNDA:0,(anonymous_3)
FNDA:0,(anonymous_4)
FNDA:0,(anonymous_5)
FNDA:0,(anonymous_6)
FNDA:0,(anonymous_7)
FNDA:0,(anonymous_8)
FNDA:0,(anonymous_9)
FNDA:0,(anonymous_10)
FNDA:0,(anonymous_11)
FNDA:0,(anonymous_12)
FNDA:0,(anonymous_13)
FNDA:0,(anonymous_14)
FNDA:0,(anonymous_15)
FNDA:1,(anonymous_16)
FNDA:0,(anonymous_17)
FNDA:0,(anonymous_18)
FNDA:0,(anonymous_19)
FNDA:0,(anonymous_20)
FNDA:0,(anonymous_21)
FNDA:0,(anonymous_22)
FNDA:0,(anonymous_23)
FNDA:0,(anonymous_24)
FNDA:0,(anonymous_25)
FNDA:0,(anonymous_26)
FNDA:0,(anonymous_27)
FNDA:0,(anonymous_28)
FNDA:0,(anonymous_29)
FNDA:0,(anonymous_30)
FNDA:0,(anonymous_31)
FNDA:0,(anonymous_32)
FNDA:0,(anonymous_33)
DA:24,1
DA:26,1
DA:37,1
DA:46,0
DA:47,0
DA:68,0
DA:69,0
DA:70,0
DA:73,0
DA:74,0
DA:75,0
DA:80,0
DA:81,0
DA:82,0
DA:86,0
DA:87,0
DA:88,0
DA:89,0
DA:90,0
DA:91,0
DA:97,0
DA:98,0
DA:99,0
DA:100,0
DA:105,0
DA:109,0
DA:110,0
DA:112,0
DA:113,0
DA:116,0
DA:120,0
DA:121,0
DA:123,0
DA:124,0
DA:127,0
DA:131,0
DA:133,0
DA:134,0
DA:135,0
DA:136,0
DA:138,0
DA:139,0
DA:141,0
DA:142,0
DA:146,0
DA:150,0
DA:151,0
DA:153,0
DA:154,0
DA:157,0
DA:158,0
DA:159,0
DA:160,0
DA:162,0
DA:163,0
DA:165,0
DA:166,0
DA:170,0
DA:174,0
DA:175,0
DA:177,0
DA:181,0
DA:182,0
DA:184,0
DA:189,0
DA:194,0
DA:195,0
DA:196,0
DA:198,0
DA:200,0
DA:201,0
DA:202,0
DA:204,0
DA:207,0
DA:212,0
DA:213,0
DA:215,0
DA:216,0
DA:217,0
DA:219,0
DA:222,0
DA:227,0
DA:228,0
DA:230,0
DA:231,0
DA:233,0
DA:234,0
DA:235,0
DA:236,0
DA:237,0
DA:240,0
DA:243,0
DA:248,0
DA:249,0
DA:251,0
DA:252,0
DA:253,0
DA:255,0
DA:258,0
DA:262,0
DA:267,1
DA:269,1
DA:276,1
DA:278,0
DA:281,0
DA:282,0
DA:283,0
DA:286,0
DA:290,0
DA:291,0
DA:295,0
DA:297,0
DA:298,0
DA:299,0
DA:302,0
DA:303,0
DA:307,0
DA:309,0
DA:310,0
DA:311,0
DA:314,0
DA:315,0
DA:319,0
DA:321,0
DA:322,0
DA:323,0
DA:326,0
DA:327,0
DA:331,0
DA:333,0
DA:334,0
DA:335,0
DA:338,0
DA:342,0
DA:344,0
DA:345,0
DA:346,0
DA:349,0
DA:353,0
DA:355,0
DA:356,0
DA:357,0
DA:360,0
DA:361,0
DA:366,0
DA:367,0
DA:372,1
DA:376,0
DA:380,0
DA:381,0
DA:382,0
DA:386,0
DA:387,0
DA:388,0
DA:389,0
DA:390,0
DA:394,0
DA:395,0
DA:396,0
DA:400,0
DA:401,0
DA:402,0
DA:406,0
DA:407,0
LF:164
LH:7
BRDA:36,0,0,1
BRDA:69,1,0,0
BRDA:81,2,0,0
BRDA:86,3,0,0
BRDA:86,4,0,0
BRDA:86,4,1,0
BRDA:88,5,0,0
BRDA:90,6,0,0
BRDA:97,7,0,0
BRDA:99,8,0,0
BRDA:131,9,0,0
BRDA:135,10,0,0
BRDA:135,10,1,0
BRDA:141,11,0,0
BRDA:153,12,0,0
BRDA:158,13,0,0
BRDA:158,13,1,0
BRDA:165,14,0,0
BRDA:177,15,0,0
BRDA:177,15,1,0
BRDA:184,16,0,0
BRDA:184,16,1,0
BRDA:201,17,0,0
BRDA:216,18,0,0
BRDA:234,19,0,0
BRDA:236,20,0,0
BRDA:252,21,0,0
BRDA:278,22,0,0
BRDA:278,22,1,0
BRDA:281,23,0,0
BRDA:281,24,0,0
BRDA:281,24,1,0
BRDA:291,25,0,0
BRDA:291,25,1,0
BRDA:295,26,0,0
BRDA:295,26,1,0
BRDA:297,27,0,0
BRDA:297,28,0,0
BRDA:297,28,1,0
BRDA:307,29,0,0
BRDA:307,29,1,0
BRDA:309,30,0,0
BRDA:309,31,0,0
BRDA:309,31,1,0
BRDA:319,32,0,0
BRDA:319,32,1,0
BRDA:321,33,0,0
BRDA:321,34,0,0
BRDA:321,34,1,0
BRDA:331,35,0,0
BRDA:331,35,1,0
BRDA:333,36,0,0
BRDA:333,37,0,0
BRDA:333,37,1,0
BRDA:342,38,0,0
BRDA:342,38,1,0
BRDA:344,39,0,0
BRDA:344,40,0,0
BRDA:344,40,1,0
BRDA:353,41,0,0
BRDA:353,41,1,0
BRDA:355,42,0,0
BRDA:355,43,0,0
BRDA:355,43,1,0
BRDA:365,44,0,0
BRDA:365,45,0,0
BRDA:367,46,0,0
BRDA:367,46,1,0
BRDA:367,46,2,0
BRDA:380,47,0,0
BRDA:380,47,1,0
BRDA:386,48,0,0
BRDA:386,48,1,0
BRDA:394,49,0,0
BRDA:394,49,1,0
BRDA:396,50,0,0
BRDA:396,50,1,0
BRDA:400,51,0,0
BRDA:400,51,1,0
BRDA:402,52,0,0
BRDA:402,52,1,0
BRDA:406,53,0,0
BRDA:406,53,1,0
BRF:83
BRH:1
end_of_record
TN:
SF:src\plugins\calendar\calendar.ts
FN:24,(anonymous_0)
FN:44,(anonymous_1)
FN:53,(anonymous_2)
FN:89,(anonymous_3)
FN:96,(anonymous_4)
FN:105,(anonymous_5)
FN:112,(anonymous_6)
FN:119,(anonymous_7)
FN:126,(anonymous_8)
FN:138,(anonymous_9)
FN:162,(anonymous_10)
FN:165,(anonymous_11)
FN:181,(anonymous_12)
FN:194,(anonymous_13)
FN:207,(anonymous_14)
FN:211,(anonymous_15)
FN:215,(anonymous_16)
FN:228,(anonymous_17)
FN:232,(anonymous_18)
FN:236,(anonymous_19)
FN:240,(anonymous_20)
FN:244,(anonymous_21)
FN:248,(anonymous_22)
FN:255,(anonymous_23)
FN:262,(anonymous_24)
FN:269,(anonymous_25)
FN:276,(anonymous_26)
FN:280,(anonymous_27)
FN:284,(anonymous_28)
FN:289,(anonymous_29)
FN:293,(anonymous_30)
FN:298,(anonymous_31)
FN:305,(anonymous_32)
FN:310,(anonymous_33)
FN:315,(anonymous_34)
FNF:35
FNH:0
FNDA:0,(anonymous_0)
FNDA:0,(anonymous_1)
FNDA:0,(anonymous_2)
FNDA:0,(anonymous_3)
FNDA:0,(anonymous_4)
FNDA:0,(anonymous_5)
FNDA:0,(anonymous_6)
FNDA:0,(anonymous_7)
FNDA:0,(anonymous_8)
FNDA:0,(anonymous_9)
FNDA:0,(anonymous_10)
FNDA:0,(anonymous_11)
FNDA:0,(anonymous_12)
FNDA:0,(anonymous_13)
FNDA:0,(anonymous_14)
FNDA:0,(anonymous_15)
FNDA:0,(anonymous_16)
FNDA:0,(anonymous_17)
FNDA:0,(anonymous_18)
FNDA:0,(anonymous_19)
FNDA:0,(anonymous_20)
FNDA:0,(anonymous_21)
FNDA:0,(anonymous_22)
FNDA:0,(anonymous_23)
FNDA:0,(anonymous_24)
FNDA:0,(anonymous_25)
FNDA:0,(anonymous_26)
FNDA:0,(anonymous_27)
FNDA:0,(anonymous_28)
FNDA:0,(anonymous_29)
FNDA:0,(anonymous_30)
FNDA:0,(anonymous_31)
FNDA:0,(anonymous_32)
FNDA:0,(anonymous_33)
FNDA:0,(anonymous_34)
DA:25,0
DA:26,0
DA:30,0
DA:33,0
DA:36,0
DA:38,0
DA:45,0
DA:46,0
DA:47,0
DA:54,0
DA:55,0
DA:58,0
DA:59,0
DA:62,0
DA:63,0
DA:64,0
DA:66,0
DA:67,0
DA:71,0
DA:74,0
DA:77,0
DA:79,0
DA:80,0
DA:83,0
DA:90,0
DA:97,0
DA:98,0
DA:99,0
DA:106,0
DA:113,0
DA:120,0
DA:127,0
DA:128,0
DA:129,0
DA:130,0
DA:132,0
DA:139,0
DA:141,0
DA:159,0
DA:164,0
DA:166,0
DA:168,0
DA:169,0
DA:172,0
DA:173,0
DA:176,0
DA:177,0
DA:178,0
DA:182,0
DA:184,0
DA:185,0
DA:188,0
DA:189,0
DA:190,0
DA:191,0
DA:195,0
DA:197,0
DA:198,0
DA:201,0
DA:202,0
DA:203,0
DA:204,0
DA:208,0
DA:212,0
DA:216,0
DA:218,0
DA:219,0
DA:222,0
DA:223,0
DA:224,0
DA:225,0
DA:229,0
DA:233,0
DA:237,0
DA:241,0
DA:245,0
DA:249,0
DA:250,0
DA:251,0
DA:256,0
DA:257,0
DA:258,0
DA:263,0
DA:264,0
DA:265,0
DA:266,0
DA:270,0
DA:271,0
DA:272,0
DA:273,0
DA:277,0
DA:281,0
DA:285,0
DA:286,0
DA:290,0
DA:294,0
DA:299,0
DA:300,0
DA:302,0
DA:306,0
DA:311,0
DA:312,0
DA:316,0
DA:317,0
DA:320,0
DA:321,0
DA:324,0
DA:329,0
DA:335,0
DA:336,0
LF:110
LH:0
BRDA:30,0,0,0
BRDA:30,0,1,0
BRDA:46,1,0,0
BRDA:46,1,1,0
BRDA:53,2,0,0
BRDA:66,3,0,0
BRDA:77,4,0,0
BRDA:113,5,0,0
BRDA:113,5,1,0
BRDA:120,6,0,0
BRDA:120,6,1,0
BRDA:120,6,2,0
BRDA:126,7,0,0
BRDA:168,8,0,0
BRDA:172,9,0,0
BRDA:172,10,0,0
BRDA:172,10,1,0
BRDA:184,11,0,0
BRDA:197,12,0,0
BRDA:218,13,0,0
BRDA:262,14,0,0
BRDA:265,15,0,0
BRDA:265,15,1,0
BRDA:269,16,0,0
BRDA:272,17,0,0
BRDA:272,17,1,0
BRDA:286,18,0,0
BRDA:286,18,1,0
BRDA:294,19,0,0
BRDA:294,19,1,0
BRDA:298,20,0,0
BRDA:306,21,0,0
BRDA:306,21,1,0
BRDA:320,22,0,0
BRF:34
BRH:0
end_of_record
TN:
SF:src\plugins\duration\duration.ts
FN:73,(anonymous_0)
FN:85,(anonymous_1)
FN:97,(anonymous_2)
FN:134,(anonymous_3)
FN:149,(anonymous_4)
FN:180,(anonymous_5)
FN:184,(anonymous_6)
FN:188,(anonymous_7)
FN:192,(anonymous_8)
FN:196,(anonymous_9)
FN:200,(anonymous_10)
FN:204,(anonymous_11)
FN:208,(anonymous_12)
FN:213,(anonymous_13)
FN:217,(anonymous_14)
FN:221,(anonymous_15)
FN:225,(anonymous_16)
FN:229,(anonymous_17)
FN:233,(anonymous_18)
FN:237,(anonymous_19)
FN:241,(anonymous_20)
FN:246,(anonymous_21)
FN:251,(anonymous_22)
FN:256,(anonymous_23)
FN:260,(anonymous_24)
FN:264,(anonymous_25)
FN:268,(anonymous_26)
FN:273,(anonymous_27)
FN:277,(anonymous_28)
FN:281,(anonymous_29)
FN:285,(anonymous_30)
FN:289,(anonymous_31)
FN:293,(anonymous_32)
FN:298,(anonymous_33)
FN:302,(anonymous_34)
FN:335,(anonymous_35)
FN:340,(anonymous_36)
FN:379,(anonymous_37)
FN:392,(anonymous_38)
FN:401,(anonymous_39)
FN:405,(anonymous_40)
FN:412,(anonymous_41)
FN:419,(anonymous_42)
FN:426,(anonymous_43)
FN:432,(anonymous_44)
FN:438,(anonymous_45)
FN:443,(anonymous_46)
FN:450,(anonymous_47)
FN:455,(anonymous_48)
FN:460,(anonymous_49)
FN:465,(anonymous_50)
FNF:51
FNH:0
FNDA:0,(anonymous_0)
FNDA:0,(anonymous_1)
FNDA:0,(anonymous_2)
FNDA:0,(anonymous_3)
FNDA:0,(anonymous_4)
FNDA:0,(anonymous_5)
FNDA:0,(anonymous_6)
FNDA:0,(anonymous_7)
FNDA:0,(anonymous_8)
FNDA:0,(anonymous_9)
FNDA:0,(anonymous_10)
FNDA:0,(anonymous_11)
FNDA:0,(anonymous_12)
FNDA:0,(anonymous_13)
FNDA:0,(anonymous_14)
FNDA:0,(anonymous_15)
FNDA:0,(anonymous_16)
FNDA:0,(anonymous_17)
FNDA:0,(anonymous_18)
FNDA:0,(anonymous_19)
FNDA:0,(anonymous_20)
FNDA:0,(anonymous_21)
FNDA:0,(anonymous_22)
FNDA:0,(anonymous_23)
FNDA:0,(anonymous_24)
FNDA:0,(anonymous_25)
FNDA:0,(anonymous_26)
FNDA:0,(anonymous_27)
FNDA:0,(anonymous_28)
FNDA:0,(anonymous_29)
FNDA:0,(anonymous_30)
FNDA:0,(anonymous_31)
FNDA:0,(anonymous_32)
FNDA:0,(anonymous_33)
FNDA:0,(anonymous_34)
FNDA:0,(anonymous_35)
FNDA:0,(anonymous_36)
FNDA:0,(anonymous_37)
FNDA:0,(anonymous_38)
FNDA:0,(anonymous_39)
FNDA:0,(anonymous_40)
FNDA:0,(anonymous_41)
FNDA:0,(anonymous_42)
FNDA:0,(anonymous_43)
FNDA:0,(anonymous_44)
FNDA:0,(anonymous_45)
FNDA:0,(anonymous_46)
FNDA:0,(anonymous_47)
FNDA:0,(anonymous_48)
FNDA:0,(anonymous_49)
FNDA:0,(anonymous_50)
DA:46,0
DA:47,0
DA:48,0
DA:49,0
DA:50,0
DA:51,0
DA:52,0
DA:53,0
DA:54,0
DA:55,0
DA:74,0
DA:75,0
DA:76,0
DA:77,0
DA:78,0
DA:79,0
DA:81,0
DA:86,0
DA:87,0
DA:88,0
DA:89,0
DA:90,0
DA:91,0
DA:92,0
DA:93,0
DA:94,0
DA:99,0
DA:103,0
DA:104,0
DA:105,0
DA:117,0
DA:121,0
DA:122,0
DA:123,0
DA:124,0
DA:125,0
DA:126,0
DA:130,0
DA:131,0
DA:135,0
DA:137,0
DA:138,0
DA:139,0
DA:140,0
DA:141,0
DA:142,0
DA:143,0
DA:144,0
DA:146,0
DA:150,0
DA:176,0
DA:181,0
DA:185,0
DA:189,0
DA:193,0
DA:197,0
DA:201,0
DA:205,0
DA:209,0
DA:214,0
DA:218,0
DA:222,0
DA:226,0
DA:230,0
DA:234,0
DA:238,0
DA:242,0
DA:247,0
DA:248,0
DA:252,0
DA:253,0
DA:257,0
DA:261,0
DA:265,0
DA:269,0
DA:274,0
DA:278,0
DA:282,0
DA:286,0
DA:290,0
DA:294,0
DA:299,0
DA:303,0
DA:304,0
DA:306,0
DA:307,0
DA:310,0
DA:311,0
DA:312,0
DA:313,0
DA:314,0
DA:316,0
DA:318,0
DA:319,0
DA:320,0
DA:322,0
DA:323,0
DA:324,0
DA:325,0
DA:326,0
DA:327,0
DA:328,0
DA:332,0
DA:336,0
DA:341,0
DA:342,0
DA:344,0
DA:355,0
DA:356,0
DA:358,0
DA:359,0
DA:360,0
DA:361,0
DA:362,0
DA:364,0
DA:365,0
DA:370,0
DA:371,0
DA:374,0
DA:375,0
DA:380,0
DA:393,0
DA:397,0
DA:403,0
DA:406,0
DA:407,0
DA:408,0
DA:413,0
DA:414,0
DA:415,0
DA:420,0
DA:421,0
DA:422,0
DA:427,0
DA:428,0
DA:433,0
DA:434,0
DA:439,0
DA:444,0
DA:449,0
DA:451,0
DA:456,0
DA:461,0
DA:466,0
DA:467,0
DA:468,0
DA:469,0
LF:147
LH:0
BRDA:74,0,0,0
BRDA:74,0,1,0
BRDA:77,1,0,0
BRDA:77,1,1,0
BRDA:86,2,0,0
BRDA:86,2,1,0
BRDA:87,3,0,0
BRDA:87,3,1,0
BRDA:88,4,0,0
BRDA:88,4,1,0
BRDA:89,5,0,0
BRDA:89,5,1,0
BRDA:90,6,0,0
BRDA:90,6,1,0
BRDA:91,7,0,0
BRDA:91,7,1,0
BRDA:92,8,0,0
BRDA:92,8,1,0
BRDA:93,9,0,0
BRDA:93,9,1,0
BRDA:103,10,0,0
BRDA:106,11,0,0
BRDA:106,11,1,0
BRDA:107,12,0,0
BRDA:107,12,1,0
BRDA:108,13,0,0
BRDA:108,13,1,0
BRDA:109,14,0,0
BRDA:109,14,1,0
BRDA:110,15,0,0
BRDA:110,15,1,0
BRDA:111,16,0,0
BRDA:111,16,1,0
BRDA:112,17,0,0
BRDA:112,17,1,0
BRDA:121,18,0,0
BRDA:131,19,0,0
BRDA:131,19,1,0
BRDA:137,20,0,0
BRDA:138,21,0,0
BRDA:139,22,0,0
BRDA:140,23,0,0
BRDA:141,24,0,0
BRDA:142,25,0,0
BRDA:143,26,0,0
BRDA:144,27,0,0
BRDA:176,28,0,0
BRDA:176,28,1,0
BRDA:247,29,0,0
BRDA:247,29,1,0
BRDA:252,30,0,0
BRDA:252,30,1,0
BRDA:304,31,0,0
BRDA:304,31,1,0
BRDA:318,32,0,0
BRDA:319,33,0,0
BRDA:320,34,0,0
BRDA:322,35,0,0
BRDA:322,36,0,0
BRDA:322,36,1,0
BRDA:322,36,2,0
BRDA:322,36,3,0
BRDA:324,37,0,0
BRDA:325,38,0,0
BRDA:326,39,0,0
BRDA:326,40,0,0
BRDA:326,40,1,0
BRDA:332,41,0,0
BRDA:332,41,1,0
BRDA:342,42,0,0
BRDA:342,42,1,0
BRDA:359,43,0,0
BRDA:361,44,0,0
BRDA:361,44,1,0
BRDA:364,45,0,0
BRDA:364,46,0,0
BRDA:364,46,1,0
BRDA:370,47,0,0
BRDA:427,48,0,0
BRDA:427,48,1,0
BRDA:433,49,0,0
BRDA:433,49,1,0
BRDA:451,50,0,0
BRDA:451,50,1,0
BRF:84
BRH:0
end_of_record
TN:
SF:src\plugins\format\tokens.ts
FN:113,(anonymous_0)
FN:124,(anonymous_1)
FN:136,(anonymous_2)
FN:154,(anonymous_3)
FN:172,(anonymous_4)
FN:177,(anonymous_5)
FN:182,(anonymous_6)
FN:187,(anonymous_7)
FN:201,(anonymous_8)
FN:208,(anonymous_9)
FN:6,(anonymous_10)
FN:7,(anonymous_11)
FN:8,(anonymous_12)
FN:11,(anonymous_13)
FN:13,(anonymous_14)
FN:15,(anonymous_15)
FN:16,(anonymous_16)
FN:19,(anonymous_17)
FN:20,(anonymous_18)
FN:21,(anonymous_19)
FN:28,(anonymous_20)
FN:30,(anonymous_21)
FN:32,(anonymous_22)
FN:34,(anonymous_23)
FN:37,(anonymous_24)
FN:38,(anonymous_25)
FN:39,(anonymous_26)
FN:44,(anonymous_27)
FN:51,(anonymous_28)
FN:52,(anonymous_29)
FN:55,(anonymous_30)
FN:56,(anonymous_31)
FN:59,(anonymous_32)
FN:60,(anonymous_33)
FN:64,(anonymous_34)
FN:67,(anonymous_35)
FN:71,(anonymous_36)
FN:77,(anonymous_37)
FN:84,(anonymous_38)
FN:93,(anonymous_39)
FN:94,(anonymous_40)
FN:97,(anonymous_41)
FN:98,(anonymous_42)
FN:101,(anonymous_43)
FN:102,(anonymous_44)
FN:105,(anonymous_45)
FN:106,(anonymous_46)
FN:221,(anonymous_47)
FN:226,(anonymous_48)
FN:257,(anonymous_49)
FN:261,(anonymous_50)
FN:265,(anonymous_51)
FN:269,(anonymous_52)
FN:273,(anonymous_53)
FN:277,(anonymous_54)
FN:284,(anonymous_55)
FN:289,(anonymous_56)
FNF:57
FNH:0
FNDA:0,(anonymous_0)
FNDA:0,(anonymous_1)
FNDA:0,(anonymous_2)
FNDA:0,(anonymous_3)
FNDA:0,(anonymous_4)
FNDA:0,(anonymous_5)
FNDA:0,(anonymous_6)
FNDA:0,(anonymous_7)
FNDA:0,(anonymous_8)
FNDA:0,(anonymous_9)
FNDA:0,(anonymous_10)
FNDA:0,(anonymous_11)
FNDA:0,(anonymous_12)
FNDA:0,(anonymous_13)
FNDA:0,(anonymous_14)
FNDA:0,(anonymous_15)
FNDA:0,(anonymous_16)
FNDA:0,(anonymous_17)
FNDA:0,(anonymous_18)
FNDA:0,(anonymous_19)
FNDA:0,(anonymous_20)
FNDA:0,(anonymous_21)
FNDA:0,(anonymous_22)
FNDA:0,(anonymous_23)
FNDA:0,(anonymous_24)
FNDA:0,(anonymous_25)
FNDA:0,(anonymous_26)
FNDA:0,(anonymous_27)
FNDA:0,(anonymous_28)
FNDA:0,(anonymous_29)
FNDA:0,(anonymous_30)
FNDA:0,(anonymous_31)
FNDA:0,(anonymous_32)
FNDA:0,(anonymous_33)
FNDA:0,(anonymous_34)
FNDA:0,(anonymous_35)
FNDA:0,(anonymous_36)
FNDA:0,(anonymous_37)
FNDA:0,(anonymous_38)
FNDA:0,(anonymous_39)
FNDA:0,(anonymous_40)
FNDA:0,(anonymous_41)
FNDA:0,(anonymous_42)
FNDA:0,(anonymous_43)
FNDA:0,(anonymous_44)
FNDA:0,(anonymous_45)
FNDA:0,(anonymous_46)
FNDA:0,(anonymous_47)
FNDA:0,(anonymous_48)
FNDA:0,(anonymous_49)
FNDA:0,(anonymous_50)
FNDA:0,(anonymous_51)
FNDA:0,(anonymous_52)
FNDA:0,(anonymous_53)
FNDA:0,(anonymous_54)
FNDA:0,(anonymous_55)
FNDA:0,(anonymous_56)
DA:3,0
DA:4,0
DA:6,0
DA:7,0
DA:8,0
DA:12,0
DA:14,0
DA:15,0
DA:16,0
DA:19,0
DA:20,0
DA:22,0
DA:23,0
DA:24,0
DA:29,0
DA:31,0
DA:33,0
DA:34,0
DA:37,0
DA:38,0
DA:40,0
DA:41,0
DA:42,0
DA:45,0
DA:46,0
DA:47,0
DA:51,0
DA:52,0
DA:55,0
DA:56,0
DA:59,0
DA:61,0
DA:64,0
DA:68,0
DA:69,0
DA:72,0
DA:73,0
DA:78,0
DA:79,0
DA:80,0
DA:81,0
DA:82,0
DA:85,0
DA:86,0
DA:87,0
DA:88,0
DA:89,0
DA:93,0
DA:94,0
DA:97,0
DA:98,0
DA:101,0
DA:102,0
DA:105,0
DA:107,0
DA:108,0
DA:109,0
DA:114,0
DA:115,0
DA:119,0
DA:120,0
DA:124,0
DA:126,0
DA:128,0
DA:129,0
DA:130,0
DA:133,0
DA:137,0
DA:151,0
DA:155,0
DA:169,0
DA:173,0
DA:174,0
DA:178,0
DA:179,0
DA:183,0
DA:184,0
DA:188,0
DA:189,0
DA:191,0
DA:193,0
DA:195,0
DA:197,0
DA:202,0
DA:203,0
DA:204,0
DA:205,0
DA:209,0
DA:210,0
DA:211,0
DA:212,0
DA:216,0
DA:222,0
DA:225,0
DA:228,0
DA:229,0
DA:233,0
DA:235,0
DA:236,0
DA:237,0
DA:238,0
DA:239,0
DA:240,0
DA:241,0
DA:243,0
DA:252,0
DA:253,0
DA:258,0
DA:262,0
DA:266,0
DA:270,0
DA:274,0
DA:278,0
DA:283,0
DA:285,0
DA:286,0
DA:290,0
LF:117
LH:0
BRDA:114,0,0,0
BRDA:114,1,0,0
BRDA:114,1,1,0
BRDA:119,2,0,0
BRDA:151,3,0,0
BRDA:151,3,1,0
BRDA:169,4,0,0
BRDA:169,4,1,0
BRDA:174,5,0,0
BRDA:174,5,1,0
BRDA:179,6,0,0
BRDA:179,6,1,0
BRDA:184,7,0,0
BRDA:184,7,1,0
BRDA:188,8,0,0
BRDA:188,9,0,0
BRDA:188,9,1,0
BRDA:189,10,0,0
BRDA:189,10,1,0
BRDA:189,10,2,0
BRDA:189,10,3,0
BRDA:12,11,0,0
BRDA:12,11,1,0
BRDA:14,12,0,0
BRDA:14,12,1,0
BRDA:23,13,0,0
BRDA:23,13,1,0
BRDA:29,14,0,0
BRDA:29,14,1,0
BRDA:31,15,0,0
BRDA:31,15,1,0
BRDA:33,16,0,0
BRDA:33,16,1,0
BRDA:41,17,0,0
BRDA:41,17,1,0
BRDA:41,18,0,0
BRDA:41,18,1,0
BRDA:46,19,0,0
BRDA:46,19,1,0
BRDA:46,20,0,0
BRDA:46,20,1,0
BRDA:69,21,0,0
BRDA:69,21,1,0
BRDA:69,22,0,0
BRDA:69,22,1,0
BRDA:73,23,0,0
BRDA:73,23,1,0
BRDA:73,24,0,0
BRDA:73,24,1,0
BRDA:81,25,0,0
BRDA:81,25,1,0
BRDA:88,26,0,0
BRDA:88,26,1,0
BRDA:108,27,0,0
BRDA:108,27,1,0
BRDA:226,28,0,0
BRDA:228,29,0,0
BRDA:233,30,0,0
BRDA:233,31,0,0
BRDA:233,31,1,0
BRDA:252,32,0,0
BRDA:252,32,1,0
BRF:62
BRH:0
end_of_record
TN:
SF:src\plugins\holiday\engine.ts
FN:17,(anonymous_0)
FN:21,(anonymous_1)
FN:25,(anonymous_2)
FN:29,(anonymous_3)
FN:68,(anonymous_4)
FN:99,(anonymous_5)
FN:113,(anonymous_6)
FN:127,(anonymous_7)
FN:132,(anonymous_8)
FN:146,(anonymous_9)
FN:172,(anonymous_10)
FN:193,(anonymous_11)
FN:196,(anonymous_12)
FN:241,(anonymous_13)
FN:259,(anonymous_14)
FN:275,(anonymous_15)
FN:292,(anonymous_16)
FN:300,(anonymous_17)
FN:313,(anonymous_18)
FN:315,(anonymous_19)
FN:320,(anonymous_20)
FN:325,(anonymous_21)
FN:331,(anonymous_22)
FN:338,(anonymous_23)
FN:344,(anonymous_24)
FN:348,(anonymous_25)
FNF:26
FNH:4
FNDA:1,(anonymous_0)
FNDA:1,(anonymous_1)
FNDA:6,(anonymous_2)
FNDA:0,(anonymous_3)
FNDA:0,(anonymous_4)
FNDA:0,(anonymous_5)
FNDA:0,(anonymous_6)
FNDA:0,(anonymous_7)
FNDA:0,(anonymous_8)
FNDA:0,(anonymous_9)
FNDA:0,(anonymous_10)
FNDA:0,(anonymous_11)
FNDA:0,(anonymous_12)
FNDA:0,(anonymous_13)
FNDA:0,(anonymous_14)
FNDA:0,(anonymous_15)
FNDA:0,(anonymous_16)
FNDA:0,(anonymous_17)
FNDA:1,(anonymous_18)
FNDA:0,(anonymous_19)
FNDA:0,(anonymous_20)
FNDA:0,(anonymous_21)
FNDA:0,(anonymous_22)
FNDA:0,(anonymous_23)
FNDA:0,(anonymous_24)
FNDA:0,(anonymous_25)
DA:8,1
DA:9,1
DA:10,1
DA:12,1
DA:13,1
DA:14,1
DA:15,1
DA:18,1
DA:26,6
DA:30,0
DA:31,0
DA:32,0
DA:36,0
DA:37,0
DA:40,0
DA:41,0
DA:42,0
DA:45,0
DA:46,0
DA:47,0
DA:50,0
DA:53,0
DA:54,0
DA:58,0
DA:59,0
DA:63,0
DA:65,0
DA:69,0
DA:71,0
DA:72,0
DA:73,0
DA:75,0
DA:76,0
DA:77,0
DA:80,0
DA:82,0
DA:83,0
DA:85,0
DA:86,0
DA:88,0
DA:89,0
DA:90,0
DA:92,0
DA:96,0
DA:100,0
DA:101,0
DA:103,0
DA:104,0
DA:106,0
DA:107,0
DA:110,0
DA:114,0
DA:116,0
DA:118,0
DA:119,0
DA:121,0
DA:124,0
DA:129,0
DA:133,0
DA:135,0
DA:136,0
DA:137,0
DA:138,0
DA:139,0
DA:143,0
DA:147,0
DA:149,0
DA:150,0
DA:151,0
DA:154,0
DA:156,0
DA:157,0
DA:158,0
DA:169,0
DA:173,0
DA:175,0
DA:176,0
DA:177,0
DA:180,0
DA:182,0
DA:183,0
DA:193,0
DA:197,0
DA:198,0
DA:199,0
DA:203,0
DA:204,0
DA:207,0
DA:208,0
DA:209,0
DA:212,0
DA:213,0
DA:214,0
DA:219,0
DA:220,0
DA:222,0
DA:226,0
DA:227,0
DA:231,0
DA:232,0
DA:236,0
DA:238,0
DA:242,0
DA:243,0
DA:244,0
DA:246,0
DA:247,0
DA:249,0
DA:250,0
DA:251,0
DA:256,0
DA:260,0
DA:263,0
DA:264,0
DA:265,0
DA:266,0
DA:271,0
DA:272,0
DA:276,0
DA:279,0
DA:280,0
DA:281,0
DA:282,0
DA:283,0
DA:288,0
DA:289,0
DA:293,0
DA:301,0
DA:302,0
DA:307,1
DA:309,1
DA:314,1
DA:316,0
DA:317,0
DA:321,0
DA:322,0
DA:326,0
DA:327,0
DA:328,0
DA:332,0
DA:333,0
DA:334,0
DA:339,0
DA:343,1
DA:345,0
DA:349,0
DA:350,0
DA:351,0
LF:148
LH:13
BRDA:31,0,0,0
BRDA:36,1,0,0
BRDA:36,2,0,0
BRDA:36,2,1,0
BRDA:37,3,0,0
BRDA:37,3,1,0
BRDA:40,4,0,0
BRDA:40,4,1,0
BRDA:41,5,0,0
BRDA:46,6,0,0
BRDA:53,7,0,0
BRDA:58,8,0,0
BRDA:58,9,0,0
BRDA:58,9,1,0
BRDA:73,10,0,0
BRDA:73,10,1,0
BRDA:73,10,2,0
BRDA:75,11,0,0
BRDA:80,12,0,0
BRDA:80,12,1,0
BRDA:80,12,2,0
BRDA:80,12,3,0
BRDA:100,13,0,0
BRDA:100,13,1,0
BRDA:101,14,0,0
BRDA:101,14,1,0
BRDA:104,15,0,0
BRDA:104,15,1,0
BRDA:116,16,0,0
BRDA:116,16,1,0
BRDA:119,17,0,0
BRDA:150,18,0,0
BRDA:150,19,0,0
BRDA:150,19,1,0
BRDA:157,20,0,0
BRDA:159,21,0,0
BRDA:159,21,1,0
BRDA:163,22,0,0
BRDA:163,22,1,0
BRDA:176,23,0,0
BRDA:176,24,0,0
BRDA:176,24,1,0
BRDA:184,25,0,0
BRDA:184,25,1,0
BRDA:188,26,0,0
BRDA:188,26,1,0
BRDA:198,27,0,0
BRDA:203,28,0,0
BRDA:203,29,0,0
BRDA:203,29,1,0
BRDA:204,30,0,0
BRDA:204,30,1,0
BRDA:207,31,0,0
BRDA:207,31,1,0
BRDA:208,32,0,0
BRDA:213,33,0,0
BRDA:219,34,0,0
BRDA:219,34,1,0
BRDA:226,35,0,0
BRDA:231,36,0,0
BRDA:231,37,0,0
BRDA:231,37,1,0
BRDA:250,38,0,0
BRDA:250,39,0,0
BRDA:250,39,1,0
BRDA:265,40,0,0
BRDA:272,41,0,0
BRDA:272,41,1,0
BRDA:282,42,0,0
BRDA:289,43,0,0
BRDA:289,43,1,0
BRDA:294,44,0,0
BRDA:294,44,1,0
BRDA:294,44,2,0
BRDA:316,45,0,0
BRDA:316,45,1,0
BRDA:321,46,0,0
BRDA:321,46,1,0
BRDA:326,47,0,0
BRDA:326,47,1,0
BRDA:328,48,0,0
BRDA:328,48,1,0
BRDA:332,49,0,0
BRDA:332,49,1,0
BRDA:334,50,0,0
BRDA:334,50,1,0
BRF:86
BRH:0
end_of_record
TN:
SF:src\plugins\holiday\calculators\custom.ts
FN:5,(anonymous_0)
FN:19,(anonymous_1)
FN:34,(anonymous_2)
FN:43,(anonymous_3)
FN:52,(anonymous_4)
FN:60,(anonymous_5)
FN:68,(anonymous_6)
FN:98,(anonymous_7)
FN:105,(anonymous_8)
FN:113,(anonymous_9)
FN:124,(anonymous_10)
FN:136,(anonymous_11)
FN:143,(anonymous_12)
FN:154,(anonymous_13)
FN:179,(anonymous_14)
FN:194,(anonymous_15)
FNF:16
FNH:1
FNDA:0,(anonymous_0)
FNDA:0,(anonymous_1)
FNDA:0,(anonymous_2)
FNDA:0,(anonymous_3)
FNDA:0,(anonymous_4)
FNDA:0,(anonymous_5)
FNDA:0,(anonymous_6)
FNDA:0,(anonymous_7)
FNDA:0,(anonymous_8)
FNDA:0,(anonymous_9)
FNDA:0,(anonymous_10)
FNDA:0,(anonymous_11)
FNDA:0,(anonymous_12)
FNDA:0,(anonymous_13)
FNDA:0,(anonymous_14)
FNDA:1,(anonymous_15)
DA:4,1
DA:6,0
DA:8,0
DA:9,0
DA:12,0
DA:13,0
DA:16,0
DA:17,0
DA:18,0
DA:19,0
DA:21,0
DA:24,0
DA:32,1
DA:36,0
DA:37,0
DA:38,0
DA:39,0
DA:45,0
DA:46,0
DA:47,0
DA:48,0
DA:53,0
DA:54,0
DA:55,0
DA:56,0
DA:61,0
DA:62,0
DA:63,0
DA:64,0
DA:74,0
DA:75,0
DA:76,0
DA:78,0
DA:79,0
DA:80,0
DA:83,0
DA:85,0
DA:86,0
DA:88,0
DA:89,0
DA:90,0
DA:93,0
DA:100,0
DA:101,0
DA:102,0
DA:106,0
DA:107,0
DA:108,0
DA:109,0
DA:114,0
DA:115,0
DA:117,0
DA:118,0
DA:121,0
DA:125,0
DA:126,0
DA:128,0
DA:129,0
DA:132,0
DA:139,0
DA:144,0
DA:146,0
DA:149,0
DA:155,0
DA:162,0
DA:164,0
DA:165,0
DA:168,0
DA:169,0
DA:170,0
DA:171,0
DA:175,0
DA:182,0
DA:183,0
DA:184,0
DA:185,0
DA:189,1
DA:195,1
DA:196,1
DA:197,1
DA:201,1
LF:81
LH:7
BRDA:8,0,0,0
BRDA:16,1,0,0
BRDA:16,1,1,0
BRDA:18,2,0,0
BRDA:18,2,1,0
BRDA:25,3,0,0
BRDA:25,3,1,0
BRDA:74,4,0,0
BRDA:74,4,1,0
BRDA:79,5,0,0
BRDA:89,6,0,0
BRDA:117,7,0,0
BRDA:117,7,1,0
BRDA:128,8,0,0
BRDA:128,8,1,0
BRDA:144,9,0,0
BRDA:144,9,1,0
BRDA:168,10,0,0
BRDA:196,11,0,1
BRF:19
BRH:1
end_of_record
TN:
SF:src\plugins\holiday\calculators\easter.ts
FN:5,(anonymous_0)
FN:16,(anonymous_1)
FN:42,(anonymous_2)
FN:60,(anonymous_3)
FN:81,(anonymous_4)
FN:97,(anonymous_5)
FN:117,(anonymous_6)
FN:132,(anonymous_7)
FN:140,(anonymous_8)
FN:146,(anonymous_9)
FNF:10
FNH:1
FNDA:0,(anonymous_0)
FNDA:0,(anonymous_1)
FNDA:0,(anonymous_2)
FNDA:0,(anonymous_3)
FNDA:0,(anonymous_4)
FNDA:0,(anonymous_5)
FNDA:0,(anonymous_6)
FNDA:1,(anonymous_7)
FNDA:0,(anonymous_8)
FNDA:0,(anonymous_9)
DA:4,1
DA:6,0
DA:7,0
DA:9,0
DA:10,0
DA:12,0
DA:17,0
DA:19,0
DA:23,0
DA:24,0
DA:25,0
DA:26,0
DA:27,0
DA:28,0
DA:29,0
DA:30,0
DA:31,0
DA:32,0
DA:33,0
DA:34,0
DA:35,0
DA:36,0
DA:38,0
DA:43,0
DA:44,0
DA:45,0
DA:46,0
DA:47,0
DA:48,0
DA:49,0
DA:52,0
DA:53,0
DA:54,0
DA:56,0
DA:61,0
DA:62,0
DA:63,0
DA:65,0
DA:66,0
DA:67,0
DA:69,0
DA:82,0
DA:83,0
DA:84,0
DA:85,0
DA:86,0
DA:87,0
DA:89,0
DA:90,0
DA:91,0
DA:93,0
DA:98,0
DA:99,0
DA:100,0
DA:101,0
DA:102,0
DA:103,0
DA:104,0
DA:107,0
DA:108,0
DA:110,0
DA:111,0
DA:113,0
DA:118,0
DA:120,0
DA:121,0
DA:123,0
DA:127,1
DA:133,1
DA:134,1
DA:135,1
DA:139,1
DA:141,0
DA:142,0
DA:143,0
DA:147,0
DA:148,0
DA:149,0
LF:78
LH:6
BRDA:17,0,0,0
BRDA:118,1,0,0
BRDA:134,2,0,1
BRF:3
BRH:1
end_of_record
TN:
SF:src\plugins\holiday\calculators\fixed.ts
FN:5,(anonymous_0)
FN:26,(anonymous_1)
FNF:2
FNH:1
FNDA:0,(anonymous_0)
FNDA:1,(anonymous_1)
DA:4,1
DA:6,0
DA:9,0
DA:12,0
DA:14,0
DA:17,0
DA:21,1
DA:27,1
DA:28,1
DA:29,1
LF:10
LH:5
BRDA:12,0,0,0
BRDA:12,1,0,0
BRDA:12,1,1,0
BRDA:12,1,2,0
BRDA:28,2,0,1
BRF:5
BRH:1
end_of_record
TN:
SF:src\plugins\holiday\calculators\lunar.ts
FN:9,(anonymous_0)
FN:17,(anonymous_1)
FN:33,(anonymous_2)
FN:53,(anonymous_3)
FN:66,(anonymous_4)
FN:92,(anonymous_5)
FN:100,(anonymous_6)
FN:112,(anonymous_7)
FN:116,(anonymous_8)
FN:132,(anonymous_9)
FN:155,(anonymous_10)
FN:175,(anonymous_11)
FN:190,(anonymous_12)
FN:207,(anonymous_13)
FN:222,(anonymous_14)
FN:239,(anonymous_15)
FN:257,(anonymous_16)
FNF:17
FNH:2
FNDA:1,(anonymous_0)
FNDA:0,(anonymous_1)
FNDA:0,(anonymous_2)
FNDA:0,(anonymous_3)
FNDA:0,(anonymous_4)
FNDA:0,(anonymous_5)
FNDA:0,(anonymous_6)
FNDA:0,(anonymous_7)
FNDA:0,(anonymous_8)
FNDA:0,(anonymous_9)
FNDA:0,(anonymous_10)
FNDA:0,(anonymous_11)
FNDA:0,(anonymous_12)
FNDA:0,(anonymous_13)
FNDA:0,(anonymous_14)
FNDA:0,(anonymous_15)
FNDA:1,(anonymous_16)
DA:9,1
DA:10,1
DA:18,0
DA:20,0
DA:21,0
DA:22,0
DA:27,0
DA:28,0
DA:30,0
DA:36,0
DA:38,0
DA:40,0
DA:42,0
DA:44,0
DA:46,0
DA:56,0
DA:57,0
DA:60,0
DA:62,0
DA:63,0
DA:68,0
DA:69,0
DA:70,0
DA:71,0
DA:73,0
DA:74,0
DA:77,0
DA:78,0
DA:80,0
DA:81,0
DA:82,0
DA:85,0
DA:93,0
DA:94,0
DA:95,0
DA:97,0
DA:102,0
DA:105,0
DA:106,0
DA:109,0
DA:113,0
DA:118,0
DA:119,0
DA:120,0
DA:121,0
DA:122,0
DA:123,0
DA:125,0
DA:126,0
DA:127,0
DA:129,0
DA:133,0
DA:134,0
DA:135,0
DA:137,0
DA:138,0
DA:139,0
DA:141,0
DA:158,0
DA:159,0
DA:162,0
DA:163,0
DA:166,0
DA:167,0
DA:169,0
DA:170,0
DA:172,0
DA:177,0
DA:178,0
DA:180,0
DA:192,0
DA:193,0
DA:196,0
DA:199,0
DA:201,0
DA:202,0
DA:204,0
DA:209,0
DA:210,0
DA:212,0
DA:224,0
DA:225,0
DA:228,0
DA:231,0
DA:233,0
DA:234,0
DA:236,0
DA:241,0
DA:242,0
DA:244,0
DA:252,1
DA:258,1
DA:259,1
DA:260,1
LF:94
LH:6
BRDA:21,0,0,0
BRDA:36,1,0,0
BRDA:36,1,1,0
BRDA:36,1,2,0
BRDA:36,1,3,0
BRDA:36,1,4,0
BRDA:105,2,0,0
BRDA:105,3,0,0
BRDA:105,3,1,0
BRDA:109,4,0,0
BRDA:109,4,1,0
BRDA:259,5,0,1
BRF:12
BRH:1
end_of_record
TN:
SF:src\plugins\holiday\calculators\nth-weekday.ts
FN:9,(anonymous_0)
FN:21,(anonymous_1)
FN:45,(anonymous_2)
FN:74,(anonymous_3)
FN:88,(anonymous_4)
FN:93,(anonymous_5)
FN:117,(anonymous_6)
FNF:7
FNH:1
FNDA:0,(anonymous_0)
FNDA:0,(anonymous_1)
FNDA:0,(anonymous_2)
FNDA:0,(anonymous_3)
FNDA:0,(anonymous_4)
FNDA:0,(anonymous_5)
FNDA:1,(anonymous_6)
DA:8,1
DA:10,0
DA:12,0
DA:14,0
DA:17,0
DA:22,0
DA:23,0
DA:26,0
DA:27,0
DA:28,0
DA:32,0
DA:35,0
DA:36,0
DA:37,0
DA:42,0
DA:52,0
DA:53,0
DA:56,0
DA:57,0
DA:58,0
DA:62,0
DA:65,0
DA:66,0
DA:71,0
DA:75,0
DA:76,0
DA:78,0
DA:80,0
DA:82,0
DA:84,0
DA:89,0
DA:90,0
DA:94,0
DA:108,0
DA:112,1
DA:118,1
DA:119,1
DA:120,1
LF:38
LH:5
BRDA:12,0,0,0
BRDA:12,0,1,0
BRDA:27,1,0,0
BRDA:36,2,0,0
BRDA:57,3,0,0
BRDA:65,4,0,0
BRDA:75,5,0,0
BRDA:75,6,0,0
BRDA:75,6,1,0
BRDA:76,7,0,0
BRDA:76,7,1,0
BRDA:76,7,2,0
BRDA:76,7,3,0
BRDA:90,8,0,0
BRDA:90,8,1,0
BRDA:108,9,0,0
BRDA:108,9,1,0
BRDA:119,10,0,1
BRF:18
BRH:1
end_of_record
TN:
SF:src\plugins\holiday\calculators\relative.ts
FN:4,(anonymous_0)
FN:8,(anonymous_1)
FN:36,(anonymous_2)
FN:38,(anonymous_3)
FN:42,(anonymous_4)
FN:47,(anonymous_5)
FN:53,(anonymous_6)
FN:76,(anonymous_7)
FN:91,(anonymous_8)
FN:103,(anonymous_9)
FN:113,(anonymous_10)
FN:123,(anonymous_11)
FN:137,(anonymous_12)
FN:156,(anonymous_13)
FN:176,(anonymous_14)
FN:186,(anonymous_15)
FNF:16
FNH:2
FNDA:1,(anonymous_0)
FNDA:0,(anonymous_1)
FNDA:0,(anonymous_2)
FNDA:0,(anonymous_3)
FNDA:0,(anonymous_4)
FNDA:0,(anonymous_5)
FNDA:0,(anonymous_6)
FNDA:0,(anonymous_7)
FNDA:0,(anonymous_8)
FNDA:0,(anonymous_9)
FNDA:0,(anonymous_10)
FNDA:0,(anonymous_11)
FNDA:0,(anonymous_12)
FNDA:0,(anonymous_13)
FNDA:0,(anonymous_14)
FNDA:1,(anonymous_15)
DA:4,1
DA:5,1
DA:6,1
DA:9,0
DA:12,0
DA:13,0
DA:17,0
DA:18,0
DA:19,0
DA:23,0
DA:26,0
DA:27,0
DA:28,0
DA:29,0
DA:30,0
DA:33,0
DA:38,0
DA:40,0
DA:42,0
DA:45,0
DA:47,0
DA:50,0
DA:55,0
DA:56,0
DA:62,0
DA:63,0
DA:64,0
DA:68,0
DA:71,0
DA:73,0
DA:79,0
DA:81,0
DA:83,0
DA:85,0
DA:87,0
DA:92,0
DA:93,0
DA:96,0
DA:97,0
DA:100,0
DA:104,0
DA:106,0
DA:107,0
DA:109,0
DA:114,0
DA:115,0
DA:117,0
DA:118,0
DA:120,0
DA:124,0
DA:125,0
DA:127,0
DA:128,0
DA:129,0
DA:132,0
DA:134,0
DA:143,0
DA:144,0
DA:146,0
DA:147,0
DA:148,0
DA:151,0
DA:153,0
DA:158,0
DA:159,0
DA:160,0
DA:161,0
DA:162,0
DA:163,0
DA:164,0
DA:165,0
DA:166,0
DA:167,0
DA:168,0
DA:169,0
DA:170,0
DA:171,0
DA:173,0
DA:177,0
DA:181,1
DA:187,1
DA:188,1
DA:189,1
LF:83
LH:7
BRDA:12,0,0,0
BRDA:18,1,0,0
BRDA:40,2,0,0
BRDA:45,3,0,0
BRDA:50,4,0,0
BRDA:50,4,1,0
BRDA:55,5,0,0
BRDA:63,6,0,0
BRDA:79,7,0,0
BRDA:79,7,1,0
BRDA:79,7,2,0
BRDA:79,7,3,0
BRDA:96,8,0,0
BRDA:96,9,0,0
BRDA:96,9,1,0
BRDA:96,9,2,0
BRDA:106,10,0,0
BRDA:106,10,1,0
BRDA:128,11,0,0
BRDA:147,12,0,0
BRDA:188,13,0,1
BRF:21
BRH:1
end_of_record
TN:
SF:src\plugins\locale\de-DE\holidays.ts
FN:273,(anonymous_0)
FNF:1
FNH:0
FNDA:0,(anonymous_0)
DA:3,1
DA:76,1
DA:275,0
DA:276,0
DA:277,0
DA:278,0
DA:324,1
DA:327,1
DA:330,1
LF:9
LH:5
BRF:0
BRH:0
end_of_record
TN:
SF:src\plugins\locale\de-DE\index.ts
FN:40,(anonymous_0)
FN:43,(anonymous_1)
FN:55,(anonymous_2)
FN:71,(anonymous_3)
FN:82,(anonymous_4)
FN:86,(anonymous_5)
FN:90,(anonymous_6)
FN:94,(anonymous_7)
FN:99,(anonymous_8)
FN:104,(anonymous_9)
FN:110,(anonymous_10)
FN:117,(anonymous_11)
FN:125,(anonymous_12)
FN:126,(anonymous_13)
FN:132,(anonymous_14)
FN:140,(anonymous_15)
FN:143,(anonymous_16)
FN:145,(anonymous_17)
FN:153,(anonymous_18)
FN:161,(anonymous_19)
FN:169,(anonymous_20)
FN:172,(anonymous_21)
FNF:22
FNH:1
FNDA:0,(anonymous_0)
FNDA:0,(anonymous_1)
FNDA:1,(anonymous_2)
FNDA:0,(anonymous_3)
FNDA:0,(anonymous_4)
FNDA:0,(anonymous_5)
FNDA:0,(anonymous_6)
FNDA:0,(anonymous_7)
FNDA:0,(anonymous_8)
FNDA:0,(anonymous_9)
FNDA:0,(anonymous_10)
FNDA:0,(anonymous_11)
FNDA:0,(anonymous_12)
FNDA:0,(anonymous_13)
FNDA:0,(anonymous_14)
FNDA:0,(anonymous_15)
FNDA:0,(anonymous_16)
FNDA:0,(anonymous_17)
FNDA:0,(anonymous_18)
FNDA:0,(anonymous_19)
FNDA:0,(anonymous_20)
FNDA:0,(anonymous_21)
DA:2,1
DA:9,1
DA:11,1
DA:41,0
DA:45,0
DA:49,1
DA:57,1
DA:66,1
DA:67,1
DA:70,1
DA:72,0
DA:73,0
DA:74,0
DA:75,0
DA:76,0
DA:79,0
DA:83,0
DA:87,0
DA:91,0
DA:95,0
DA:100,0
DA:101,0
DA:105,0
DA:106,0
DA:107,0
DA:111,0
DA:112,0
DA:113,0
DA:118,0
DA:119,0
DA:124,1
DA:126,0
DA:127,0
DA:129,0
DA:130,0
DA:131,0
DA:132,0
DA:140,0
DA:145,0
DA:146,0
DA:147,0
DA:148,0
DA:150,0
DA:154,0
DA:155,0
DA:157,0
DA:158,0
DA:159,0
DA:160,0
DA:161,0
DA:169,0
DA:173,0
LF:52
LH:9
BRDA:66,0,0,1
BRDA:66,0,1,0
BRDA:72,1,0,0
BRDA:75,2,0,0
BRDA:87,3,0,0
BRDA:87,3,1,0
BRDA:101,4,0,0
BRDA:101,4,1,0
BRDA:107,5,0,0
BRDA:107,5,1,0
BRDA:113,6,0,0
BRDA:113,6,1,0
BRDA:118,7,0,0
BRDA:118,7,1,0
BRDA:146,8,0,0
BRDA:148,9,0,0
BRDA:148,9,1,0
BRDA:155,10,0,0
BRF:18
BRH:1
end_of_record
TN:
SF:src\plugins\locale\en-US\holidays.ts
FN:222,(anonymous_0)
FNF:1
FNH:1
FNDA:17,(anonymous_0)
DA:3,1
DA:141,1
DA:222,1
DA:223,17
DA:239,1
LF:5
LH:5
BRF:0
BRH:0
end_of_record
TN:
SF:src\plugins\locale\en-US\index.ts
FN:34,(anonymous_0)
FN:47,(anonymous_1)
FN:59,(anonymous_2)
FN:74,(anonymous_3)
FN:85,(anonymous_4)
FN:89,(anonymous_5)
FN:93,(anonymous_6)
FN:100,(anonymous_7)
FN:113,(anonymous_8)
FNF:9
FNH:2
FNDA:0,(anonymous_0)
FNDA:0,(anonymous_1)
FNDA:1,(anonymous_2)
FNDA:0,(anonymous_3)
FNDA:0,(anonymous_4)
FNDA:0,(anonymous_5)
FNDA:0,(anonymous_6)
FNDA:1,(anonymous_7)
FNDA:0,(anonymous_8)
DA:2,1
DA:3,1
DA:5,1
DA:35,0
DA:36,0
DA:38,0
DA:40,0
DA:42,0
DA:44,0
DA:48,0
DA:49,0
DA:53,1
DA:61,1
DA:69,1
DA:70,1
DA:73,1
DA:75,0
DA:76,0
DA:77,0
DA:78,0
DA:79,0
DA:82,0
DA:86,0
DA:90,0
DA:94,0
DA:99,1
DA:101,1
DA:102,0
DA:105,1
DA:106,1
DA:107,1
DA:110,0
DA:114,0
DA:119,1
LF:34
LH:14
BRDA:35,0,0,0
BRDA:35,1,0,0
BRDA:35,1,1,0
BRDA:36,2,0,0
BRDA:36,2,1,0
BRDA:36,2,2,0
BRDA:36,2,3,0
BRDA:48,3,0,0
BRDA:48,3,1,0
BRDA:49,4,0,0
BRDA:49,4,1,0
BRDA:69,5,0,1
BRDA:69,5,1,1
BRDA:75,6,0,0
BRDA:78,7,0,0
BRDA:90,8,0,0
BRDA:90,8,1,0
BRDA:101,9,0,0
BRDA:105,10,0,1
BRDA:114,11,0,0
BRDA:114,11,1,0
BRF:21
BRH:3
end_of_record
TN:
SF:src\plugins\locale\ja-JP\holidays.ts
FN:34,(anonymous_0)
FN:86,(anonymous_1)
FN:116,(anonymous_2)
FN:227,(anonymous_3)
FN:238,(anonymous_4)
FN:245,(anonymous_5)
FN:250,(anonymous_6)
FN:251,(anonymous_7)
FNF:8
FNH:5
FNDA:0,(anonymous_0)
FNDA:0,(anonymous_1)
FNDA:0,(anonymous_2)
FNDA:17,(anonymous_3)
FNDA:17,(anonymous_4)
FNDA:17,(anonymous_5)
FNDA:17,(anonymous_6)
FNDA:4,(anonymous_7)
DA:2,1
DA:4,1
DA:35,0
DA:87,0
DA:117,0
DA:124,1
DA:156,1
DA:227,1
DA:228,17
DA:238,17
DA:241,1
DA:244,1
DA:245,17
DA:249,1
DA:250,17
DA:251,4
DA:255,1
LF:17
LH:14
BRDA:245,0,0,17
BRDA:245,0,1,17
BRF:2
BRH:2
end_of_record
TN:
SF:src\plugins\locale\ja-JP\index.ts
FN:44,(anonymous_0)
FN:47,(anonymous_1)
FN:59,(anonymous_2)
FN:78,(anonymous_3)
FN:101,(anonymous_4)
FN:105,(anonymous_5)
FN:109,(anonymous_6)
FN:113,(anonymous_7)
FN:118,(anonymous_8)
FN:123,(anonymous_9)
FN:128,(anonymous_10)
FN:136,(anonymous_11)
FN:142,(anonymous_12)
FN:153,(anonymous_13)
FN:164,(anonymous_14)
FN:176,(anonymous_15)
FN:182,(anonymous_16)
FN:190,(anonymous_17)
FN:193,(anonymous_18)
FN:194,(anonymous_19)
FN:202,(anonymous_20)
FN:210,(anonymous_21)
FN:213,(anonymous_22)
FN:214,(anonymous_23)
FN:217,(anonymous_24)
FN:223,(anonymous_25)
FN:227,(anonymous_26)
FN:231,(anonymous_27)
FN:236,(anonymous_28)
FN:246,(anonymous_29)
FNF:30
FNH:1
FNDA:0,(anonymous_0)
FNDA:0,(anonymous_1)
FNDA:1,(anonymous_2)
FNDA:0,(anonymous_3)
FNDA:0,(anonymous_4)
FNDA:0,(anonymous_5)
FNDA:0,(anonymous_6)
FNDA:0,(anonymous_7)
FNDA:0,(anonymous_8)
FNDA:0,(anonymous_9)
FNDA:0,(anonymous_10)
FNDA:0,(anonymous_11)
FNDA:0,(anonymous_12)
FNDA:0,(anonymous_13)
FNDA:0,(anonymous_14)
FNDA:0,(anonymous_15)
FNDA:0,(anonymous_16)
FNDA:0,(anonymous_17)
FNDA:0,(anonymous_18)
FNDA:0,(anonymous_19)
FNDA:0,(anonymous_20)
FNDA:0,(anonymous_21)
FNDA:0,(anonymous_22)
FNDA:0,(anonymous_23)
FNDA:0,(anonymous_24)
FNDA:0,(anonymous_25)
FNDA:0,(anonymous_26)
FNDA:0,(anonymous_27)
FNDA:0,(anonymous_28)
FNDA:0,(anonymous_29)
DA:2,1
DA:13,1
DA:15,1
DA:45,0
DA:48,0
DA:49,0
DA:53,1
DA:61,1
DA:73,1
DA:74,1
DA:77,1
DA:81,0
DA:83,0
DA:85,0
DA:87,0
DA:89,0
DA:91,0
DA:93,0
DA:95,0
DA:97,0
DA:102,0
DA:106,0
DA:110,0
DA:114,0
DA:115,0
DA:119,0
DA:120,0
DA:124,0
DA:125,0
DA:129,0
DA:130,0
DA:137,0
DA:138,0
DA:143,0
DA:144,0
DA:145,0
DA:146,0
DA:147,0
DA:148,0
DA:149,0
DA:154,0
DA:155,0
DA:156,0
DA:157,0
DA:158,0
DA:159,0
DA:160,0
DA:165,0
DA:166,0
DA:167,0
DA:168,0
DA:170,0
DA:175,1
DA:177,0
DA:179,0
DA:180,0
DA:181,0
DA:182,0
DA:190,0
DA:194,0
DA:195,0
DA:198,0
DA:199,0
DA:200,0
DA:201,0
DA:202,0
DA:210,0
DA:214,0
DA:215,0
DA:216,0
DA:217,0
DA:219,0
DA:224,0
DA:228,0
DA:232,0
DA:237,0
DA:238,0
DA:239,0
DA:240,0
DA:241,0
DA:242,0
DA:247,0
DA:249,0
DA:251,0
DA:253,0
DA:255,0
LF:86
LH:9
BRDA:48,0,0,0
BRDA:48,0,1,0
BRDA:73,1,0,1
BRDA:73,1,1,0
BRDA:81,2,0,0
BRDA:81,2,1,0
BRDA:81,2,2,0
BRDA:81,2,3,0
BRDA:81,2,4,0
BRDA:81,2,5,0
BRDA:81,2,6,0
BRDA:81,2,7,0
BRDA:130,3,0,0
BRDA:130,3,1,0
BRDA:137,4,0,0
BRDA:137,4,1,0
BRDA:144,5,0,0
BRDA:145,6,0,0
BRDA:146,7,0,0
BRDA:147,8,0,0
BRDA:148,9,0,0
BRDA:155,10,0,0
BRDA:156,11,0,0
BRDA:157,12,0,0
BRDA:158,13,0,0
BRDA:159,14,0,0
BRDA:215,15,0,0
BRDA:228,16,0,0
BRDA:228,16,1,0
BRDA:232,17,0,0
BRDA:232,17,1,0
BRDA:237,18,0,0
BRDA:238,19,0,0
BRDA:239,20,0,0
BRDA:240,21,0,0
BRDA:241,22,0,0
BRDA:247,23,0,0
BRDA:247,23,1,0
BRDA:247,23,2,0
BRDA:247,23,3,0
BRF:40
BRH:1
end_of_record
TN:
SF:src\plugins\locale\tr-TR\holidays.ts
FN:54,(anonymous_0)
FN:80,(anonymous_1)
FN:118,(anonymous_2)
FN:231,(anonymous_3)
FNF:4
FNH:1
FNDA:0,(anonymous_0)
FNDA:0,(anonymous_1)
FNDA:0,(anonymous_2)
FNDA:15,(anonymous_3)
DA:3,1
DA:56,0
DA:62,0
DA:63,0
DA:66,0
DA:82,0
DA:88,0
DA:89,0
DA:92,0
DA:121,0
DA:124,0
DA:125,0
DA:126,0
DA:129,0
DA:176,1
DA:210,1
DA:228,1
DA:231,1
DA:232,15
LF:19
LH:6
BRDA:62,0,0,0
BRDA:62,0,1,0
BRDA:88,1,0,0
BRDA:88,1,1,0
BRF:4
BRH:0
end_of_record
TN:
SF:src\plugins\locale\tr-TR\index.ts
FN:40,(anonymous_0)
FN:85,(anonymous_1)
FN:97,(anonymous_2)
FN:113,(anonymous_3)
FN:118,(anonymous_4)
FN:128,(anonymous_5)
FN:132,(anonymous_6)
FN:133,(anonymous_7)
FN:136,(anonymous_8)
FN:140,(anonymous_9)
FN:145,(anonymous_10)
FN:151,(anonymous_11)
FN:159,(anonymous_12)
FN:160,(anonymous_13)
FN:163,(anonymous_14)
FN:168,(anonymous_15)
FN:169,(anonymous_16)
FN:172,(anonymous_17)
FN:177,(anonymous_18)
FN:179,(anonymous_19)
FN:186,(anonymous_20)
FN:193,(anonymous_21)
FNF:22
FNH:1
FNDA:0,(anonymous_0)
FNDA:0,(anonymous_1)
FNDA:1,(anonymous_2)
FNDA:0,(anonymous_3)
FNDA:0,(anonymous_4)
FNDA:0,(anonymous_5)
FNDA:0,(anonymous_6)
FNDA:0,(anonymous_7)
FNDA:0,(anonymous_8)
FNDA:0,(anonymous_9)
FNDA:0,(anonymous_10)
FNDA:0,(anonymous_11)
FNDA:0,(anonymous_12)
FNDA:0,(anonymous_13)
FNDA:0,(anonymous_14)
FNDA:0,(anonymous_15)
FNDA:0,(anonymous_16)
FNDA:0,(anonymous_17)
FNDA:0,(anonymous_18)
FNDA:0,(anonymous_19)
FNDA:0,(anonymous_20)
FNDA:0,(anonymous_21)
DA:2,1
DA:9,1
DA:11,1
DA:42,0
DA:43,0
DA:44,0
DA:45,0
DA:46,0
DA:47,0
DA:48,0
DA:49,0
DA:50,0
DA:51,0
DA:53,0
DA:54,0
DA:56,0
DA:57,0
DA:60,0
DA:62,0
DA:64,0
DA:66,0
DA:68,0
DA:70,0
DA:72,0
DA:74,0
DA:76,0
DA:78,0
DA:80,0
DA:82,0
DA:87,0
DA:91,1
DA:99,1
DA:108,1
DA:109,1
DA:112,1
DA:114,0
DA:116,0
DA:118,0
DA:120,0
DA:122,0
DA:124,0
DA:129,0
DA:133,0
DA:137,0
DA:141,0
DA:142,0
DA:146,0
DA:147,0
DA:152,0
DA:153,0
DA:158,1
DA:160,0
DA:161,0
DA:162,0
DA:163,0
DA:165,0
DA:169,0
DA:170,0
DA:171,0
DA:172,0
DA:174,0
DA:178,0
DA:179,0
DA:182,0
DA:183,0
DA:184,0
DA:185,0
DA:186,0
DA:193,0
LF:69
LH:9
BRDA:42,0,0,0
BRDA:43,1,0,0
BRDA:44,2,0,0
BRDA:45,3,0,0
BRDA:46,4,0,0
BRDA:47,5,0,0
BRDA:48,6,0,0
BRDA:49,7,0,0
BRDA:50,8,0,0
BRDA:51,9,0,0
BRDA:56,10,0,0
BRDA:56,11,0,0
BRDA:56,11,1,0
BRDA:60,12,0,0
BRDA:60,12,1,0
BRDA:60,12,2,0
BRDA:60,12,3,0
BRDA:60,12,4,0
BRDA:60,12,5,0
BRDA:60,12,6,0
BRDA:60,12,7,0
BRDA:60,12,8,0
BRDA:60,12,9,0
BRDA:60,12,10,0
BRDA:108,13,0,1
BRDA:108,13,1,0
BRDA:114,14,0,0
BRDA:114,14,1,0
BRDA:114,14,2,0
BRDA:114,14,3,0
BRDA:114,14,4,0
BRDA:118,15,0,0
BRDA:118,15,1,0
BRDA:133,16,0,0
BRDA:133,16,1,0
BRDA:142,17,0,0
BRDA:142,17,1,0
BRDA:142,18,0,0
BRDA:142,18,1,0
BRDA:152,19,0,0
BRDA:152,19,1,0
BRDA:161,20,0,0
BRDA:170,21,0,0
BRDA:179,22,0,0
BRDA:179,22,1,0
BRF:45
BRH:1
end_of_record
TN:
SF:src\plugins\parse\flexible.ts
FN:229,(anonymous_0)
FN:264,(anonymous_1)
FN:308,(anonymous_2)
FN:9,(anonymous_3)
FN:13,(anonymous_4)
FN:17,(anonymous_5)
FN:23,(anonymous_6)
FN:30,(anonymous_7)
FN:37,(anonymous_8)
FN:42,(anonymous_9)
FN:49,(anonymous_10)
FN:53,(anonymous_11)
FN:57,(anonymous_12)
FN:61,(anonymous_13)
FN:67,(anonymous_14)
FN:71,(anonymous_15)
FN:75,(anonymous_16)
FN:79,(anonymous_17)
FN:82,(anonymous_18)
FN:90,(anonymous_19)
FN:96,(anonymous_20)
FN:101,(anonymous_21)
FN:105,(anonymous_22)
FN:109,(anonymous_23)
FN:113,(anonymous_24)
FN:117,(anonymous_25)
FN:121,(anonymous_26)
FN:129,(anonymous_27)
FN:139,(anonymous_28)
FN:143,(anonymous_29)
FN:147,(anonymous_30)
FN:151,(anonymous_31)
FN:155,(anonymous_32)
FN:159,(anonymous_33)
FN:167,(anonymous_34)
FN:177,(anonymous_35)
FN:198,(anonymous_36)
FN:220,(anonymous_37)
FN:224,(anonymous_38)
FN:337,(anonymous_39)
FN:339,(anonymous_40)
FN:347,(anonymous_41)
FN:352,(anonymous_42)
FN:353,(anonymous_43)
FN:358,(anonymous_44)
FN:365,(anonymous_45)
FN:366,(anonymous_46)
FNF:47
FNH:0
FNDA:0,(anonymous_0)
FNDA:0,(anonymous_1)
FNDA:0,(anonymous_2)
FNDA:0,(anonymous_3)
FNDA:0,(anonymous_4)
FNDA:0,(anonymous_5)
FNDA:0,(anonymous_6)
FNDA:0,(anonymous_7)
FNDA:0,(anonymous_8)
FNDA:0,(anonymous_9)
FNDA:0,(anonymous_10)
FNDA:0,(anonymous_11)
FNDA:0,(anonymous_12)
FNDA:0,(anonymous_13)
FNDA:0,(anonymous_14)
FNDA:0,(anonymous_15)
FNDA:0,(anonymous_16)
FNDA:0,(anonymous_17)
FNDA:0,(anonymous_18)
FNDA:0,(anonymous_19)
FNDA:0,(anonymous_20)
FNDA:0,(anonymous_21)
FNDA:0,(anonymous_22)
FNDA:0,(anonymous_23)
FNDA:0,(anonymous_24)
FNDA:0,(anonymous_25)
FNDA:0,(anonymous_26)
FNDA:0,(anonymous_27)
FNDA:0,(anonymous_28)
FNDA:0,(anonymous_29)
FNDA:0,(anonymous_30)
FNDA:0,(anonymous_31)
FNDA:0,(anonymous_32)
FNDA:0,(anonymous_33)
FNDA:0,(anonymous_34)
FNDA:0,(anonymous_35)
FNDA:0,(anonymous_36)
FNDA:0,(anonymous_37)
FNDA:0,(anonymous_38)
FNDA:0,(anonymous_39)
FNDA:0,(anonymous_40)
FNDA:0,(anonymous_41)
FNDA:0,(anonymous_42)
FNDA:0,(anonymous_43)
FNDA:0,(anonymous_44)
FNDA:0,(anonymous_45)
FNDA:0,(anonymous_46)
DA:3,0
DA:5,0
DA:9,0
DA:13,0
DA:17,0
DA:23,0
DA:30,0
DA:37,0
DA:42,0
DA:49,0
DA:53,0
DA:57,0
DA:61,0
DA:67,0
DA:71,0
DA:75,0
DA:79,0
DA:83,0
DA:84,0
DA:85,0
DA:91,0
DA:92,0
DA:93,0
DA:96,0
DA:101,0
DA:105,0
DA:109,0
DA:113,0
DA:117,0
DA:122,0
DA:123,0
DA:124,0
DA:130,0
DA:131,0
DA:132,0
DA:139,0
DA:143,0
DA:147,0
DA:151,0
DA:155,0
DA:160,0
DA:161,0
DA:162,0
DA:168,0
DA:169,0
DA:170,0
DA:178,0
DA:192,0
DA:199,0
DA:213,0
DA:220,0
DA:225,0
DA:230,0
DA:231,0
DA:234,0
DA:237,0
DA:239,0
DA:240,0
DA:242,0
DA:243,0
DA:246,0
DA:247,0
DA:248,0
DA:249,0
DA:252,0
DA:253,0
DA:254,0
DA:255,0
DA:258,0
DA:259,0
DA:263,0
DA:264,0
DA:267,0
DA:269,0
DA:274,0
DA:275,0
DA:276,0
DA:278,0
DA:279,0
DA:283,0
DA:287,0
DA:293,0
DA:295,0
DA:297,0
DA:298,0
DA:299,0
DA:304,0
DA:309,0
DA:310,0
DA:313,0
DA:315,0
DA:316,0
DA:318,0
DA:319,0
DA:320,0
DA:321,0
DA:322,0
DA:323,0
DA:327,0
DA:331,0
DA:333,0
DA:339,0
DA:343,0
DA:344,0
DA:347,0
DA:348,0
DA:352,0
DA:353,0
DA:354,0
DA:355,0
DA:356,0
DA:358,0
DA:359,0
DA:360,0
DA:361,0
DA:365,0
DA:366,0
DA:367,0
DA:369,0
DA:370,0
DA:371,0
DA:375,0
LF:122
LH:0
BRDA:230,0,0,0
BRDA:230,1,0,0
BRDA:230,1,1,0
BRDA:239,2,0,0
BRDA:239,3,0,0
BRDA:239,3,1,0
BRDA:242,4,0,0
BRDA:242,5,0,0
BRDA:242,5,1,0
BRDA:247,6,0,0
BRDA:252,7,0,0
BRDA:258,8,0,0
BRDA:258,9,0,0
BRDA:258,9,1,0
BRDA:263,10,0,0
BRDA:263,11,0,0
BRDA:263,11,1,0
BRDA:267,12,0,0
BRDA:267,13,0,0
BRDA:267,13,1,0
BRDA:267,13,2,0
BRDA:267,13,3,0
BRDA:274,14,0,0
BRDA:275,15,0,0
BRDA:275,16,0,0
BRDA:275,16,1,0
BRDA:278,17,0,0
BRDA:278,18,0,0
BRDA:278,18,1,0
BRDA:293,19,0,0
BRDA:295,20,0,0
BRDA:295,21,0,0
BRDA:295,21,1,0
BRDA:298,22,0,0
BRDA:298,23,0,0
BRDA:298,23,1,0
BRDA:298,23,2,0
BRDA:309,24,0,0
BRDA:309,25,0,0
BRDA:309,25,1,0
BRDA:316,26,0,0
BRDA:319,27,0,0
BRDA:320,28,0,0
BRDA:320,29,0,0
BRDA:320,29,1,0
BRDA:321,30,0,0
BRDA:322,31,0,0
BRDA:344,32,0,0
BRDA:344,32,1,0
BRDA:365,33,0,0
BRDA:365,33,1,0
BRDA:367,34,0,0
BRDA:370,35,0,0
BRF:53
BRH:0
end_of_record
TN:
SF:src\plugins\parse\iso.ts
FN:9,(anonymous_0)
FN:31,(anonymous_1)
FN:64,(anonymous_2)
FN:71,(anonymous_3)
FN:89,(anonymous_4)
FN:99,(anonymous_5)
FN:104,(anonymous_6)
FN:109,(anonymous_7)
FN:116,(anonymous_8)
FNF:9
FNH:0
FNDA:0,(anonymous_0)
FNDA:0,(anonymous_1)
FNDA:0,(anonymous_2)
FNDA:0,(anonymous_3)
FNDA:0,(anonymous_4)
FNDA:0,(anonymous_5)
FNDA:0,(anonymous_6)
FNDA:0,(anonymous_7)
FNDA:0,(anonymous_8)
DA:3,0
DA:4,0
DA:6,0
DA:10,0
DA:11,0
DA:14,0
DA:17,0
DA:18,0
DA:19,0
DA:23,0
DA:24,0
DA:25,0
DA:28,0
DA:43,0
DA:45,0
DA:56,0
DA:57,0
DA:58,0
DA:61,0
DA:65,0
DA:67,0
DA:72,0
DA:73,0
DA:74,0
DA:76,0
DA:77,0
DA:80,0
DA:81,0
DA:82,0
DA:83,0
DA:85,0
DA:90,0
DA:94,0
DA:100,0
DA:103,0
DA:105,0
DA:106,0
DA:110,0
DA:115,0
DA:117,0
LF:40
LH:0
BRDA:10,0,0,0
BRDA:10,1,0,0
BRDA:10,1,1,0
BRDA:18,2,0,0
BRDA:24,3,0,0
BRDA:37,4,0,0
BRDA:38,5,0,0
BRDA:39,6,0,0
BRDA:40,7,0,0
BRDA:56,8,0,0
BRDA:56,9,0,0
BRDA:56,9,1,0
BRDA:71,10,0,0
BRDA:76,11,0,0
BRDA:106,12,0,0
BRDA:106,12,1,0
BRDA:116,13,0,0
BRF:17
BRH:0
end_of_record
TN:
SF:src\plugins\parse\rfc2822.ts
FN:50,(anonymous_0)
FN:117,(anonymous_1)
FN:159,(anonymous_2)
FN:161,(anonymous_3)
FN:172,(anonymous_4)
FN:177,(anonymous_5)
FN:183,(anonymous_6)
FN:202,(anonymous_7)
FN:206,(anonymous_8)
FN:213,(anonymous_9)
FN:214,(anonymous_10)
FNF:11
FNH:11
FNDA:1035,(anonymous_0)
FNDA:1003,(anonymous_1)
FNDA:1,(anonymous_2)
FNDA:1004,(anonymous_3)
FNDA:3,(anonymous_4)
FNDA:1,(anonymous_5)
FNDA:7,(anonymous_6)
FNDA:1001,(anonymous_7)
FNDA:2,(anonymous_8)
FNDA:1,(anonymous_9)
FNDA:2,(anonymous_10)
DA:3,1
DA:5,1
DA:8,1
DA:23,1
DA:33,1
DA:51,1035
DA:52,1
DA:55,1034
DA:56,1034
DA:58,1034
DA:59,5
DA:62,1029
DA:64,1029
DA:66,1029
DA:68,1029
DA:69,1029
DA:70,1029
DA:71,1029
DA:74,1029
DA:75,1028
DA:76,1028
DA:77,1028
DA:79,1028
DA:90,1028
DA:91,0
DA:95,1028
DA:96,9
DA:97,9
DA:98,1019
DA:99,1019
DA:100,1019
DA:101,1019
DA:102,1019
DA:103,1019
DA:107,1028
DA:108,1027
DA:109,1027
DA:110,7
DA:114,1028
DA:118,1003
DA:119,1003
DA:134,1003
DA:135,1003
DA:136,1003
DA:137,1003
DA:138,1003
DA:139,1003
DA:140,1003
DA:143,1003
DA:144,1003
DA:145,1003
DA:146,1003
DA:147,1003
DA:149,1003
DA:153,1
DA:155,1
DA:161,1
DA:162,1004
DA:163,1004
DA:164,1004
DA:165,1004
DA:166,1004
DA:168,0
DA:172,1
DA:173,3
DA:177,1
DA:178,1
DA:179,1
DA:183,1
DA:185,7
DA:191,7
DA:192,7
DA:193,7
DA:194,7
DA:195,7
DA:197,0
DA:201,1
DA:203,1001
DA:208,2
DA:213,1
DA:214,1
DA:216,2
DA:217,1
DA:218,1
DA:219,1
DA:220,1
DA:221,1
DA:225,1
LF:88
LH:85
BRDA:51,0,0,1
BRDA:51,1,0,1035
BRDA:51,1,1,1034
BRDA:58,2,0,5
BRDA:66,3,0,3
BRDA:66,3,1,1026
BRDA:66,4,0,2
BRDA:66,4,1,1
BRDA:71,5,0,1028
BRDA:71,5,1,1
BRDA:74,6,0,1
BRDA:74,7,0,1029
BRDA:74,7,1,1029
BRDA:75,8,0,0
BRDA:76,9,0,0
BRDA:77,10,0,0
BRDA:90,11,0,0
BRDA:90,12,0,1028
BRDA:90,12,1,1028
BRDA:90,12,2,1028
BRDA:95,13,0,9
BRDA:95,13,1,1019
BRDA:98,14,0,1019
BRDA:99,15,0,1017
BRDA:99,15,1,2
BRDA:107,16,0,1027
BRDA:109,17,0,7
BRDA:146,18,0,1003
BRDA:146,18,1,0
BRDA:163,19,0,1004
BRDA:192,20,0,7
BRDA:213,21,0,1
BRDA:213,21,1,1
BRDA:216,22,0,1
BRDA:216,23,0,2
BRDA:216,23,1,2
BRDA:218,24,0,1
BRF:37
BRH:32
end_of_record
TN:
SF:src\plugins\parse\unix.ts
FN:10,(anonymous_0)
FN:69,(anonymous_1)
FN:89,(anonymous_2)
FN:113,(anonymous_3)
FN:115,(anonymous_4)
FN:122,(anonymous_5)
FN:128,(anonymous_6)
FN:132,(anonymous_7)
FN:136,(anonymous_8)
FN:172,(anonymous_9)
FN:173,(anonymous_10)
FNF:11
FNH:0
FNDA:0,(anonymous_0)
FNDA:0,(anonymous_1)
FNDA:0,(anonymous_2)
FNDA:0,(anonymous_3)
FNDA:0,(anonymous_4)
FNDA:0,(anonymous_5)
FNDA:0,(anonymous_6)
FNDA:0,(anonymous_7)
FNDA:0,(anonymous_8)
FNDA:0,(anonymous_9)
FNDA:0,(anonymous_10)
DA:3,0
DA:5,0
DA:6,0
DA:7,0
DA:8,0
DA:11,0
DA:12,0
DA:17,0
DA:18,0
DA:19,0
DA:21,0
DA:22,0
DA:24,0
DA:26,0
DA:32,0
DA:34,0
DA:35,0
DA:37,0
DA:38,0
DA:40,0
DA:43,0
DA:47,0
DA:48,0
DA:52,0
DA:53,0
DA:55,0
DA:57,0
DA:58,0
DA:59,0
DA:62,0
DA:66,0
DA:73,0
DA:75,0
DA:77,0
DA:79,0
DA:81,0
DA:83,0
DA:85,0
DA:90,0
DA:91,0
DA:94,0
DA:95,0
DA:103,0
DA:107,0
DA:109,0
DA:115,0
DA:116,0
DA:117,0
DA:120,0
DA:122,0
DA:123,0
DA:127,0
DA:129,0
DA:133,0
DA:137,0
DA:138,0
DA:139,0
DA:140,0
DA:142,0
DA:143,0
DA:146,0
DA:147,0
DA:148,0
DA:151,0
DA:152,0
DA:153,0
DA:156,0
DA:157,0
DA:158,0
DA:161,0
DA:162,0
DA:163,0
DA:166,0
DA:167,0
DA:172,0
DA:173,0
DA:175,0
DA:176,0
DA:177,0
DA:178,0
DA:182,0
LF:81
LH:0
BRDA:11,0,0,0
BRDA:11,1,0,0
BRDA:11,1,1,0
BRDA:17,2,0,0
BRDA:17,2,1,0
BRDA:19,3,0,0
BRDA:19,3,1,0
BRDA:21,4,0,0
BRDA:32,5,0,0
BRDA:32,5,1,0
BRDA:35,6,0,0
BRDA:35,6,1,0
BRDA:38,7,0,0
BRDA:38,7,1,0
BRDA:47,8,0,0
BRDA:53,9,0,0
BRDA:53,10,0,0
BRDA:53,10,1,0
BRDA:55,11,0,0
BRDA:55,11,1,0
BRDA:58,12,0,0
BRDA:58,13,0,0
BRDA:58,13,1,0
BRDA:58,13,2,0
BRDA:71,14,0,0
BRDA:75,15,0,0
BRDA:75,15,1,0
BRDA:75,15,2,0
BRDA:75,15,3,0
BRDA:75,15,4,0
BRDA:90,16,0,0
BRDA:91,17,0,0
BRDA:91,17,1,0
BRDA:94,18,0,0
BRDA:96,19,0,0
BRDA:96,19,1,0
BRDA:96,19,2,0
BRDA:96,19,3,0
BRDA:117,20,0,0
BRDA:117,20,1,0
BRDA:142,21,0,0
BRDA:143,22,0,0
BRDA:143,22,1,0
BRDA:147,23,0,0
BRDA:148,24,0,0
BRDA:148,24,1,0
BRDA:152,25,0,0
BRDA:153,26,0,0
BRDA:153,26,1,0
BRDA:157,27,0,0
BRDA:158,28,0,0
BRDA:158,28,1,0
BRDA:162,29,0,0
BRDA:163,30,0,0
BRDA:163,30,1,0
BRDA:167,31,0,0
BRDA:167,31,1,0
BRDA:172,32,0,0
BRDA:172,32,1,0
BRDA:175,33,0,0
BRDA:177,34,0,0
BRF:61
BRH:0
end_of_record
TN:
SF:src\plugins\range\range.ts
FN:10,(anonymous_0)
FN:17,(anonymous_1)
FN:26,(anonymous_2)
FN:30,(anonymous_3)
FN:41,(anonymous_4)
FN:54,(anonymous_5)
FN:66,(anonymous_6)
FN:78,(anonymous_7)
FN:90,(anonymous_8)
FN:101,(anonymous_9)
FN:110,(anonymous_10)
FN:111,(anonymous_11)
FN:118,(anonymous_12)
FN:119,(anonymous_13)
FN:126,(anonymous_14)
FN:127,(anonymous_15)
FN:131,(anonymous_16)
FN:132,(anonymous_17)
FN:136,(anonymous_18)
FN:137,(anonymous_19)
FN:141,(anonymous_20)
FN:158,(anonymous_21)
FN:163,(anonymous_22)
FN:168,(anonymous_23)
FN:173,(anonymous_24)
FN:178,(anonymous_25)
FN:183,(anonymous_26)
FN:195,(anonymous_27)
FN:206,(anonymous_28)
FN:217,(anonymous_29)
FN:222,(anonymous_30)
FN:263,(anonymous_31)
FN:317,(anonymous_32)
FN:320,(anonymous_33)
FN:325,(anonymous_34)
FN:330,(anonymous_35)
FN:335,(anonymous_36)
FN:342,(anonymous_37)
FN:349,(anonymous_38)
FN:356,(anonymous_39)
FN:362,(anonymous_40)
FN:367,(anonymous_41)
FN:377,(anonymous_42)
FN:384,(anonymous_43)
FN:390,(anonymous_44)
FN:397,(anonymous_45)
FN:403,(anonymous_46)
FN:410,(anonymous_47)
FNF:48
FNH:0
FNDA:0,(anonymous_0)
FNDA:0,(anonymous_1)
FNDA:0,(anonymous_2)
FNDA:0,(anonymous_3)
FNDA:0,(anonymous_4)
FNDA:0,(anonymous_5)
FNDA:0,(anonymous_6)
FNDA:0,(anonymous_7)
FNDA:0,(anonymous_8)
FNDA:0,(anonymous_9)
FNDA:0,(anonymous_10)
FNDA:0,(anonymous_11)
FNDA:0,(anonymous_12)
FNDA:0,(anonymous_13)
FNDA:0,(anonymous_14)
FNDA:0,(anonymous_15)
FNDA:0,(anonymous_16)
FNDA:0,(anonymous_17)
FNDA:0,(anonymous_18)
FNDA:0,(anonymous_19)
FNDA:0,(anonymous_20)
FNDA:0,(anonymous_21)
FNDA:0,(anonymous_22)
FNDA:0,(anonymous_23)
FNDA:0,(anonymous_24)
FNDA:0,(anonymous_25)
FNDA:0,(anonymous_26)
FNDA:0,(anonymous_27)
FNDA:0,(anonymous_28)
FNDA:0,(anonymous_29)
FNDA:0,(anonymous_30)
FNDA:0,(anonymous_31)
FNDA:0,(anonymous_32)
FNDA:0,(anonymous_33)
FNDA:0,(anonymous_34)
FNDA:0,(anonymous_35)
FNDA:0,(anonymous_36)
FNDA:0,(anonymous_37)
FNDA:0,(anonymous_38)
FNDA:0,(anonymous_39)
FNDA:0,(anonymous_40)
FNDA:0,(anonymous_41)
FNDA:0,(anonymous_42)
FNDA:0,(anonymous_43)
FNDA:0,(anonymous_44)
FNDA:0,(anonymous_45)
FNDA:0,(anonymous_46)
FNDA:0,(anonymous_47)
DA:4,0
DA:11,0
DA:12,0
DA:13,0
DA:14,0
DA:18,0
DA:20,0
DA:21,0
DA:22,0
DA:27,0
DA:31,0
DA:32,0
DA:34,0
DA:35,0
DA:38,0
DA:42,0
DA:43,0
DA:45,0
DA:46,0
DA:47,0
DA:51,0
DA:55,0
DA:57,0
DA:58,0
DA:59,0
DA:63,0
DA:67,0
DA:69,0
DA:70,0
DA:71,0
DA:75,0
DA:79,0
DA:81,0
DA:82,0
DA:83,0
DA:87,0
DA:91,0
DA:92,0
DA:94,0
DA:95,0
DA:98,0
DA:102,0
DA:103,0
DA:104,0
DA:106,0
DA:111,0
DA:112,0
DA:113,0
DA:119,0
DA:120,0
DA:121,0
DA:127,0
DA:132,0
DA:137,0
DA:142,0
DA:143,0
DA:145,0
DA:146,0
DA:147,0
DA:148,0
DA:154,0
DA:159,0
DA:164,0
DA:169,0
DA:174,0
DA:179,0
DA:184,0
DA:185,0
DA:187,0
DA:188,0
DA:191,0
DA:196,0
DA:197,0
DA:198,0
DA:199,0
DA:202,0
DA:207,0
DA:208,0
DA:210,0
DA:211,0
DA:213,0
DA:218,0
DA:223,0
DA:225,0
DA:229,0
DA:233,0
DA:237,0
DA:241,0
DA:245,0
DA:249,0
DA:253,0
DA:257,0
DA:259,0
DA:264,0
DA:266,0
DA:270,0
DA:271,0
DA:275,0
DA:276,0
DA:280,0
DA:281,0
DA:285,0
DA:286,0
DA:290,0
DA:291,0
DA:295,0
DA:296,0
DA:300,0
DA:301,0
DA:305,0
DA:306,0
DA:309,0
DA:313,0
DA:319,0
DA:321,0
DA:326,0
DA:331,0
DA:336,0
DA:337,0
DA:338,0
DA:343,0
DA:344,0
DA:345,0
DA:350,0
DA:351,0
DA:352,0
DA:357,0
DA:358,0
DA:363,0
DA:368,0
DA:369,0
DA:370,0
DA:371,0
DA:376,0
DA:378,0
DA:379,0
DA:380,0
DA:385,0
DA:386,0
DA:387,0
DA:391,0
DA:392,0
DA:393,0
DA:398,0
DA:399,0
DA:400,0
DA:404,0
DA:405,0
DA:406,0
DA:411,0
LF:150
LH:0
BRDA:10,0,0,0
BRDA:10,1,0,0
BRDA:46,2,0,0
BRDA:58,3,0,0
BRDA:70,4,0,0
BRDA:82,5,0,0
BRDA:113,6,0,0
BRDA:113,6,1,0
BRDA:121,7,0,0
BRDA:121,7,1,0
BRDA:147,8,0,0
BRDA:159,9,0,0
BRDA:159,9,1,0
BRDA:179,10,0,0
BRDA:179,10,1,0
BRDA:187,11,0,0
BRDA:196,12,0,0
BRDA:196,13,0,0
BRDA:196,13,1,0
BRDA:213,14,0,0
BRDA:213,14,1,0
BRDA:225,15,0,0
BRDA:225,15,1,0
BRDA:225,15,2,0
BRDA:225,15,3,0
BRDA:225,15,4,0
BRDA:225,15,5,0
BRDA:225,15,6,0
BRDA:225,15,7,0
BRDA:225,15,8,0
BRDA:225,15,9,0
BRDA:225,15,10,0
BRDA:225,15,11,0
BRDA:225,15,12,0
BRDA:225,15,13,0
BRDA:225,15,14,0
BRDA:225,15,15,0
BRDA:225,15,16,0
BRDA:225,15,17,0
BRDA:225,15,18,0
BRDA:225,15,19,0
BRDA:225,15,20,0
BRDA:225,15,21,0
BRDA:225,15,22,0
BRDA:225,15,23,0
BRDA:225,15,24,0
BRDA:266,16,0,0
BRDA:266,16,1,0
BRDA:266,16,2,0
BRDA:266,16,3,0
BRDA:266,16,4,0
BRDA:266,16,5,0
BRDA:266,16,6,0
BRDA:266,16,7,0
BRDA:266,16,8,0
BRDA:266,16,9,0
BRDA:266,16,10,0
BRDA:266,16,11,0
BRDA:266,16,12,0
BRDA:266,16,13,0
BRDA:266,16,14,0
BRDA:266,16,15,0
BRDA:266,16,16,0
BRDA:266,16,17,0
BRDA:266,16,18,0
BRDA:266,16,19,0
BRDA:266,16,20,0
BRDA:266,16,21,0
BRDA:266,16,22,0
BRDA:266,16,23,0
BRDA:320,17,0,0
BRDA:320,18,0,0
BRDA:325,19,0,0
BRDA:330,20,0,0
BRDA:377,21,0,0
BRDA:377,22,0,0
BRF:76
BRH:0
end_of_record
TN:
SF:src\plugins\relative\relative-time.ts
FN:140,(anonymous_0)
FN:144,(anonymous_1)
FN:187,(anonymous_2)
FN:235,(anonymous_3)
FN:238,(anonymous_4)
FN:246,(anonymous_5)
FN:254,(anonymous_6)
FN:262,(anonymous_7)
FN:270,(anonymous_8)
FN:277,(anonymous_9)
FN:285,(anonymous_10)
FN:297,(anonymous_11)
FN:301,(anonymous_12)
FN:305,(anonymous_13)
FNF:14
FNH:0
FNDA:0,(anonymous_0)
FNDA:0,(anonymous_1)
FNDA:0,(anonymous_2)
FNDA:0,(anonymous_3)
FNDA:0,(anonymous_4)
FNDA:0,(anonymous_5)
FNDA:0,(anonymous_6)
FNDA:0,(anonymous_7)
FNDA:0,(anonymous_8)
FNDA:0,(anonymous_9)
FNDA:0,(anonymous_10)
FNDA:0,(anonymous_11)
FNDA:0,(anonymous_12)
FNDA:0,(anonymous_13)
DA:25,0
DA:41,0
DA:141,0
DA:145,0
DA:146,0
DA:147,0
DA:148,0
DA:149,0
DA:150,0
DA:151,0
DA:155,0
DA:156,0
DA:157,0
DA:158,0
DA:159,0
DA:160,0
DA:161,0
DA:162,0
DA:163,0
DA:164,0
DA:165,0
DA:166,0
DA:167,0
DA:168,0
DA:169,0
DA:170,0
DA:171,0
DA:172,0
DA:173,0
DA:174,0
DA:176,0
DA:179,0
DA:180,0
DA:183,0
DA:184,0
DA:189,0
DA:190,0
DA:195,0
DA:196,0
DA:197,0
DA:198,0
DA:199,0
DA:200,0
DA:201,0
DA:202,0
DA:204,0
DA:206,0
DA:207,0
DA:209,0
DA:210,0
DA:212,0
DA:213,0
DA:215,0
DA:216,0
DA:218,0
DA:219,0
DA:221,0
DA:222,0
DA:224,0
DA:228,0
DA:232,0
DA:237,0
DA:239,0
DA:240,0
DA:241,0
DA:242,0
DA:243,0
DA:247,0
DA:248,0
DA:249,0
DA:250,0
DA:251,0
DA:255,0
DA:256,0
DA:257,0
DA:258,0
DA:259,0
DA:263,0
DA:264,0
DA:265,0
DA:266,0
DA:267,0
DA:271,0
DA:272,0
DA:273,0
DA:278,0
DA:279,0
DA:280,0
DA:281,0
DA:282,0
DA:286,0
DA:287,0
DA:288,0
DA:289,0
DA:290,0
DA:295,0
DA:298,0
DA:302,0
DA:306,0
DA:313,0
DA:314,0
LF:101
LH:0
BRDA:140,0,0,0
BRDA:141,1,0,0
BRDA:141,1,1,0
BRDA:141,1,2,0
BRDA:144,2,0,0
BRDA:155,3,0,0
BRDA:155,3,1,0
BRDA:157,4,0,0
BRDA:157,4,1,0
BRDA:159,5,0,0
BRDA:159,5,1,0
BRDA:161,6,0,0
BRDA:161,6,1,0
BRDA:163,7,0,0
BRDA:163,7,1,0
BRDA:165,8,0,0
BRDA:165,8,1,0
BRDA:167,9,0,0
BRDA:167,9,1,0
BRDA:169,10,0,0
BRDA:169,10,1,0
BRDA:171,11,0,0
BRDA:171,11,1,0
BRDA:173,12,0,0
BRDA:173,12,1,0
BRDA:179,13,0,0
BRDA:183,14,0,0
BRDA:183,14,1,0
BRDA:187,15,0,0
BRDA:187,16,0,0
BRDA:189,17,0,0
BRDA:189,18,0,0
BRDA:189,18,1,0
BRDA:191,19,0,0
BRDA:191,19,1,0
BRDA:192,20,0,0
BRDA:192,20,1,0
BRDA:204,21,0,0
BRDA:204,21,1,0
BRDA:206,22,0,0
BRDA:209,23,0,0
BRDA:212,24,0,0
BRDA:215,25,0,0
BRDA:218,26,0,0
BRDA:221,27,0,0
BRDA:238,28,0,0
BRDA:246,29,0,0
BRDA:254,30,0,0
BRDA:262,31,0,0
BRDA:270,32,0,0
BRDA:277,33,0,0
BRDA:285,34,0,0
BRF:52
BRH:0
end_of_record
TN:
SF:src\plugins\timezone\timezone.ts
FN:26,(anonymous_0)
FN:36,(anonymous_1)
FN:60,(anonymous_2)
FN:78,(anonymous_3)
FN:85,(anonymous_4)
FN:91,(anonymous_5)
FN:103,(anonymous_6)
FN:108,(anonymous_7)
FN:132,(anonymous_8)
FN:137,(anonymous_9)
FN:146,(anonymous_10)
FN:156,(anonymous_11)
FN:160,(anonymous_12)
FN:175,(anonymous_13)
FN:179,(anonymous_14)
FN:184,(anonymous_15)
FN:194,(anonymous_16)
FN:201,(anonymous_17)
FN:211,(anonymous_18)
FN:218,(anonymous_19)
FN:224,(anonymous_20)
FN:240,(anonymous_21)
FN:246,(anonymous_22)
FN:253,(anonymous_23)
FN:258,(anonymous_24)
FN:263,(anonymous_25)
FN:268,(anonymous_26)
FN:273,(anonymous_27)
FN:278,(anonymous_28)
FNF:29
FNH:0
FNDA:0,(anonymous_0)
FNDA:0,(anonymous_1)
FNDA:0,(anonymous_2)
FNDA:0,(anonymous_3)
FNDA:0,(anonymous_4)
FNDA:0,(anonymous_5)
FNDA:0,(anonymous_6)
FNDA:0,(anonymous_7)
FNDA:0,(anonymous_8)
FNDA:0,(anonymous_9)
FNDA:0,(anonymous_10)
FNDA:0,(anonymous_11)
FNDA:0,(anonymous_12)
FNDA:0,(anonymous_13)
FNDA:0,(anonymous_14)
FNDA:0,(anonymous_15)
FNDA:0,(anonymous_16)
FNDA:0,(anonymous_17)
FNDA:0,(anonymous_18)
FNDA:0,(anonymous_19)
FNDA:0,(anonymous_20)
FNDA:0,(anonymous_21)
FNDA:0,(anonymous_22)
FNDA:0,(anonymous_23)
FNDA:0,(anonymous_24)
FNDA:0,(anonymous_25)
FNDA:0,(anonymous_26)
FNDA:0,(anonymous_27)
FNDA:0,(anonymous_28)
DA:10,0
DA:11,0
DA:27,0
DA:29,0
DA:30,0
DA:35,0
DA:36,0
DA:39,0
DA:40,0
DA:41,0
DA:43,0
DA:50,0
DA:61,0
DA:63,0
DA:64,0
DA:65,0
DA:67,0
DA:68,0
DA:69,0
DA:71,0
DA:73,0
DA:79,0
DA:80,0
DA:81,0
DA:86,0
DA:87,0
DA:92,0
DA:93,0
DA:96,0
DA:99,0
DA:104,0
DA:109,0
DA:110,0
DA:113,0
DA:133,0
DA:138,0
DA:139,0
DA:140,0
DA:142,0
DA:147,0
DA:148,0
DA:150,0
DA:151,0
DA:152,0
DA:157,0
DA:158,0
DA:160,0
DA:161,0
DA:162,0
DA:163,0
DA:165,0
DA:171,0
DA:177,0
DA:180,0
DA:185,0
DA:186,0
DA:187,0
DA:188,0
DA:190,0
DA:195,0
DA:196,0
DA:197,0
DA:202,0
DA:203,0
DA:205,0
DA:206,0
DA:207,0
DA:212,0
DA:220,0
DA:226,0
DA:227,0
DA:230,0
DA:231,0
DA:232,0
DA:233,0
DA:238,0
DA:241,0
DA:242,0
DA:247,0
DA:248,0
DA:249,0
DA:254,0
DA:259,0
DA:264,0
DA:269,0
DA:274,0
DA:279,0
DA:280,0
LF:88
LH:0
BRDA:27,0,0,0
BRDA:27,0,1,0
BRDA:36,1,0,0
BRDA:36,1,1,0
BRDA:61,2,0,0
BRDA:61,2,1,0
BRDA:104,3,0,0
BRDA:104,3,1,0
BRDA:140,4,0,0
BRDA:140,4,1,0
BRDA:148,5,0,0
BRDA:152,6,0,0
BRDA:152,6,1,0
BRDA:187,7,0,0
BRDA:202,8,0,0
BRDA:220,9,0,0
BRDA:220,9,1,0
BRDA:226,10,0,0
BRF:18
BRH:0
end_of_record
