TN:
SF:src\index.ts
FN:3,(anonymous_1)
FN:42,(anonymous_2)
FN:43,(anonymous_3)
FN:44,(anonymous_4)
FN:45,(anonymous_5)
FN:46,(anonymous_6)
FN:47,(anonymous_7)
FN:48,(anonymous_8)
FN:50,(anonymous_9)
FN:51,(anonymous_10)
FN:53,(anonymous_11)
FN:54,(anonymous_12)
FN:56,(anonymous_13)
FN:57,(anonymous_14)
FN:58,(anonymous_15)
FN:59,(anonymous_16)
FN:62,(anonymous_17)
FN:62,(anonymous_18)
FN:62,(anonymous_19)
FN:62,(anonymous_20)
FN:64,(anonymous_21)
FN:65,(anonymous_22)
FN:66,(anonymous_23)
FN:67,(anonymous_24)
FN:68,(anonymous_25)
FN:69,(anonymous_26)
FN:70,(anonymous_27)
FN:71,(anonymous_28)
FN:72,(anonymous_29)
FN:73,(anonymous_30)
FN:77,(anonymous_31)
FN:79,(anonymous_32)
FN:81,(anonymous_33)
FN:83,(anonymous_34)
FN:85,(anonymous_35)
FN:87,(anonymous_36)
FN:87,(anonymous_37)
FN:89,(anonymous_38)
FN:91,(anonymous_39)
FN:93,(anonymous_40)
FN:94,(anonymous_41)
FN:98,(anonymous_42)
FN:99,(anonymous_43)
FN:100,(anonymous_44)
FN:101,(anonymous_45)
FN:105,(anonymous_46)
FN:106,(anonymous_47)
FN:107,(anonymous_48)
FN:108,(anonymous_49)
FN:109,(anonymous_50)
FN:113,(anonymous_51)
FN:114,(anonymous_52)
FN:115,(anonymous_53)
FN:116,(anonymous_54)
FN:117,(anonymous_55)
FN:121,(anonymous_56)
FN:122,(anonymous_57)
FN:123,(anonymous_58)
FN:124,(anonymous_59)
FN:125,(anonymous_60)
FN:126,(anonymous_61)
FN:127,(anonymous_62)
FN:128,(anonymous_63)
FN:140,setupBasic
FN:146,setupWithBusiness
FN:152,setupWithLocales
FN:158,setupFull
FNF:67
FNH:1
FNDA:85,(anonymous_1)
FNDA:0,(anonymous_2)
FNDA:0,(anonymous_3)
FNDA:0,(anonymous_4)
FNDA:0,(anonymous_5)
FNDA:0,(anonymous_6)
FNDA:0,(anonymous_7)
FNDA:0,(anonymous_8)
FNDA:0,(anonymous_9)
FNDA:0,(anonymous_10)
FNDA:0,(anonymous_11)
FNDA:0,(anonymous_12)
FNDA:0,(anonymous_13)
FNDA:0,(anonymous_14)
FNDA:0,(anonymous_15)
FNDA:0,(anonymous_16)
FNDA:0,(anonymous_17)
FNDA:0,(anonymous_18)
FNDA:0,(anonymous_19)
FNDA:0,(anonymous_20)
FNDA:0,(anonymous_21)
FNDA:0,(anonymous_22)
FNDA:0,(anonymous_23)
FNDA:0,(anonymous_24)
FNDA:0,(anonymous_25)
FNDA:0,(anonymous_26)
FNDA:0,(anonymous_27)
FNDA:0,(anonymous_28)
FNDA:0,(anonymous_29)
FNDA:0,(anonymous_30)
FNDA:0,(anonymous_31)
FNDA:0,(anonymous_32)
FNDA:0,(anonymous_33)
FNDA:0,(anonymous_34)
FNDA:0,(anonymous_35)
FNDA:0,(anonymous_36)
FNDA:0,(anonymous_37)
FNDA:0,(anonymous_38)
FNDA:0,(anonymous_39)
FNDA:0,(anonymous_40)
FNDA:0,(anonymous_41)
FNDA:0,(anonymous_42)
FNDA:0,(anonymous_43)
FNDA:0,(anonymous_44)
FNDA:0,(anonymous_45)
FNDA:0,(anonymous_46)
FNDA:0,(anonymous_47)
FNDA:0,(anonymous_48)
FNDA:0,(anonymous_49)
FNDA:0,(anonymous_50)
FNDA:0,(anonymous_51)
FNDA:0,(anonymous_52)
FNDA:0,(anonymous_53)
FNDA:0,(anonymous_54)
FNDA:0,(anonymous_55)
FNDA:0,(anonymous_56)
FNDA:0,(anonymous_57)
FNDA:0,(anonymous_58)
FNDA:0,(anonymous_59)
FNDA:0,(anonymous_60)
FNDA:0,(anonymous_61)
FNDA:0,(anonymous_62)
FNDA:0,(anonymous_63)
FNDA:0,setupBasic
FNDA:0,setupWithBusiness
FNDA:0,setupWithLocales
FNDA:0,setupFull
DA:3,87
DA:42,2
DA:43,2
DA:44,2
DA:45,2
DA:46,2
DA:47,2
DA:48,2
DA:50,2
DA:51,2
DA:53,2
DA:54,2
DA:56,2
DA:57,2
DA:58,2
DA:59,2
DA:62,2
DA:63,2
DA:64,2
DA:65,2
DA:66,2
DA:67,2
DA:68,2
DA:69,2
DA:70,2
DA:71,2
DA:72,2
DA:73,2
DA:77,2
DA:79,2
DA:81,2
DA:83,2
DA:85,2
DA:87,2
DA:89,2
DA:91,2
DA:93,2
DA:94,2
DA:97,2
DA:98,2
DA:99,2
DA:100,2
DA:101,2
DA:104,2
DA:105,2
DA:106,2
DA:107,2
DA:108,2
DA:109,2
DA:112,2
DA:113,2
DA:114,2
DA:115,2
DA:116,2
DA:117,2
DA:120,2
DA:121,2
DA:122,2
DA:123,2
DA:124,2
DA:125,2
DA:126,2
DA:127,2
DA:128,2
DA:132,2
DA:133,2
DA:134,2
DA:135,2
DA:136,2
DA:140,2
DA:141,0
DA:143,0
DA:146,2
DA:147,0
DA:149,0
DA:152,2
DA:153,0
DA:155,0
DA:158,2
DA:159,0
DA:161,0
LF:81
LH:73
BRF:0
BRH:0
end_of_record
TN:
SF:src\core\locale-manager.ts
FN:19,(anonymous_0)
FN:21,(anonymous_1)
FN:28,(anonymous_2)
FN:38,(anonymous_3)
FN:46,(anonymous_4)
FN:51,(anonymous_5)
FN:55,(anonymous_6)
FN:59,(anonymous_7)
FN:67,(anonymous_8)
FN:96,(anonymous_9)
FN:106,(anonymous_10)
FN:152,(anonymous_11)
FN:156,(anonymous_12)
FN:160,(anonymous_13)
FNF:14
FNH:7
FNDA:9,(anonymous_0)
FNDA:9,(anonymous_1)
FNDA:36,(anonymous_2)
FNDA:2143,(anonymous_3)
FNDA:10833,(anonymous_4)
FNDA:1000,(anonymous_5)
FNDA:0,(anonymous_6)
FNDA:0,(anonymous_7)
FNDA:10833,(anonymous_8)
FNDA:0,(anonymous_9)
FNDA:0,(anonymous_10)
FNDA:0,(anonymous_11)
FNDA:0,(anonymous_12)
FNDA:0,(anonymous_13)
DA:13,9
DA:15,9
DA:16,9
DA:17,9
DA:22,9
DA:23,9
DA:25,9
DA:29,36
DA:32,36
DA:33,9
DA:34,9
DA:39,2143
DA:40,2143
DA:41,2143
DA:43,0
DA:47,10833
DA:48,10833
DA:52,1000
DA:56,0
DA:60,0
DA:61,0
DA:62,0
DA:64,0
DA:68,10833
DA:69,10833
DA:70,0
DA:74,10833
DA:75,0
DA:77,0
DA:79,0
DA:81,0
DA:83,0
DA:86,0
DA:87,0
DA:93,10833
DA:97,0
DA:98,0
DA:99,0
DA:102,0
DA:103,0
DA:107,0
DA:108,0
DA:109,0
DA:112,0
DA:115,0
DA:116,0
DA:120,0
DA:121,0
DA:125,0
DA:126,0
DA:127,0
DA:132,0
DA:133,0
DA:137,0
DA:138,0
DA:142,0
DA:143,0
DA:144,0
DA:145,0
DA:149,0
DA:153,0
DA:157,0
DA:161,0
DA:162,0
DA:163,0
DA:167,9
LF:66
LH:22
BRDA:22,0,0,9
BRDA:32,1,0,9
BRDA:39,2,0,2143
BRDA:47,3,0,10833
BRDA:47,3,1,10833
BRDA:60,4,0,0
BRDA:69,5,0,0
BRDA:74,6,0,0
BRDA:75,7,0,0
BRDA:75,7,1,0
BRDA:75,7,2,0
BRDA:75,7,3,0
BRDA:75,7,4,0
BRDA:77,8,0,0
BRDA:77,8,1,0
BRDA:79,9,0,0
BRDA:79,9,1,0
BRDA:81,10,0,0
BRDA:81,10,1,0
BRDA:83,11,0,0
BRDA:83,11,1,0
BRDA:86,12,0,0
BRDA:86,13,0,0
BRDA:86,13,1,0
BRDA:93,14,0,10833
BRDA:93,14,1,0
BRDA:98,15,0,0
BRDA:98,16,0,0
BRDA:98,16,1,0
BRDA:103,17,0,0
BRDA:103,17,1,0
BRDA:108,18,0,0
BRDA:115,19,0,0
BRDA:120,20,0,0
BRDA:125,21,0,0
BRDA:132,22,0,0
BRDA:137,23,0,0
BRDA:144,24,0,0
BRF:38
BRH:6
end_of_record
TN:
SF:src\core\plugin-system.ts
FN:56,(anonymous_0)
FN:60,(anonymous_1)
FN:125,(anonymous_2)
FN:133,(anonymous_3)
FN:146,(anonymous_4)
FN:160,(anonymous_5)
FN:175,(anonymous_6)
FN:191,(anonymous_7)
FN:212,(anonymous_8)
FN:233,(anonymous_9)
FN:251,(anonymous_10)
FN:267,(anonymous_11)
FN:288,(anonymous_12)
FN:309,(anonymous_13)
FN:330,(anonymous_14)
FN:360,(anonymous_15)
FN:434,(anonymous_16)
FN:451,(anonymous_17)
FN:499,(anonymous_18)
FN:546,(anonymous_19)
FN:562,(anonymous_20)
FN:579,(anonymous_21)
FN:602,(anonymous_22)
FN:612,(anonymous_23)
FN:674,(anonymous_24)
FN:684,(anonymous_25)
FN:706,(anonymous_26)
FN:724,(anonymous_27)
FN:732,(anonymous_28)
FN:740,(anonymous_29)
FN:744,(anonymous_30)
FN:748,(anonymous_31)
FN:775,(anonymous_32)
FN:788,(anonymous_33)
FN:795,(anonymous_34)
FNF:35
FNH:31
FNDA:29628,(anonymous_0)
FNDA:29628,(anonymous_1)
FNDA:201,(anonymous_2)
FNDA:1,(anonymous_3)
FNDA:1,(anonymous_4)
FNDA:11735,(anonymous_5)
FNDA:5295,(anonymous_6)
FNDA:38,(anonymous_7)
FNDA:21,(anonymous_8)
FNDA:18,(anonymous_9)
FNDA:88,(anonymous_10)
FNDA:14,(anonymous_11)
FNDA:5,(anonymous_12)
FNDA:5,(anonymous_13)
FNDA:3,(anonymous_14)
FNDA:4257,(anonymous_15)
FNDA:1011,(anonymous_16)
FNDA:7,(anonymous_17)
FNDA:3,(anonymous_18)
FNDA:2,(anonymous_19)
FNDA:2,(anonymous_20)
FNDA:2,(anonymous_21)
FNDA:2151,(anonymous_22)
FNDA:4267,(anonymous_23)
FNDA:18,(anonymous_24)
FNDA:126,(anonymous_25)
FNDA:0,(anonymous_26)
FNDA:69,(anonymous_27)
FNDA:85,(anonymous_28)
FNDA:0,(anonymous_29)
FNDA:0,(anonymous_30)
FNDA:0,(anonymous_31)
FNDA:24331,(anonymous_32)
FNDA:1,(anonymous_33)
FNDA:1,(anonymous_34)
DA:11,9
DA:12,9
DA:14,9
DA:29,9
DA:31,9
DA:57,29628
DA:61,29628
DA:62,346
DA:65,29282
DA:66,14395
DA:69,14887
DA:70,4
DA:73,14883
DA:75,14871
DA:76,14871
DA:78,14860
DA:79,14860
DA:82,11
DA:83,11
DA:84,2
DA:85,0
DA:87,2
DA:89,9
DA:93,12
DA:95,12
DA:96,12
DA:100,0
DA:101,0
DA:105,0
DA:106,0
DA:107,0
DA:108,0
DA:113,0
DA:126,201
DA:134,1
DA:147,1
DA:161,11735
DA:176,5295
DA:192,38
DA:193,36
DA:195,2
DA:196,2
DA:197,2
DA:213,21
DA:214,18
DA:216,3
DA:217,3
DA:218,3
DA:234,18
DA:235,15
DA:237,3
DA:238,3
DA:239,3
DA:252,88
DA:268,14
DA:269,13
DA:271,1
DA:272,1
DA:273,1
DA:289,5
DA:290,4
DA:292,1
DA:293,1
DA:294,1
DA:310,5
DA:311,4
DA:313,1
DA:314,1
DA:315,1
DA:331,3
DA:332,2
DA:334,1
DA:335,1
DA:336,1
DA:361,4257
DA:362,4257
DA:364,4257
DA:366,6
DA:367,6
DA:369,7
DA:370,7
DA:371,7
DA:374,7
DA:375,7
DA:377,7
DA:378,1
DA:379,1
DA:381,7
DA:382,0
DA:383,0
DA:387,7
DA:391,7
DA:392,7
DA:393,7
DA:394,7
DA:395,7
DA:398,0
DA:399,0
DA:401,4222
DA:402,4222
DA:404,12
DA:405,12
DA:407,4
DA:408,4
DA:410,4
DA:411,4
DA:413,2
DA:414,2
DA:416,0
DA:419,4257
DA:435,1011
DA:452,7
DA:453,7
DA:455,7
DA:457,0
DA:458,0
DA:459,0
DA:461,0
DA:462,0
DA:463,0
DA:465,0
DA:466,0
DA:467,0
DA:468,0
DA:470,7
DA:471,7
DA:473,0
DA:474,0
DA:476,0
DA:477,0
DA:479,0
DA:480,0
DA:483,7
DA:500,3
DA:501,3
DA:503,3
DA:505,0
DA:506,0
DA:507,0
DA:509,0
DA:510,0
DA:511,0
DA:513,0
DA:514,0
DA:515,0
DA:516,0
DA:518,3
DA:519,3
DA:521,0
DA:522,0
DA:524,0
DA:525,0
DA:527,0
DA:528,0
DA:531,3
DA:547,2
DA:563,2
DA:580,2
DA:603,2151
DA:613,4267
DA:639,4267
DA:647,9
DA:648,9
DA:649,9
DA:650,9
DA:651,9
DA:675,18
DA:677,18
DA:678,126
DA:681,17
DA:685,126
DA:686,1
DA:689,125
DA:690,110
DA:691,119
DA:692,1
DA:700,124
DA:701,124
DA:703,124
DA:707,0
DA:709,0
DA:711,0
DA:713,0
DA:715,0
DA:721,124
DA:725,69
DA:727,69
DA:728,562
DA:733,85
DA:735,85
DA:736,336
DA:741,0
DA:745,0
DA:749,0
DA:775,24331
DA:778,9
DA:779,9
DA:780,9
DA:781,9
DA:788,9
DA:795,9
DA:797,9
LF:202
LH:149
BRDA:61,0,0,346
BRDA:65,1,0,14395
BRDA:69,2,0,4
BRDA:73,3,0,14871
BRDA:76,4,0,14860
BRDA:83,5,0,2
BRDA:84,6,0,0
BRDA:93,7,0,12
BRDA:93,8,0,12
BRDA:93,8,1,12
BRDA:95,9,0,12
BRDA:95,10,0,12
BRDA:95,10,1,12
BRDA:100,11,0,0
BRDA:105,12,0,0
BRDA:107,13,0,0
BRDA:192,14,0,36
BRDA:213,15,0,18
BRDA:234,16,0,15
BRDA:268,17,0,13
BRDA:289,18,0,4
BRDA:310,19,0,4
BRDA:331,20,0,2
BRDA:364,21,0,6
BRDA:364,21,1,7
BRDA:364,21,2,0
BRDA:364,21,3,4222
BRDA:364,21,4,12
BRDA:364,21,5,4
BRDA:364,21,6,4
BRDA:364,21,7,2
BRDA:364,21,8,0
BRDA:455,22,0,0
BRDA:455,22,1,0
BRDA:455,22,2,0
BRDA:455,22,3,7
BRDA:455,22,4,0
BRDA:455,22,5,0
BRDA:455,22,6,0
BRDA:503,23,0,0
BRDA:503,23,1,0
BRDA:503,23,2,0
BRDA:503,23,3,3
BRDA:503,23,4,0
BRDA:503,23,5,0
BRDA:503,23,6,0
BRDA:602,24,0,1001
BRDA:639,25,0,4267
BRDA:639,25,1,0
BRDA:675,26,0,9
BRDA:675,26,1,9
BRDA:685,27,0,1
BRDA:689,28,0,110
BRDA:691,29,0,1
BRDA:707,30,0,0
BRDA:707,30,1,0
BRDA:707,30,2,0
BRDA:707,30,3,0
BRDA:709,31,0,0
BRDA:709,31,1,0
BRDA:711,32,0,0
BRDA:711,32,1,0
BRF:62
BRH:35
end_of_record
TN:
SF:src\core\utils\cache.ts
FN:5,(anonymous_0)
FN:9,(anonymous_1)
FN:18,(anonymous_2)
FN:30,(anonymous_3)
FN:34,(anonymous_4)
FN:38,(anonymous_5)
FN:43,memoize
FN:49,(anonymous_7)
FN:62,createDateCache
FN:66,createHolidayCache
FNF:10
FNH:2
FNDA:18,(anonymous_0)
FNDA:0,(anonymous_1)
FNDA:0,(anonymous_2)
FNDA:0,(anonymous_3)
FNDA:0,(anonymous_4)
FNDA:0,(anonymous_5)
FNDA:0,memoize
FNDA:0,(anonymous_7)
FNDA:0,createDateCache
FNDA:9,createHolidayCache
DA:1,9
DA:2,18
DA:6,18
DA:10,0
DA:11,0
DA:12,0
DA:13,0
DA:15,0
DA:19,0
DA:20,0
DA:21,0
DA:22,0
DA:23,0
DA:24,0
DA:27,0
DA:31,0
DA:35,0
DA:39,0
DA:43,9
DA:47,0
DA:49,0
DA:50,0
DA:52,0
DA:53,0
DA:56,0
DA:57,0
DA:58,0
DA:62,9
DA:63,0
DA:66,9
DA:67,9
LF:31
LH:7
BRDA:5,0,0,0
BRDA:11,1,0,0
BRDA:19,2,0,0
BRDA:19,2,1,0
BRDA:21,3,0,0
BRDA:23,4,0,0
BRDA:50,5,0,0
BRDA:50,5,1,0
BRDA:52,6,0,0
BRF:9
BRH:0
end_of_record
TN:
SF:src\core\utils\validators.ts
FN:1,isValidDate
FN:5,isValidNumber
FN:9,isValidString
FN:13,isValidYear
FN:17,isValidMonth
FN:21,isValidDay
FN:25,isValidWeekday
FN:29,isValidNth
FN:33,validateHolidayRule
FN:115,throwError
FNF:10
FNH:8
FNDA:0,isValidDate
FNDA:31429105,isValidNumber
FNDA:14812724,isValidString
FNDA:0,isValidYear
FNDA:10535531,isValidMonth
FNDA:3584536,isValidDay
FNDA:6950995,isValidWeekday
FNDA:6950995,isValidNth
FNDA:13957071,validateHolidayRule
FNDA:1,throwError
DA:1,9
DA:2,0
DA:5,9
DA:6,31429105
DA:9,9
DA:10,14812724
DA:13,9
DA:14,0
DA:17,9
DA:18,10535531
DA:21,9
DA:22,3584536
DA:25,9
DA:26,6950995
DA:29,9
DA:30,6950995
DA:33,9
DA:34,13957071
DA:36,13957071
DA:37,0
DA:38,0
DA:41,13957071
DA:42,0
DA:45,13957071
DA:46,13957071
DA:47,1
DA:50,13957071
DA:51,0
DA:52,0
DA:55,13957071
DA:57,3584527
DA:58,1
DA:60,3584527
DA:61,1
DA:63,3584527
DA:66,6950995
DA:67,0
DA:69,6950995
DA:70,0
DA:72,6950995
DA:73,0
DA:75,6950995
DA:78,855653
DA:79,0
DA:81,855653
DA:82,0
DA:84,855653
DA:87,9
DA:88,9
DA:89,0
DA:91,9
DA:92,0
DA:94,9
DA:95,0
DA:97,9
DA:100,2551395
DA:101,0
DA:103,2551395
DA:106,14491
DA:107,0
DA:109,14491
DA:112,13957071
DA:115,9
DA:116,1
DA:117,1
DA:118,1
DA:120,1
LF:67
LH:50
BRDA:2,0,0,0
BRDA:2,0,1,0
BRDA:6,1,0,31429105
BRDA:6,1,1,31429105
BRDA:6,1,2,31429105
BRDA:10,2,0,14812724
BRDA:10,2,1,14812724
BRDA:14,3,0,0
BRDA:14,3,1,0
BRDA:14,3,2,0
BRDA:18,4,0,10535531
BRDA:18,4,1,10535531
BRDA:18,4,2,10535531
BRDA:22,5,0,3584536
BRDA:22,5,1,3584536
BRDA:22,5,2,3584536
BRDA:26,6,0,6950995
BRDA:26,6,1,6950995
BRDA:26,6,2,6950995
BRDA:30,7,0,6950995
BRDA:30,7,1,6950995
BRDA:30,7,2,6083225
BRDA:30,7,3,867770
BRDA:36,8,0,0
BRDA:36,9,0,13957071
BRDA:36,9,1,13957071
BRDA:41,10,0,0
BRDA:46,11,0,1
BRDA:50,12,0,0
BRDA:50,13,0,13957071
BRDA:50,13,1,13957071
BRDA:55,14,0,3584527
BRDA:55,14,1,6950995
BRDA:55,14,2,855653
BRDA:55,14,3,9
BRDA:55,14,4,2551395
BRDA:55,14,5,14491
BRDA:57,15,0,1
BRDA:60,16,0,1
BRDA:66,17,0,0
BRDA:69,18,0,0
BRDA:72,19,0,0
BRDA:78,20,0,0
BRDA:81,21,0,0
BRDA:88,22,0,0
BRDA:91,23,0,0
BRDA:94,24,0,0
BRDA:100,25,0,0
BRDA:106,26,0,0
BRDA:117,27,0,1
BRF:50
BRH:32
end_of_record
TN:
SF:src\plugins\business\fiscal.ts
FN:13,(anonymous_0)
FN:17,(anonymous_1)
FN:41,(anonymous_2)
FN:53,(anonymous_3)
FN:58,(anonymous_4)
FN:68,(anonymous_5)
FN:81,(anonymous_6)
FN:94,(anonymous_7)
FN:104,(anonymous_8)
FN:111,(anonymous_9)
FN:119,(anonymous_10)
FN:130,(anonymous_11)
FN:173,(anonymous_12)
FN:176,(anonymous_13)
FN:182,(anonymous_14)
FN:190,(anonymous_15)
FN:198,(anonymous_16)
FN:204,(anonymous_17)
FN:213,(anonymous_18)
FN:222,(anonymous_19)
FN:229,(anonymous_20)
FN:237,(anonymous_21)
FN:245,(anonymous_22)
FN:254,(anonymous_23)
FN:268,(anonymous_24)
FN:273,(anonymous_25)
FN:277,(anonymous_26)
FN:282,(anonymous_27)
FN:291,(anonymous_28)
FN:301,(anonymous_29)
FNF:30
FNH:1
FNDA:0,(anonymous_0)
FNDA:0,(anonymous_1)
FNDA:0,(anonymous_2)
FNDA:0,(anonymous_3)
FNDA:0,(anonymous_4)
FNDA:0,(anonymous_5)
FNDA:0,(anonymous_6)
FNDA:0,(anonymous_7)
FNDA:0,(anonymous_8)
FNDA:0,(anonymous_9)
FNDA:0,(anonymous_10)
FNDA:0,(anonymous_11)
FNDA:9,(anonymous_12)
FNDA:0,(anonymous_13)
FNDA:0,(anonymous_14)
FNDA:0,(anonymous_15)
FNDA:0,(anonymous_16)
FNDA:0,(anonymous_17)
FNDA:0,(anonymous_18)
FNDA:0,(anonymous_19)
FNDA:0,(anonymous_20)
FNDA:0,(anonymous_21)
FNDA:0,(anonymous_22)
FNDA:0,(anonymous_23)
FNDA:0,(anonymous_24)
FNDA:0,(anonymous_25)
FNDA:0,(anonymous_26)
FNDA:0,(anonymous_27)
FNDA:0,(anonymous_28)
FNDA:0,(anonymous_29)
DA:10,9
DA:14,0
DA:18,0
DA:19,0
DA:22,0
DA:37,0
DA:38,0
DA:42,0
DA:43,0
DA:44,0
DA:46,0
DA:47,0
DA:49,0
DA:54,0
DA:55,0
DA:59,0
DA:60,0
DA:61,0
DA:64,0
DA:65,0
DA:69,0
DA:70,0
DA:73,0
DA:74,0
DA:75,0
DA:78,0
DA:82,0
DA:83,0
DA:85,0
DA:91,0
DA:95,0
DA:96,0
DA:98,0
DA:100,0
DA:101,0
DA:105,0
DA:106,0
DA:108,0
DA:112,0
DA:113,0
DA:115,0
DA:120,0
DA:121,0
DA:123,0
DA:124,0
DA:126,0
DA:131,0
DA:168,9
DA:175,9
DA:177,0
DA:178,0
DA:179,0
DA:183,0
DA:184,0
DA:185,0
DA:186,0
DA:187,0
DA:191,0
DA:192,0
DA:193,0
DA:194,0
DA:195,0
DA:199,0
DA:200,0
DA:201,0
DA:205,0
DA:206,0
DA:207,0
DA:208,0
DA:209,0
DA:210,0
DA:214,0
DA:215,0
DA:216,0
DA:217,0
DA:218,0
DA:219,0
DA:223,0
DA:224,0
DA:225,0
DA:230,0
DA:231,0
DA:232,0
DA:233,0
DA:234,0
DA:238,0
DA:239,0
DA:240,0
DA:241,0
DA:242,0
DA:246,0
DA:247,0
DA:248,0
DA:249,0
DA:250,0
DA:251,0
DA:255,0
DA:256,0
DA:257,0
DA:258,0
DA:259,0
DA:260,0
DA:265,9
DA:269,0
DA:270,0
DA:274,0
DA:278,0
DA:283,0
DA:284,0
DA:286,0
DA:291,0
DA:302,0
DA:303,0
DA:304,0
DA:305,0
DA:307,0
DA:308,0
LF:117
LH:4
BRDA:18,0,0,0
BRDA:38,1,0,0
BRDA:38,1,1,0
BRDA:46,2,0,0
BRDA:46,2,1,0
BRDA:60,3,0,0
BRDA:60,3,1,0
BRDA:61,4,0,0
BRDA:61,4,1,0
BRDA:74,5,0,0
BRDA:85,6,0,0
BRDA:85,6,1,0
BRDA:87,7,0,0
BRDA:87,7,1,0
BRDA:98,8,0,0
BRDA:98,8,1,0
BRDA:98,9,0,0
BRDA:98,9,1,0
BRDA:177,10,0,0
BRDA:177,10,1,0
BRDA:183,11,0,0
BRDA:183,11,1,0
BRDA:191,12,0,0
BRDA:191,12,1,0
BRDA:199,13,0,0
BRDA:199,13,1,0
BRDA:205,14,0,0
BRDA:205,14,1,0
BRDA:214,15,0,0
BRDA:214,15,1,0
BRDA:223,16,0,0
BRDA:223,16,1,0
BRDA:230,17,0,0
BRDA:230,17,1,0
BRDA:238,18,0,0
BRDA:238,18,1,0
BRDA:246,19,0,0
BRDA:246,19,1,0
BRDA:255,20,0,0
BRDA:255,20,1,0
BRDA:270,21,0,0
BRDA:270,21,1,0
BRDA:283,22,0,0
BRDA:283,22,1,0
BRDA:302,23,0,0
BRDA:302,23,1,0
BRDA:309,24,0,0
BRDA:309,24,1,0
BRF:48
BRH:0
end_of_record
TN:
SF:src\plugins\business\workday.ts
FN:36,(anonymous_0)
FN:45,(anonymous_1)
FN:67,(anonymous_2)
FN:78,(anonymous_3)
FN:108,(anonymous_4)
FN:119,(anonymous_5)
FN:130,(anonymous_6)
FN:149,(anonymous_7)
FN:173,(anonymous_8)
FN:180,(anonymous_9)
FN:188,(anonymous_10)
FN:193,(anonymous_11)
FN:211,(anonymous_12)
FN:226,(anonymous_13)
FN:247,(anonymous_14)
FN:261,(anonymous_15)
FN:274,(anonymous_16)
FN:277,(anonymous_17)
FN:289,(anonymous_18)
FN:294,(anonymous_19)
FN:306,(anonymous_20)
FN:318,(anonymous_21)
FN:330,(anonymous_22)
FN:341,(anonymous_23)
FN:352,(anonymous_24)
FN:365,(anonymous_25)
FN:375,(anonymous_26)
FN:379,(anonymous_27)
FN:382,(anonymous_28)
FN:385,(anonymous_29)
FN:390,(anonymous_30)
FN:393,(anonymous_31)
FN:399,(anonymous_32)
FN:405,(anonymous_33)
FNF:34
FNH:32
FNDA:11,(anonymous_0)
FNDA:5809,(anonymous_1)
FNDA:1243787,(anonymous_2)
FNDA:1243384,(anonymous_3)
FNDA:1209,(anonymous_4)
FNDA:2,(anonymous_5)
FNDA:1112,(anonymous_6)
FNDA:1106,(anonymous_7)
FNDA:1,(anonymous_8)
FNDA:1,(anonymous_9)
FNDA:3,(anonymous_10)
FNDA:85,(anonymous_11)
FNDA:3,(anonymous_12)
FNDA:2,(anonymous_13)
FNDA:1,(anonymous_14)
FNDA:0,(anonymous_15)
FNDA:9,(anonymous_16)
FNDA:2382,(anonymous_17)
FNDA:68,(anonymous_18)
FNDA:1209,(anonymous_19)
FNDA:2,(anonymous_20)
FNDA:1109,(anonymous_21)
FNDA:1104,(anonymous_22)
FNDA:1,(anonymous_23)
FNDA:3,(anonymous_24)
FNDA:8,(anonymous_25)
FNDA:0,(anonymous_26)
FNDA:85,(anonymous_27)
FNDA:1761,(anonymous_28)
FNDA:3,(anonymous_29)
FNDA:1510,(anonymous_30)
FNDA:2,(anonymous_31)
FNDA:1,(anonymous_32)
FNDA:1,(anonymous_33)
DA:24,9
DA:26,11
DA:37,11
DA:46,5809
DA:47,5809
DA:68,1243787
DA:69,1243787
DA:70,403
DA:73,1243384
DA:74,1243384
DA:75,1243384
DA:80,1243384
DA:81,1243384
DA:82,353599
DA:86,889785
DA:87,889785
DA:88,889785
DA:89,889785
DA:90,889785
DA:91,43024
DA:97,846761
DA:98,846761
DA:99,0
DA:100,0
DA:105,846761
DA:109,1209
DA:110,1209
DA:112,1209
DA:113,58
DA:116,1209
DA:120,2
DA:121,2
DA:123,2
DA:124,2
DA:127,2
DA:131,1112
DA:133,1111
DA:134,1111
DA:135,1111
DA:136,1111
DA:138,1111
DA:139,735298
DA:141,735298
DA:142,500821
DA:146,1111
DA:150,1106
DA:151,1106
DA:153,1106
DA:154,2
DA:157,1104
DA:158,1104
DA:159,1104
DA:160,1104
DA:162,1104
DA:163,500006
DA:165,500006
DA:166,340847
DA:170,1104
DA:174,1
DA:175,1
DA:177,1
DA:181,1
DA:182,1
DA:184,1
DA:189,3
DA:194,85
DA:195,85
DA:196,85
DA:198,85
DA:200,85
DA:201,2593
DA:202,1761
DA:204,2593
DA:207,85
DA:212,3
DA:213,3
DA:215,3
DA:216,2224
DA:217,1510
DA:219,2224
DA:222,3
DA:227,2
DA:228,2
DA:230,2
DA:231,2
DA:233,2
DA:234,10
DA:235,6
DA:236,6
DA:237,2
DA:240,8
DA:243,0
DA:248,1
DA:249,1
DA:251,1
DA:252,1
DA:253,1
DA:255,0
DA:258,0
DA:262,0
DA:267,9
DA:269,9
DA:276,9
DA:278,2382
DA:281,2382
DA:282,2381
DA:283,2381
DA:286,2382
DA:290,68
DA:291,68
DA:295,1209
DA:297,1209
DA:298,1209
DA:299,1209
DA:302,1209
DA:303,1209
DA:307,2
DA:309,2
DA:310,2
DA:311,2
DA:314,2
DA:315,2
DA:319,1109
DA:321,1109
DA:322,1109
DA:323,1109
DA:326,1109
DA:327,1109
DA:331,1104
DA:333,1104
DA:334,1104
DA:335,1104
DA:338,1104
DA:342,1
DA:344,1
DA:345,1
DA:346,1
DA:349,1
DA:353,3
DA:355,3
DA:356,3
DA:357,3
DA:360,3
DA:361,3
DA:366,8
DA:367,8
DA:372,9
DA:376,0
DA:380,85
DA:381,85
DA:382,1761
DA:386,3
DA:387,3
DA:388,3
DA:389,3
DA:390,1510
DA:394,2
DA:395,2
DA:396,2
DA:400,1
DA:401,1
DA:402,1
DA:406,1
DA:407,1
LF:164
LH:157
BRDA:36,0,0,9
BRDA:69,1,0,403
BRDA:81,2,0,353599
BRDA:86,3,0,889785
BRDA:86,4,0,889785
BRDA:86,4,1,889785
BRDA:88,5,0,889785
BRDA:90,6,0,43024
BRDA:97,7,0,846761
BRDA:99,8,0,0
BRDA:131,9,0,1
BRDA:135,10,0,1058
BRDA:135,10,1,53
BRDA:141,11,0,500821
BRDA:153,12,0,2
BRDA:158,13,0,1103
BRDA:158,13,1,1
BRDA:165,14,0,340847
BRDA:177,15,0,0
BRDA:177,15,1,1
BRDA:184,16,0,0
BRDA:184,16,1,1
BRDA:201,17,0,1761
BRDA:216,18,0,1510
BRDA:234,19,0,6
BRDA:236,20,0,2
BRDA:252,21,0,1
BRDA:278,22,0,2
BRDA:278,22,1,2380
BRDA:281,23,0,2381
BRDA:281,24,0,2382
BRDA:281,24,1,2381
BRDA:291,25,0,68
BRDA:291,25,1,67
BRDA:295,26,0,0
BRDA:295,26,1,1209
BRDA:297,27,0,1209
BRDA:297,28,0,1209
BRDA:297,28,1,1209
BRDA:307,29,0,0
BRDA:307,29,1,2
BRDA:309,30,0,2
BRDA:309,31,0,2
BRDA:309,31,1,2
BRDA:319,32,0,0
BRDA:319,32,1,1109
BRDA:321,33,0,1109
BRDA:321,34,0,1109
BRDA:321,34,1,1109
BRDA:331,35,0,0
BRDA:331,35,1,1104
BRDA:333,36,0,1104
BRDA:333,37,0,1104
BRDA:333,37,1,1104
BRDA:342,38,0,0
BRDA:342,38,1,1
BRDA:344,39,0,1
BRDA:344,40,0,1
BRDA:344,40,1,1
BRDA:353,41,0,0
BRDA:353,41,1,3
BRDA:355,42,0,3
BRDA:355,43,0,3
BRDA:355,43,1,3
BRDA:365,44,0,6
BRDA:365,45,0,6
BRDA:367,46,0,8
BRDA:367,46,1,7
BRDA:367,46,2,5
BRDA:380,47,0,0
BRDA:380,47,1,85
BRDA:386,48,0,0
BRDA:386,48,1,3
BRDA:394,49,0,0
BRDA:394,49,1,2
BRDA:396,50,0,2
BRDA:396,50,1,0
BRDA:400,51,0,0
BRDA:400,51,1,1
BRDA:402,52,0,1
BRDA:402,52,1,0
BRDA:406,53,0,0
BRDA:406,53,1,1
BRF:83
BRH:67
end_of_record
TN:
SF:src\plugins\calendar\calendar.ts
FN:24,(anonymous_0)
FN:44,(anonymous_1)
FN:53,(anonymous_2)
FN:89,(anonymous_3)
FN:96,(anonymous_4)
FN:105,(anonymous_5)
FN:112,(anonymous_6)
FN:119,(anonymous_7)
FN:126,(anonymous_8)
FN:138,(anonymous_9)
FN:162,(anonymous_10)
FN:165,(anonymous_11)
FN:181,(anonymous_12)
FN:194,(anonymous_13)
FN:207,(anonymous_14)
FN:211,(anonymous_15)
FN:215,(anonymous_16)
FN:228,(anonymous_17)
FN:232,(anonymous_18)
FN:236,(anonymous_19)
FN:240,(anonymous_20)
FN:244,(anonymous_21)
FN:248,(anonymous_22)
FN:255,(anonymous_23)
FN:262,(anonymous_24)
FN:269,(anonymous_25)
FN:276,(anonymous_26)
FN:280,(anonymous_27)
FN:284,(anonymous_28)
FN:289,(anonymous_29)
FN:293,(anonymous_30)
FN:298,(anonymous_31)
FN:305,(anonymous_32)
FN:310,(anonymous_33)
FN:315,(anonymous_34)
FNF:35
FNH:34
FNDA:13,(anonymous_0)
FNDA:6,(anonymous_1)
FNDA:6,(anonymous_2)
FNDA:15,(anonymous_3)
FNDA:5,(anonymous_4)
FNDA:5,(anonymous_5)
FNDA:3,(anonymous_6)
FNDA:10,(anonymous_7)
FNDA:4,(anonymous_8)
FNDA:1,(anonymous_9)
FNDA:1,(anonymous_10)
FNDA:14,(anonymous_11)
FNDA:3,(anonymous_12)
FNDA:8,(anonymous_13)
FNDA:5,(anonymous_14)
FNDA:0,(anonymous_15)
FNDA:4,(anonymous_16)
FNDA:4,(anonymous_17)
FNDA:2,(anonymous_18)
FNDA:2,(anonymous_19)
FNDA:3,(anonymous_20)
FNDA:1,(anonymous_21)
FNDA:1,(anonymous_22)
FNDA:1,(anonymous_23)
FNDA:6,(anonymous_24)
FNDA:2,(anonymous_25)
FNDA:1,(anonymous_26)
FNDA:1,(anonymous_27)
FNDA:6,(anonymous_28)
FNDA:3,(anonymous_29)
FNDA:2,(anonymous_30)
FNDA:2,(anonymous_31)
FNDA:2,(anonymous_32)
FNDA:2,(anonymous_33)
FNDA:2,(anonymous_34)
DA:25,13
DA:26,13
DA:30,13
DA:33,13
DA:36,13
DA:38,13
DA:45,6
DA:46,6
DA:47,6
DA:54,6
DA:55,6
DA:58,6
DA:59,6
DA:62,6
DA:63,6
DA:64,6
DA:66,6
DA:67,6
DA:71,6
DA:74,6
DA:77,6
DA:79,0
DA:80,0
DA:83,6
DA:90,15
DA:97,5
DA:98,5
DA:99,5
DA:106,5
DA:113,3
DA:120,10
DA:127,4
DA:128,4
DA:129,4
DA:130,4
DA:132,4
DA:139,1
DA:141,1
DA:159,2
DA:164,1
DA:166,14
DA:168,14
DA:169,10
DA:172,4
DA:173,2
DA:176,2
DA:177,2
DA:178,2
DA:182,3
DA:184,3
DA:185,3
DA:188,0
DA:189,0
DA:190,0
DA:191,0
DA:195,8
DA:197,8
DA:198,8
DA:201,0
DA:202,0
DA:203,0
DA:204,0
DA:208,5
DA:212,0
DA:216,4
DA:218,4
DA:219,3
DA:222,1
DA:223,1
DA:224,1
DA:225,1
DA:229,4
DA:233,2
DA:237,2
DA:241,3
DA:245,1
DA:249,1
DA:250,1
DA:251,1
DA:256,1
DA:257,1
DA:258,1
DA:263,6
DA:264,6
DA:265,6
DA:266,6
DA:270,2
DA:271,2
DA:272,2
DA:273,2
DA:277,1
DA:281,1
DA:285,6
DA:286,6
DA:290,3
DA:294,2
DA:299,2
DA:300,2
DA:302,2
DA:306,2
DA:311,2
DA:312,2
DA:316,2
DA:317,2
DA:320,2
DA:321,2
DA:324,0
DA:329,1
DA:335,2
DA:336,2
LF:110
LH:98
BRDA:30,0,0,13
BRDA:30,0,1,3
BRDA:46,1,0,6
BRDA:46,1,1,3
BRDA:53,2,0,6
BRDA:66,3,0,6
BRDA:77,4,0,0
BRDA:113,5,0,2
BRDA:113,5,1,1
BRDA:120,6,0,10
BRDA:120,6,1,7
BRDA:120,6,2,5
BRDA:126,7,0,4
BRDA:168,8,0,10
BRDA:172,9,0,2
BRDA:172,10,0,4
BRDA:172,10,1,3
BRDA:184,11,0,3
BRDA:197,12,0,8
BRDA:218,13,0,3
BRDA:262,14,0,1
BRDA:265,15,0,0
BRDA:265,15,1,6
BRDA:269,16,0,1
BRDA:272,17,0,0
BRDA:272,17,1,2
BRDA:286,18,0,6
BRDA:286,18,1,4
BRDA:294,19,0,2
BRDA:294,19,1,1
BRDA:298,20,0,2
BRDA:306,21,0,2
BRDA:306,21,1,1
BRDA:320,22,0,2
BRF:34
BRH:31
end_of_record
TN:
SF:src\plugins\duration\duration.ts
FN:74,(anonymous_0)
FN:86,(anonymous_1)
FN:98,(anonymous_2)
FN:135,(anonymous_3)
FN:150,(anonymous_4)
FN:181,(anonymous_5)
FN:185,(anonymous_6)
FN:189,(anonymous_7)
FN:193,(anonymous_8)
FN:197,(anonymous_9)
FN:201,(anonymous_10)
FN:205,(anonymous_11)
FN:209,(anonymous_12)
FN:214,(anonymous_13)
FN:218,(anonymous_14)
FN:222,(anonymous_15)
FN:226,(anonymous_16)
FN:230,(anonymous_17)
FN:234,(anonymous_18)
FN:238,(anonymous_19)
FN:242,(anonymous_20)
FN:247,(anonymous_21)
FN:252,(anonymous_22)
FN:257,(anonymous_23)
FN:261,(anonymous_24)
FN:265,(anonymous_25)
FN:269,(anonymous_26)
FN:274,(anonymous_27)
FN:278,(anonymous_28)
FN:282,(anonymous_29)
FN:286,(anonymous_30)
FN:290,(anonymous_31)
FN:294,(anonymous_32)
FN:299,(anonymous_33)
FN:303,(anonymous_34)
FN:336,(anonymous_35)
FN:341,(anonymous_36)
FN:380,(anonymous_37)
FN:393,(anonymous_38)
FN:402,(anonymous_39)
FN:406,(anonymous_40)
FN:413,(anonymous_41)
FN:420,(anonymous_42)
FN:427,(anonymous_43)
FN:433,(anonymous_44)
FN:439,(anonymous_45)
FN:444,(anonymous_46)
FN:451,(anonymous_47)
FN:456,(anonymous_48)
FN:461,(anonymous_49)
FN:466,(anonymous_50)
FNF:51
FNH:31
FNDA:28,(anonymous_0)
FNDA:21,(anonymous_1)
FNDA:5,(anonymous_2)
FNDA:21,(anonymous_3)
FNDA:4,(anonymous_4)
FNDA:4,(anonymous_5)
FNDA:2,(anonymous_6)
FNDA:1,(anonymous_7)
FNDA:5,(anonymous_8)
FNDA:3,(anonymous_9)
FNDA:0,(anonymous_10)
FNDA:0,(anonymous_11)
FNDA:0,(anonymous_12)
FNDA:2,(anonymous_13)
FNDA:2,(anonymous_14)
FNDA:0,(anonymous_15)
FNDA:2,(anonymous_16)
FNDA:2,(anonymous_17)
FNDA:2,(anonymous_18)
FNDA:2,(anonymous_19)
FNDA:1,(anonymous_20)
FNDA:1,(anonymous_21)
FNDA:2,(anonymous_22)
FNDA:0,(anonymous_23)
FNDA:0,(anonymous_24)
FNDA:0,(anonymous_25)
FNDA:0,(anonymous_26)
FNDA:1,(anonymous_27)
FNDA:1,(anonymous_28)
FNDA:1,(anonymous_29)
FNDA:0,(anonymous_30)
FNDA:1,(anonymous_31)
FNDA:0,(anonymous_32)
FNDA:0,(anonymous_33)
FNDA:1,(anonymous_34)
FNDA:0,(anonymous_35)
FNDA:2,(anonymous_36)
FNDA:0,(anonymous_37)
FNDA:0,(anonymous_38)
FNDA:1,(anonymous_39)
FNDA:1,(anonymous_40)
FNDA:1,(anonymous_41)
FNDA:1,(anonymous_42)
FNDA:1,(anonymous_43)
FNDA:1,(anonymous_44)
FNDA:0,(anonymous_45)
FNDA:0,(anonymous_46)
FNDA:0,(anonymous_47)
FNDA:0,(anonymous_48)
FNDA:0,(anonymous_49)
FNDA:0,(anonymous_50)
DA:47,1
DA:49,28
DA:50,28
DA:51,28
DA:52,28
DA:53,28
DA:54,28
DA:55,28
DA:56,28
DA:75,28
DA:76,7
DA:77,7
DA:78,21
DA:79,5
DA:80,5
DA:82,16
DA:87,21
DA:88,21
DA:89,21
DA:90,21
DA:91,21
DA:92,21
DA:93,21
DA:94,21
DA:95,21
DA:100,5
DA:104,5
DA:105,1
DA:106,1
DA:118,4
DA:122,4
DA:123,4
DA:124,4
DA:125,4
DA:126,4
DA:127,4
DA:131,0
DA:132,0
DA:136,21
DA:138,21
DA:139,21
DA:140,21
DA:141,21
DA:142,21
DA:143,21
DA:144,21
DA:145,21
DA:147,21
DA:151,4
DA:177,4
DA:182,4
DA:186,2
DA:190,1
DA:194,5
DA:198,3
DA:202,0
DA:206,0
DA:210,0
DA:215,2
DA:219,2
DA:223,0
DA:227,2
DA:231,2
DA:235,2
DA:239,2
DA:243,1
DA:248,1
DA:249,1
DA:253,2
DA:254,2
DA:258,0
DA:262,0
DA:266,0
DA:270,0
DA:275,1
DA:279,1
DA:283,1
DA:287,0
DA:291,1
DA:295,0
DA:300,0
DA:304,1
DA:305,1
DA:307,1
DA:308,1
DA:311,1
DA:312,1
DA:313,1
DA:314,1
DA:315,1
DA:317,1
DA:319,1
DA:320,1
DA:321,1
DA:323,1
DA:324,1
DA:325,1
DA:326,1
DA:327,1
DA:328,1
DA:329,1
DA:333,1
DA:337,0
DA:342,2
DA:343,2
DA:345,2
DA:356,2
DA:357,2
DA:359,2
DA:360,13
DA:361,5
DA:362,5
DA:363,5
DA:365,5
DA:366,1
DA:371,2
DA:372,0
DA:375,2
DA:376,2
DA:381,0
DA:394,0
DA:398,1
DA:404,1
DA:407,1
DA:408,1
DA:409,1
DA:414,1
DA:415,1
DA:416,1
DA:421,1
DA:422,1
DA:423,1
DA:428,1
DA:429,1
DA:434,1
DA:435,1
DA:440,0
DA:445,0
DA:450,1
DA:452,0
DA:457,0
DA:462,0
DA:467,0
DA:468,0
DA:469,0
DA:470,0
LF:146
LH:120
BRDA:75,0,0,7
BRDA:75,0,1,21
BRDA:78,1,0,5
BRDA:78,1,1,16
BRDA:87,2,0,21
BRDA:87,2,1,18
BRDA:88,3,0,21
BRDA:88,3,1,18
BRDA:89,4,0,21
BRDA:89,4,1,21
BRDA:90,5,0,21
BRDA:90,5,1,14
BRDA:91,6,0,21
BRDA:91,6,1,4
BRDA:92,7,0,21
BRDA:92,7,1,11
BRDA:93,8,0,21
BRDA:93,8,1,15
BRDA:94,9,0,21
BRDA:94,9,1,20
BRDA:104,10,0,1
BRDA:107,11,0,1
BRDA:107,11,1,0
BRDA:108,12,0,1
BRDA:108,12,1,0
BRDA:109,13,0,0
BRDA:109,13,1,1
BRDA:110,14,0,1
BRDA:110,14,1,0
BRDA:111,15,0,1
BRDA:111,15,1,0
BRDA:112,16,0,1
BRDA:112,16,1,0
BRDA:113,17,0,1
BRDA:113,17,1,0
BRDA:122,18,0,4
BRDA:132,19,0,0
BRDA:132,19,1,0
BRDA:138,20,0,3
BRDA:139,21,0,3
BRDA:140,22,0,0
BRDA:141,23,0,7
BRDA:142,24,0,17
BRDA:143,25,0,10
BRDA:144,26,0,6
BRDA:145,27,0,1
BRDA:177,28,0,4
BRDA:177,28,1,0
BRDA:248,29,0,1
BRDA:248,29,1,0
BRDA:253,30,0,2
BRDA:253,30,1,0
BRDA:305,31,0,0
BRDA:305,31,1,1
BRDA:319,32,0,1
BRDA:320,33,0,1
BRDA:321,34,0,1
BRDA:323,35,0,1
BRDA:323,36,0,1
BRDA:323,36,1,0
BRDA:323,36,2,0
BRDA:323,36,3,0
BRDA:325,37,0,1
BRDA:326,38,0,1
BRDA:327,39,0,1
BRDA:327,40,0,1
BRDA:327,40,1,0
BRDA:333,41,0,0
BRDA:333,41,1,1
BRDA:343,42,0,0
BRDA:343,42,1,2
BRDA:360,43,0,5
BRDA:362,44,0,5
BRDA:362,44,1,0
BRDA:365,45,0,1
BRDA:365,46,0,5
BRDA:365,46,1,2
BRDA:371,47,0,0
BRDA:428,48,0,1
BRDA:428,48,1,0
BRDA:434,49,0,1
BRDA:434,49,1,0
BRDA:452,50,0,0
BRDA:452,50,1,0
BRF:84
BRH:58
end_of_record
TN:
SF:src\plugins\format\tokens.ts
FN:113,(anonymous_0)
FN:119,(anonymous_1)
FN:131,(anonymous_2)
FN:149,(anonymous_3)
FN:167,(anonymous_4)
FN:172,(anonymous_5)
FN:177,(anonymous_6)
FN:182,(anonymous_7)
FN:196,(anonymous_8)
FN:203,(anonymous_9)
FN:6,(anonymous_10)
FN:7,(anonymous_11)
FN:8,(anonymous_12)
FN:11,(anonymous_13)
FN:13,(anonymous_14)
FN:15,(anonymous_15)
FN:16,(anonymous_16)
FN:19,(anonymous_17)
FN:20,(anonymous_18)
FN:21,(anonymous_19)
FN:28,(anonymous_20)
FN:30,(anonymous_21)
FN:32,(anonymous_22)
FN:34,(anonymous_23)
FN:37,(anonymous_24)
FN:38,(anonymous_25)
FN:39,(anonymous_26)
FN:44,(anonymous_27)
FN:51,(anonymous_28)
FN:52,(anonymous_29)
FN:55,(anonymous_30)
FN:56,(anonymous_31)
FN:59,(anonymous_32)
FN:60,(anonymous_33)
FN:64,(anonymous_34)
FN:67,(anonymous_35)
FN:71,(anonymous_36)
FN:77,(anonymous_37)
FN:84,(anonymous_38)
FN:93,(anonymous_39)
FN:94,(anonymous_40)
FN:97,(anonymous_41)
FN:98,(anonymous_42)
FN:101,(anonymous_43)
FN:102,(anonymous_44)
FN:105,(anonymous_45)
FN:106,(anonymous_46)
FN:216,(anonymous_47)
FN:221,(anonymous_48)
FN:227,(anonymous_49)
FN:231,(anonymous_50)
FN:235,(anonymous_51)
FN:239,(anonymous_52)
FN:243,(anonymous_53)
FN:247,(anonymous_54)
FN:254,(anonymous_55)
FN:259,(anonymous_56)
FNF:57
FNH:0
FNDA:0,(anonymous_0)
FNDA:0,(anonymous_1)
FNDA:0,(anonymous_2)
FNDA:0,(anonymous_3)
FNDA:0,(anonymous_4)
FNDA:0,(anonymous_5)
FNDA:0,(anonymous_6)
FNDA:0,(anonymous_7)
FNDA:0,(anonymous_8)
FNDA:0,(anonymous_9)
FNDA:0,(anonymous_10)
FNDA:0,(anonymous_11)
FNDA:0,(anonymous_12)
FNDA:0,(anonymous_13)
FNDA:0,(anonymous_14)
FNDA:0,(anonymous_15)
FNDA:0,(anonymous_16)
FNDA:0,(anonymous_17)
FNDA:0,(anonymous_18)
FNDA:0,(anonymous_19)
FNDA:0,(anonymous_20)
FNDA:0,(anonymous_21)
FNDA:0,(anonymous_22)
FNDA:0,(anonymous_23)
FNDA:0,(anonymous_24)
FNDA:0,(anonymous_25)
FNDA:0,(anonymous_26)
FNDA:0,(anonymous_27)
FNDA:0,(anonymous_28)
FNDA:0,(anonymous_29)
FNDA:0,(anonymous_30)
FNDA:0,(anonymous_31)
FNDA:0,(anonymous_32)
FNDA:0,(anonymous_33)
FNDA:0,(anonymous_34)
FNDA:0,(anonymous_35)
FNDA:0,(anonymous_36)
FNDA:0,(anonymous_37)
FNDA:0,(anonymous_38)
FNDA:0,(anonymous_39)
FNDA:0,(anonymous_40)
FNDA:0,(anonymous_41)
FNDA:0,(anonymous_42)
FNDA:0,(anonymous_43)
FNDA:0,(anonymous_44)
FNDA:0,(anonymous_45)
FNDA:0,(anonymous_46)
FNDA:0,(anonymous_47)
FNDA:0,(anonymous_48)
FNDA:0,(anonymous_49)
FNDA:0,(anonymous_50)
FNDA:0,(anonymous_51)
FNDA:0,(anonymous_52)
FNDA:0,(anonymous_53)
FNDA:0,(anonymous_54)
FNDA:0,(anonymous_55)
FNDA:0,(anonymous_56)
DA:3,0
DA:4,0
DA:6,0
DA:7,0
DA:8,0
DA:12,0
DA:14,0
DA:15,0
DA:16,0
DA:19,0
DA:20,0
DA:22,0
DA:23,0
DA:24,0
DA:29,0
DA:31,0
DA:33,0
DA:34,0
DA:37,0
DA:38,0
DA:40,0
DA:41,0
DA:42,0
DA:45,0
DA:46,0
DA:47,0
DA:51,0
DA:52,0
DA:55,0
DA:56,0
DA:59,0
DA:61,0
DA:64,0
DA:68,0
DA:69,0
DA:72,0
DA:73,0
DA:78,0
DA:79,0
DA:80,0
DA:81,0
DA:82,0
DA:85,0
DA:86,0
DA:87,0
DA:88,0
DA:89,0
DA:93,0
DA:94,0
DA:97,0
DA:98,0
DA:101,0
DA:102,0
DA:105,0
DA:107,0
DA:108,0
DA:109,0
DA:114,0
DA:115,0
DA:119,0
DA:121,0
DA:123,0
DA:124,0
DA:125,0
DA:128,0
DA:132,0
DA:146,0
DA:150,0
DA:164,0
DA:168,0
DA:169,0
DA:173,0
DA:174,0
DA:178,0
DA:179,0
DA:183,0
DA:184,0
DA:186,0
DA:188,0
DA:190,0
DA:192,0
DA:197,0
DA:198,0
DA:199,0
DA:200,0
DA:204,0
DA:205,0
DA:206,0
DA:207,0
DA:211,0
DA:217,0
DA:220,0
DA:222,0
DA:223,0
DA:228,0
DA:232,0
DA:236,0
DA:240,0
DA:244,0
DA:248,0
DA:253,0
DA:255,0
DA:256,0
DA:260,0
LF:104
LH:0
BRDA:114,0,0,0
BRDA:114,1,0,0
BRDA:114,1,1,0
BRDA:146,2,0,0
BRDA:146,2,1,0
BRDA:164,3,0,0
BRDA:164,3,1,0
BRDA:169,4,0,0
BRDA:169,4,1,0
BRDA:174,5,0,0
BRDA:174,5,1,0
BRDA:179,6,0,0
BRDA:179,6,1,0
BRDA:183,7,0,0
BRDA:183,8,0,0
BRDA:183,8,1,0
BRDA:184,9,0,0
BRDA:184,9,1,0
BRDA:184,9,2,0
BRDA:184,9,3,0
BRDA:12,10,0,0
BRDA:12,10,1,0
BRDA:14,11,0,0
BRDA:14,11,1,0
BRDA:23,12,0,0
BRDA:23,12,1,0
BRDA:29,13,0,0
BRDA:29,13,1,0
BRDA:31,14,0,0
BRDA:31,14,1,0
BRDA:33,15,0,0
BRDA:33,15,1,0
BRDA:41,16,0,0
BRDA:41,16,1,0
BRDA:41,17,0,0
BRDA:41,17,1,0
BRDA:46,18,0,0
BRDA:46,18,1,0
BRDA:46,19,0,0
BRDA:46,19,1,0
BRDA:69,20,0,0
BRDA:69,20,1,0
BRDA:69,21,0,0
BRDA:69,21,1,0
BRDA:73,22,0,0
BRDA:73,22,1,0
BRDA:73,23,0,0
BRDA:73,23,1,0
BRDA:81,24,0,0
BRDA:81,24,1,0
BRDA:88,25,0,0
BRDA:88,25,1,0
BRDA:108,26,0,0
BRDA:108,26,1,0
BRDA:221,27,0,0
BRDA:222,28,0,0
BRDA:222,28,1,0
BRF:57
BRH:0
end_of_record
TN:
SF:src\plugins\holiday\engine.ts
FN:17,(anonymous_0)
FN:21,(anonymous_1)
FN:25,(anonymous_2)
FN:29,(anonymous_3)
FN:69,(anonymous_4)
FN:100,(anonymous_5)
FN:114,(anonymous_6)
FN:128,(anonymous_7)
FN:133,(anonymous_8)
FN:147,(anonymous_9)
FN:173,(anonymous_10)
FN:194,(anonymous_11)
FN:197,(anonymous_12)
FN:243,(anonymous_13)
FN:261,(anonymous_14)
FN:277,(anonymous_15)
FN:294,(anonymous_16)
FN:302,(anonymous_17)
FN:315,(anonymous_18)
FN:317,(anonymous_19)
FN:322,(anonymous_20)
FN:327,(anonymous_21)
FN:333,(anonymous_22)
FN:340,(anonymous_23)
FN:346,(anonymous_24)
FN:350,(anonymous_25)
FNF:26
FNH:23
FNDA:9,(anonymous_0)
FNDA:9,(anonymous_1)
FNDA:54,(anonymous_2)
FNDA:11,(anonymous_3)
FNDA:1252,(anonymous_4)
FNDA:355,(anonymous_5)
FNDA:0,(anonymous_6)
FNDA:0,(anonymous_7)
FNDA:4,(anonymous_8)
FNDA:893433,(anonymous_9)
FNDA:1734,(anonymous_10)
FNDA:36481,(anonymous_11)
FNDA:13957060,(anonymous_12)
FNDA:3,(anonymous_13)
FNDA:1101,(anonymous_14)
FNDA:1,(anonymous_15)
FNDA:13929161,(anonymous_16)
FNDA:0,(anonymous_17)
FNDA:9,(anonymous_18)
FNDA:3612,(anonymous_19)
FNDA:36,(anonymous_20)
FNDA:1101,(anonymous_21)
FNDA:1,(anonymous_22)
FNDA:6141,(anonymous_23)
FNDA:509,(anonymous_24)
FNDA:3,(anonymous_25)
DA:8,9
DA:9,9
DA:10,9
DA:12,9
DA:13,9
DA:14,9
DA:15,9
DA:18,9
DA:26,54
DA:30,11
DA:31,11
DA:32,2
DA:35,9
DA:37,9
DA:38,9
DA:41,9
DA:42,9
DA:43,0
DA:46,9
DA:47,9
DA:48,0
DA:51,9
DA:54,9
DA:55,0
DA:59,9
DA:60,2
DA:64,9
DA:66,9
DA:70,1252
DA:72,1252
DA:73,1252
DA:74,1252
DA:76,1252
DA:77,897
DA:78,897
DA:81,355
DA:83,355
DA:84,355
DA:86,0
DA:87,0
DA:89,0
DA:90,0
DA:91,0
DA:93,0
DA:97,1252
DA:101,355
DA:102,355
DA:104,355
DA:105,355
DA:107,355
DA:108,534
DA:111,355
DA:115,0
DA:117,0
DA:119,0
DA:120,0
DA:122,0
DA:125,0
DA:130,0
DA:134,4
DA:136,4
DA:137,4
DA:138,14
DA:139,14
DA:140,14
DA:144,4
DA:148,893433
DA:150,893433
DA:151,13930065
DA:152,0
DA:155,13930065
DA:157,13930065
DA:158,13929161
DA:159,44884
DA:170,848549
DA:174,1734
DA:176,1734
DA:177,26995
DA:178,0
DA:181,26995
DA:183,26995
DA:184,26856
DA:194,36481
DA:198,13957060
DA:199,13957060
DA:200,0
DA:203,13957060
DA:205,13957060
DA:206,121
DA:209,13957060
DA:210,13957060
DA:211,13950646
DA:214,6414
DA:215,6414
DA:216,0
DA:221,6414
DA:222,224
DA:224,6190
DA:228,6414
DA:229,1252
DA:233,6414
DA:234,2
DA:238,6414
DA:240,6414
DA:244,3
DA:245,3
DA:246,3
DA:248,3
DA:249,113
DA:251,113
DA:252,1866
DA:253,1855
DA:258,3
DA:262,1101
DA:265,1101
DA:266,1101
DA:267,3068
DA:268,1091
DA:273,10
DA:274,10
DA:278,1
DA:281,1
DA:282,1
DA:283,2
DA:284,2
DA:285,1
DA:290,0
DA:291,0
DA:295,13929161
DA:303,0
DA:304,0
DA:309,9
DA:311,9
DA:316,9
DA:318,3612
DA:319,3612
DA:323,36
DA:324,36
DA:328,1101
DA:329,1101
DA:330,1101
DA:334,1
DA:335,1
DA:336,1
DA:341,6141
DA:345,9
DA:347,509
DA:351,3
DA:352,3
DA:353,3
LF:150
LH:126
BRDA:31,0,0,2
BRDA:35,1,0,9
BRDA:35,1,1,0
BRDA:37,2,0,9
BRDA:37,3,0,9
BRDA:37,3,1,0
BRDA:38,4,0,9
BRDA:38,4,1,0
BRDA:41,5,0,9
BRDA:41,5,1,0
BRDA:42,6,0,0
BRDA:47,7,0,0
BRDA:54,8,0,0
BRDA:59,9,0,2
BRDA:59,10,0,9
BRDA:59,10,1,2
BRDA:74,11,0,1252
BRDA:74,11,1,897
BRDA:74,11,2,897
BRDA:76,12,0,897
BRDA:81,13,0,355
BRDA:81,13,1,0
BRDA:81,13,2,0
BRDA:81,13,3,0
BRDA:101,14,0,355
BRDA:101,14,1,0
BRDA:102,15,0,355
BRDA:102,15,1,0
BRDA:105,16,0,355
BRDA:105,16,1,0
BRDA:117,17,0,0
BRDA:117,17,1,0
BRDA:120,18,0,0
BRDA:151,19,0,0
BRDA:151,20,0,13930065
BRDA:151,20,1,13930065
BRDA:158,21,0,44884
BRDA:160,22,0,44884
BRDA:160,22,1,1
BRDA:164,23,0,44884
BRDA:164,23,1,44884
BRDA:177,24,0,0
BRDA:177,25,0,26995
BRDA:177,25,1,26995
BRDA:185,26,0,26856
BRDA:185,26,1,0
BRDA:189,27,0,26856
BRDA:189,27,1,26856
BRDA:199,28,0,0
BRDA:203,29,0,13957060
BRDA:203,29,1,0
BRDA:205,30,0,121
BRDA:205,31,0,13957060
BRDA:205,31,1,0
BRDA:206,32,0,121
BRDA:206,32,1,0
BRDA:209,33,0,13957060
BRDA:209,33,1,0
BRDA:210,34,0,13950646
BRDA:215,35,0,0
BRDA:221,36,0,224
BRDA:221,36,1,6190
BRDA:228,37,0,1252
BRDA:233,38,0,2
BRDA:233,39,0,6414
BRDA:233,39,1,2
BRDA:252,40,0,1855
BRDA:252,41,0,1866
BRDA:252,41,1,1866
BRDA:267,42,0,1091
BRDA:274,43,0,10
BRDA:274,43,1,0
BRDA:284,44,0,1
BRDA:291,45,0,0
BRDA:291,45,1,0
BRDA:296,46,0,13929161
BRDA:296,46,1,13929149
BRDA:296,46,2,1184499
BRDA:318,47,0,3612
BRDA:318,47,1,3583
BRDA:323,48,0,36
BRDA:323,48,1,7
BRDA:328,49,0,1101
BRDA:328,49,1,1101
BRDA:330,50,0,1101
BRDA:330,50,1,0
BRDA:334,51,0,1
BRDA:334,51,1,1
BRDA:336,52,0,1
BRDA:336,52,1,0
BRF:90
BRH:60
end_of_record
TN:
SF:src\plugins\holiday\calculators\custom.ts
FN:5,(anonymous_0)
FN:19,(anonymous_1)
FN:34,(anonymous_2)
FN:43,(anonymous_3)
FN:52,(anonymous_4)
FN:60,(anonymous_5)
FN:68,(anonymous_6)
FN:98,(anonymous_7)
FN:105,(anonymous_8)
FN:113,(anonymous_9)
FN:124,(anonymous_10)
FN:136,(anonymous_11)
FN:143,(anonymous_12)
FN:154,(anonymous_13)
FN:179,(anonymous_14)
FN:194,(anonymous_15)
FNF:16
FNH:6
FNDA:307,(anonymous_0)
FNDA:59,(anonymous_1)
FNDA:102,(anonymous_2)
FNDA:102,(anonymous_3)
FNDA:0,(anonymous_4)
FNDA:0,(anonymous_5)
FNDA:0,(anonymous_6)
FNDA:0,(anonymous_7)
FNDA:0,(anonymous_8)
FNDA:0,(anonymous_9)
FNDA:0,(anonymous_10)
FNDA:0,(anonymous_11)
FNDA:0,(anonymous_12)
FNDA:102,(anonymous_13)
FNDA:0,(anonymous_14)
FNDA:9,(anonymous_15)
DA:4,9
DA:6,307
DA:8,307
DA:9,0
DA:12,307
DA:13,307
DA:16,307
DA:17,205
DA:18,102
DA:19,102
DA:21,0
DA:24,0
DA:32,9
DA:36,102
DA:37,102
DA:38,102
DA:39,102
DA:45,102
DA:46,102
DA:47,102
DA:48,102
DA:53,0
DA:54,0
DA:55,0
DA:56,0
DA:61,0
DA:62,0
DA:63,0
DA:64,0
DA:74,0
DA:75,0
DA:76,0
DA:78,0
DA:79,0
DA:80,0
DA:83,0
DA:85,0
DA:86,0
DA:88,0
DA:89,0
DA:90,0
DA:93,0
DA:100,0
DA:101,0
DA:102,0
DA:106,0
DA:107,0
DA:108,0
DA:109,0
DA:114,0
DA:115,0
DA:117,0
DA:118,0
DA:121,0
DA:125,0
DA:126,0
DA:128,0
DA:129,0
DA:132,0
DA:139,0
DA:144,0
DA:146,0
DA:149,0
DA:155,102
DA:162,102
DA:164,102
DA:165,408
DA:168,408
DA:169,59
DA:170,59
DA:171,59
DA:175,102
DA:182,0
DA:183,0
DA:184,0
DA:185,0
DA:189,9
DA:195,9
DA:196,9
DA:197,9
DA:201,9
LF:81
LH:32
BRDA:8,0,0,0
BRDA:16,1,0,205
BRDA:16,1,1,102
BRDA:18,2,0,102
BRDA:18,2,1,0
BRDA:25,3,0,0
BRDA:25,3,1,0
BRDA:74,4,0,0
BRDA:74,4,1,0
BRDA:79,5,0,0
BRDA:89,6,0,0
BRDA:117,7,0,0
BRDA:117,7,1,0
BRDA:128,8,0,0
BRDA:128,8,1,0
BRDA:144,9,0,0
BRDA:144,9,1,0
BRDA:168,10,0,59
BRDA:196,11,0,9
BRF:19
BRH:5
end_of_record
TN:
SF:src\plugins\holiday\calculators\easter.ts
FN:5,(anonymous_0)
FN:16,(anonymous_1)
FN:42,(anonymous_2)
FN:60,(anonymous_3)
FN:81,(anonymous_4)
FN:97,(anonymous_5)
FN:117,(anonymous_6)
FN:132,(anonymous_7)
FN:140,(anonymous_8)
FN:146,(anonymous_9)
FNF:10
FNH:4
FNDA:678,(anonymous_0)
FNDA:783,(anonymous_1)
FNDA:0,(anonymous_2)
FNDA:0,(anonymous_3)
FNDA:0,(anonymous_4)
FNDA:0,(anonymous_5)
FNDA:0,(anonymous_6)
FNDA:9,(anonymous_7)
FNDA:105,(anonymous_8)
FNDA:0,(anonymous_9)
DA:4,9
DA:6,678
DA:7,678
DA:9,678
DA:10,678
DA:12,678
DA:17,783
DA:19,0
DA:23,783
DA:24,783
DA:25,783
DA:26,783
DA:27,783
DA:28,783
DA:29,783
DA:30,783
DA:31,783
DA:32,783
DA:33,783
DA:34,783
DA:35,783
DA:36,783
DA:38,783
DA:43,0
DA:44,0
DA:45,0
DA:46,0
DA:47,0
DA:48,0
DA:49,0
DA:52,0
DA:53,0
DA:54,0
DA:56,0
DA:61,0
DA:62,0
DA:63,0
DA:65,0
DA:66,0
DA:67,0
DA:69,0
DA:82,0
DA:83,0
DA:84,0
DA:85,0
DA:86,0
DA:87,0
DA:89,0
DA:90,0
DA:91,0
DA:93,0
DA:98,0
DA:99,0
DA:100,0
DA:101,0
DA:102,0
DA:103,0
DA:104,0
DA:107,0
DA:108,0
DA:110,0
DA:111,0
DA:113,0
DA:118,0
DA:120,0
DA:121,0
DA:123,0
DA:127,9
DA:133,9
DA:134,9
DA:135,9
DA:139,9
DA:141,105
DA:142,105
DA:143,105
DA:147,0
DA:148,0
DA:149,0
LF:78
LH:30
BRDA:17,0,0,0
BRDA:118,1,0,0
BRDA:134,2,0,9
BRF:3
BRH:1
end_of_record
TN:
SF:src\plugins\holiday\calculators\fixed.ts
FN:5,(anonymous_0)
FN:26,(anonymous_1)
FNF:2
FNH:2
FNDA:2293,(anonymous_0)
FNDA:9,(anonymous_1)
DA:4,9
DA:6,2293
DA:9,2293
DA:12,2293
DA:14,0
DA:17,2293
DA:21,9
DA:27,9
DA:28,9
DA:29,9
LF:10
LH:9
BRDA:12,0,0,0
BRDA:12,1,0,2293
BRDA:12,1,1,2293
BRDA:12,1,2,2293
BRDA:28,2,0,9
BRF:5
BRH:4
end_of_record
TN:
SF:src\plugins\holiday\calculators\lunar.ts
FN:9,(anonymous_0)
FN:17,(anonymous_1)
FN:33,(anonymous_2)
FN:53,(anonymous_3)
FN:66,(anonymous_4)
FN:92,(anonymous_5)
FN:100,(anonymous_6)
FN:112,(anonymous_7)
FN:116,(anonymous_8)
FN:132,(anonymous_9)
FN:155,(anonymous_10)
FN:175,(anonymous_11)
FN:190,(anonymous_12)
FN:207,(anonymous_13)
FN:222,(anonymous_14)
FN:239,(anonymous_15)
FN:257,(anonymous_16)
FNF:17
FNH:8
FNDA:9,(anonymous_0)
FNDA:9,(anonymous_1)
FNDA:9,(anonymous_2)
FNDA:9,(anonymous_3)
FNDA:0,(anonymous_4)
FNDA:9,(anonymous_5)
FNDA:74,(anonymous_6)
FNDA:0,(anonymous_7)
FNDA:9,(anonymous_8)
FNDA:0,(anonymous_9)
FNDA:0,(anonymous_10)
FNDA:0,(anonymous_11)
FNDA:0,(anonymous_12)
FNDA:0,(anonymous_13)
FNDA:0,(anonymous_14)
FNDA:0,(anonymous_15)
FNDA:9,(anonymous_16)
DA:9,9
DA:10,9
DA:18,9
DA:20,9
DA:21,9
DA:22,0
DA:27,9
DA:28,9
DA:30,9
DA:36,9
DA:38,9
DA:40,0
DA:42,0
DA:44,0
DA:46,0
DA:56,9
DA:57,9
DA:60,9
DA:62,9
DA:63,9
DA:68,0
DA:69,0
DA:70,0
DA:71,0
DA:73,0
DA:74,0
DA:77,0
DA:78,0
DA:80,0
DA:81,0
DA:82,0
DA:85,0
DA:93,9
DA:94,9
DA:95,74
DA:97,9
DA:102,74
DA:105,74
DA:106,0
DA:109,74
DA:113,0
DA:118,9
DA:119,9
DA:120,9
DA:121,9
DA:122,9
DA:123,9
DA:125,9
DA:126,9
DA:127,9
DA:129,9
DA:133,0
DA:134,0
DA:135,0
DA:137,0
DA:138,0
DA:139,0
DA:141,0
DA:158,0
DA:159,0
DA:162,0
DA:163,0
DA:166,0
DA:167,0
DA:169,0
DA:170,0
DA:172,0
DA:177,0
DA:178,0
DA:180,0
DA:192,0
DA:193,0
DA:196,0
DA:199,0
DA:201,0
DA:202,0
DA:204,0
DA:209,0
DA:210,0
DA:212,0
DA:224,0
DA:225,0
DA:228,0
DA:231,0
DA:233,0
DA:234,0
DA:236,0
DA:241,0
DA:242,0
DA:244,0
DA:252,9
DA:258,9
DA:259,9
DA:260,9
LF:94
LH:36
BRDA:21,0,0,0
BRDA:36,1,0,9
BRDA:36,1,1,0
BRDA:36,1,2,0
BRDA:36,1,3,0
BRDA:36,1,4,0
BRDA:105,2,0,0
BRDA:105,3,0,74
BRDA:105,3,1,0
BRDA:109,4,0,74
BRDA:109,4,1,0
BRDA:259,5,0,9
BRF:12
BRH:4
end_of_record
TN:
SF:src\plugins\holiday\calculators\nth-weekday.ts
FN:9,(anonymous_0)
FN:21,(anonymous_1)
FN:45,(anonymous_2)
FN:74,(anonymous_3)
FN:88,(anonymous_4)
FN:93,(anonymous_5)
FN:117,(anonymous_6)
FNF:7
FNH:4
FNDA:2912,(anonymous_0)
FNDA:2599,(anonymous_1)
FNDA:313,(anonymous_2)
FNDA:0,(anonymous_3)
FNDA:0,(anonymous_4)
FNDA:0,(anonymous_5)
FNDA:9,(anonymous_6)
DA:8,9
DA:10,2912
DA:12,2912
DA:14,2599
DA:17,313
DA:22,2599
DA:23,2599
DA:26,2599
DA:27,2599
DA:28,1813
DA:32,2599
DA:35,2599
DA:36,2599
DA:37,0
DA:42,2599
DA:52,313
DA:53,313
DA:56,313
DA:57,313
DA:58,45
DA:62,313
DA:65,313
DA:66,0
DA:71,313
DA:75,0
DA:76,0
DA:78,0
DA:80,0
DA:82,0
DA:84,0
DA:89,0
DA:90,0
DA:94,0
DA:108,0
DA:112,9
DA:118,9
DA:119,9
DA:120,9
LF:38
LH:26
BRDA:12,0,0,2599
BRDA:12,0,1,313
BRDA:27,1,0,1813
BRDA:36,2,0,0
BRDA:57,3,0,45
BRDA:65,4,0,0
BRDA:75,5,0,0
BRDA:75,6,0,0
BRDA:75,6,1,0
BRDA:76,7,0,0
BRDA:76,7,1,0
BRDA:76,7,2,0
BRDA:76,7,3,0
BRDA:90,8,0,0
BRDA:90,8,1,0
BRDA:108,9,0,0
BRDA:108,9,1,0
BRDA:119,10,0,9
BRF:18
BRH:5
end_of_record
TN:
SF:src\plugins\holiday\calculators\relative.ts
FN:4,(anonymous_0)
FN:9,(anonymous_1)
FN:38,(anonymous_2)
FN:40,(anonymous_3)
FN:44,(anonymous_4)
FN:49,(anonymous_5)
FN:55,(anonymous_6)
FN:78,(anonymous_7)
FN:93,(anonymous_8)
FN:105,(anonymous_9)
FN:115,(anonymous_10)
FN:125,(anonymous_11)
FN:139,(anonymous_12)
FN:158,(anonymous_13)
FN:178,(anonymous_14)
FN:188,(anonymous_15)
FNF:16
FNH:10
FNDA:9,(anonymous_0)
FNDA:224,(anonymous_1)
FNDA:224,(anonymous_2)
FNDA:3584,(anonymous_3)
FNDA:2688,(anonymous_4)
FNDA:0,(anonymous_5)
FNDA:224,(anonymous_6)
FNDA:224,(anonymous_7)
FNDA:0,(anonymous_8)
FNDA:224,(anonymous_9)
FNDA:0,(anonymous_10)
FNDA:224,(anonymous_11)
FNDA:0,(anonymous_12)
FNDA:0,(anonymous_13)
FNDA:0,(anonymous_14)
FNDA:9,(anonymous_15)
DA:4,9
DA:5,9
DA:6,9
DA:7,9
DA:10,224
DA:13,224
DA:14,224
DA:15,224
DA:19,224
DA:20,224
DA:21,0
DA:25,224
DA:28,224
DA:29,224
DA:30,224
DA:31,224
DA:32,224
DA:35,224
DA:40,3584
DA:42,224
DA:44,2688
DA:47,224
DA:49,0
DA:52,224
DA:57,224
DA:58,0
DA:64,224
DA:65,224
DA:66,0
DA:70,224
DA:73,224
DA:75,224
DA:81,224
DA:83,0
DA:85,224
DA:87,0
DA:89,0
DA:94,0
DA:95,0
DA:98,0
DA:99,0
DA:102,0
DA:106,224
DA:108,224
DA:109,224
DA:111,0
DA:116,0
DA:117,0
DA:119,0
DA:120,0
DA:122,0
DA:126,224
DA:127,224
DA:129,224
DA:130,224
DA:131,65
DA:134,224
DA:136,224
DA:145,0
DA:146,0
DA:148,0
DA:149,0
DA:150,0
DA:153,0
DA:155,0
DA:160,0
DA:161,0
DA:162,0
DA:163,0
DA:164,0
DA:165,0
DA:166,0
DA:167,0
DA:168,0
DA:169,0
DA:170,0
DA:171,0
DA:172,0
DA:173,0
DA:175,0
DA:179,0
DA:183,9
DA:189,9
DA:190,9
DA:191,9
LF:85
LH:44
BRDA:13,0,0,224
BRDA:20,1,0,0
BRDA:42,2,0,224
BRDA:47,3,0,0
BRDA:52,4,0,224
BRDA:52,4,1,0
BRDA:57,5,0,0
BRDA:65,6,0,0
BRDA:81,7,0,0
BRDA:81,7,1,224
BRDA:81,7,2,0
BRDA:81,7,3,0
BRDA:98,8,0,0
BRDA:98,9,0,0
BRDA:98,9,1,0
BRDA:98,9,2,0
BRDA:108,10,0,224
BRDA:108,10,1,0
BRDA:130,11,0,65
BRDA:149,12,0,0
BRDA:190,13,0,9
BRF:21
BRH:7
end_of_record
TN:
SF:src\plugins\locale\de-DE\holidays.ts
FN:273,(anonymous_0)
FNF:1
FNH:0
FNDA:0,(anonymous_0)
DA:3,9
DA:76,9
DA:275,0
DA:276,0
DA:277,0
DA:278,0
DA:324,9
DA:327,9
DA:330,9
LF:9
LH:5
BRF:0
BRH:0
end_of_record
TN:
SF:src\plugins\locale\de-DE\index.ts
FN:40,(anonymous_0)
FN:43,(anonymous_1)
FN:55,(anonymous_2)
FN:71,(anonymous_3)
FN:82,(anonymous_4)
FN:86,(anonymous_5)
FN:90,(anonymous_6)
FN:94,(anonymous_7)
FN:99,(anonymous_8)
FN:104,(anonymous_9)
FN:110,(anonymous_10)
FN:117,(anonymous_11)
FN:125,(anonymous_12)
FN:126,(anonymous_13)
FN:132,(anonymous_14)
FN:140,(anonymous_15)
FN:143,(anonymous_16)
FN:145,(anonymous_17)
FN:153,(anonymous_18)
FN:161,(anonymous_19)
FN:169,(anonymous_20)
FN:172,(anonymous_21)
FNF:22
FNH:2
FNDA:0,(anonymous_0)
FNDA:0,(anonymous_1)
FNDA:9,(anonymous_2)
FNDA:0,(anonymous_3)
FNDA:0,(anonymous_4)
FNDA:1,(anonymous_5)
FNDA:0,(anonymous_6)
FNDA:0,(anonymous_7)
FNDA:0,(anonymous_8)
FNDA:0,(anonymous_9)
FNDA:0,(anonymous_10)
FNDA:0,(anonymous_11)
FNDA:0,(anonymous_12)
FNDA:0,(anonymous_13)
FNDA:0,(anonymous_14)
FNDA:0,(anonymous_15)
FNDA:0,(anonymous_16)
FNDA:0,(anonymous_17)
FNDA:0,(anonymous_18)
FNDA:0,(anonymous_19)
FNDA:0,(anonymous_20)
FNDA:0,(anonymous_21)
DA:2,9
DA:9,9
DA:11,9
DA:41,0
DA:45,0
DA:49,9
DA:57,9
DA:66,9
DA:67,9
DA:70,9
DA:72,0
DA:73,0
DA:74,0
DA:75,0
DA:76,0
DA:79,0
DA:83,0
DA:87,1
DA:91,0
DA:95,0
DA:100,0
DA:101,0
DA:105,0
DA:106,0
DA:107,0
DA:111,0
DA:112,0
DA:113,0
DA:118,0
DA:119,0
DA:124,9
DA:126,0
DA:127,0
DA:129,0
DA:130,0
DA:131,0
DA:132,0
DA:140,0
DA:145,0
DA:146,0
DA:147,0
DA:148,0
DA:150,0
DA:154,0
DA:155,0
DA:157,0
DA:158,0
DA:159,0
DA:160,0
DA:161,0
DA:169,0
DA:173,0
LF:52
LH:10
BRDA:66,0,0,9
BRDA:66,0,1,0
BRDA:72,1,0,0
BRDA:75,2,0,0
BRDA:87,3,0,1
BRDA:87,3,1,0
BRDA:101,4,0,0
BRDA:101,4,1,0
BRDA:107,5,0,0
BRDA:107,5,1,0
BRDA:113,6,0,0
BRDA:113,6,1,0
BRDA:118,7,0,0
BRDA:118,7,1,0
BRDA:146,8,0,0
BRDA:148,9,0,0
BRDA:148,9,1,0
BRDA:155,10,0,0
BRF:18
BRH:2
end_of_record
TN:
SF:src\plugins\locale\en-US\holidays.ts
FN:211,(anonymous_0)
FNF:1
FNH:1
FNDA:144,(anonymous_0)
DA:3,9
DA:130,9
DA:211,9
DA:212,144
DA:227,9
LF:5
LH:5
BRF:0
BRH:0
end_of_record
TN:
SF:src\plugins\locale\en-US\index.ts
FN:34,(anonymous_0)
FN:47,(anonymous_1)
FN:59,(anonymous_2)
FN:74,(anonymous_3)
FN:85,(anonymous_4)
FN:89,(anonymous_5)
FN:93,(anonymous_6)
FN:100,(anonymous_7)
FN:113,(anonymous_8)
FNF:9
FNH:2
FNDA:0,(anonymous_0)
FNDA:0,(anonymous_1)
FNDA:9,(anonymous_2)
FNDA:0,(anonymous_3)
FNDA:0,(anonymous_4)
FNDA:0,(anonymous_5)
FNDA:0,(anonymous_6)
FNDA:3143,(anonymous_7)
FNDA:0,(anonymous_8)
DA:2,9
DA:3,9
DA:5,9
DA:35,0
DA:36,0
DA:38,0
DA:40,0
DA:42,0
DA:44,0
DA:48,0
DA:49,0
DA:53,9
DA:61,9
DA:69,9
DA:70,9
DA:73,9
DA:75,0
DA:76,0
DA:77,0
DA:78,0
DA:79,0
DA:82,0
DA:86,0
DA:90,0
DA:94,0
DA:99,9
DA:101,3143
DA:102,1000
DA:105,2143
DA:106,2143
DA:107,2143
DA:110,0
DA:114,0
DA:119,9
LF:34
LH:15
BRDA:35,0,0,0
BRDA:35,1,0,0
BRDA:35,1,1,0
BRDA:36,2,0,0
BRDA:36,2,1,0
BRDA:36,2,2,0
BRDA:36,2,3,0
BRDA:48,3,0,0
BRDA:48,3,1,0
BRDA:49,4,0,0
BRDA:49,4,1,0
BRDA:69,5,0,9
BRDA:69,5,1,9
BRDA:75,6,0,0
BRDA:78,7,0,0
BRDA:90,8,0,0
BRDA:90,8,1,0
BRDA:101,9,0,1000
BRDA:105,10,0,2143
BRDA:114,11,0,0
BRDA:114,11,1,0
BRF:21
BRH:4
end_of_record
TN:
SF:src\plugins\locale\ja-JP\holidays.ts
FN:34,(anonymous_0)
FN:86,(anonymous_1)
FN:116,(anonymous_2)
FN:227,(anonymous_3)
FN:238,(anonymous_4)
FN:245,(anonymous_5)
FN:250,(anonymous_6)
FN:251,(anonymous_7)
FNF:8
FNH:8
FNDA:102,(anonymous_0)
FNDA:102,(anonymous_1)
FNDA:102,(anonymous_2)
FNDA:153,(anonymous_3)
FNDA:153,(anonymous_4)
FNDA:153,(anonymous_5)
FNDA:153,(anonymous_6)
FNDA:36,(anonymous_7)
DA:2,9
DA:4,9
DA:35,102
DA:87,102
DA:117,102
DA:124,9
DA:156,9
DA:227,9
DA:228,153
DA:238,153
DA:241,9
DA:244,9
DA:245,153
DA:249,9
DA:250,153
DA:251,36
DA:255,9
LF:17
LH:17
BRDA:245,0,0,153
BRDA:245,0,1,153
BRF:2
BRH:2
end_of_record
TN:
SF:src\plugins\locale\ja-JP\index.ts
FN:44,(anonymous_0)
FN:47,(anonymous_1)
FN:59,(anonymous_2)
FN:78,(anonymous_3)
FN:101,(anonymous_4)
FN:105,(anonymous_5)
FN:109,(anonymous_6)
FN:113,(anonymous_7)
FN:118,(anonymous_8)
FN:123,(anonymous_9)
FN:128,(anonymous_10)
FN:136,(anonymous_11)
FN:142,(anonymous_12)
FN:153,(anonymous_13)
FN:164,(anonymous_14)
FN:176,(anonymous_15)
FN:182,(anonymous_16)
FN:190,(anonymous_17)
FN:193,(anonymous_18)
FN:194,(anonymous_19)
FN:202,(anonymous_20)
FN:210,(anonymous_21)
FN:213,(anonymous_22)
FN:214,(anonymous_23)
FN:217,(anonymous_24)
FN:223,(anonymous_25)
FN:227,(anonymous_26)
FN:231,(anonymous_27)
FN:236,(anonymous_28)
FN:246,(anonymous_29)
FNF:30
FNH:12
FNDA:0,(anonymous_0)
FNDA:0,(anonymous_1)
FNDA:9,(anonymous_2)
FNDA:0,(anonymous_3)
FNDA:1,(anonymous_4)
FNDA:0,(anonymous_5)
FNDA:0,(anonymous_6)
FNDA:0,(anonymous_7)
FNDA:0,(anonymous_8)
FNDA:0,(anonymous_9)
FNDA:0,(anonymous_10)
FNDA:0,(anonymous_11)
FNDA:4,(anonymous_12)
FNDA:4,(anonymous_13)
FNDA:2,(anonymous_14)
FNDA:1,(anonymous_15)
FNDA:5,(anonymous_16)
FNDA:4,(anonymous_17)
FNDA:1,(anonymous_18)
FNDA:17,(anonymous_19)
FNDA:2,(anonymous_20)
FNDA:1,(anonymous_21)
FNDA:0,(anonymous_22)
FNDA:0,(anonymous_23)
FNDA:0,(anonymous_24)
FNDA:0,(anonymous_25)
FNDA:0,(anonymous_26)
FNDA:0,(anonymous_27)
FNDA:0,(anonymous_28)
FNDA:0,(anonymous_29)
DA:2,9
DA:13,9
DA:15,9
DA:45,0
DA:48,0
DA:49,0
DA:53,9
DA:61,9
DA:73,9
DA:74,9
DA:77,9
DA:81,0
DA:83,0
DA:85,0
DA:87,0
DA:89,0
DA:91,0
DA:93,0
DA:95,0
DA:97,0
DA:102,1
DA:106,0
DA:110,0
DA:114,0
DA:115,0
DA:119,0
DA:120,0
DA:124,0
DA:125,0
DA:129,0
DA:130,0
DA:137,0
DA:138,0
DA:143,4
DA:144,4
DA:145,2
DA:146,0
DA:147,0
DA:148,0
DA:149,0
DA:154,4
DA:155,4
DA:156,2
DA:157,0
DA:158,0
DA:159,0
DA:160,0
DA:165,2
DA:166,2
DA:167,2
DA:168,2
DA:170,2
DA:175,9
DA:177,1
DA:179,1
DA:180,5
DA:181,5
DA:182,5
DA:190,4
DA:194,1
DA:195,17
DA:198,1
DA:199,1
DA:200,2
DA:201,2
DA:202,2
DA:210,1
DA:214,0
DA:215,0
DA:216,0
DA:217,0
DA:219,0
DA:224,0
DA:228,0
DA:232,0
DA:237,0
DA:238,0
DA:239,0
DA:240,0
DA:241,0
DA:242,0
DA:247,0
DA:249,0
DA:251,0
DA:253,0
DA:255,0
LF:86
LH:35
BRDA:48,0,0,0
BRDA:48,0,1,0
BRDA:73,1,0,9
BRDA:73,1,1,0
BRDA:81,2,0,0
BRDA:81,2,1,0
BRDA:81,2,2,0
BRDA:81,2,3,0
BRDA:81,2,4,0
BRDA:81,2,5,0
BRDA:81,2,6,0
BRDA:81,2,7,0
BRDA:130,3,0,0
BRDA:130,3,1,0
BRDA:137,4,0,0
BRDA:137,4,1,0
BRDA:144,5,0,2
BRDA:145,6,0,2
BRDA:146,7,0,0
BRDA:147,8,0,0
BRDA:148,9,0,0
BRDA:155,10,0,2
BRDA:156,11,0,2
BRDA:157,12,0,0
BRDA:158,13,0,0
BRDA:159,14,0,0
BRDA:215,15,0,0
BRDA:228,16,0,0
BRDA:228,16,1,0
BRDA:232,17,0,0
BRDA:232,17,1,0
BRDA:237,18,0,0
BRDA:238,19,0,0
BRDA:239,20,0,0
BRDA:240,21,0,0
BRDA:241,22,0,0
BRDA:247,23,0,0
BRDA:247,23,1,0
BRDA:247,23,2,0
BRDA:247,23,3,0
BRF:40
BRH:5
end_of_record
TN:
SF:src\plugins\locale\tr-TR\holidays.ts
FN:87,(anonymous_0)
FN:201,(anonymous_1)
FNF:2
FNH:2
FNDA:1,(anonymous_0)
FNDA:135,(anonymous_1)
DA:3,9
DA:90,1
DA:91,1
DA:94,1
DA:95,1
DA:96,1
DA:99,1
DA:146,9
DA:180,9
DA:198,9
DA:201,9
DA:202,135
LF:12
LH:12
BRF:0
BRH:0
end_of_record
TN:
SF:src\plugins\locale\tr-TR\index.ts
FN:40,(anonymous_0)
FN:85,(anonymous_1)
FN:97,(anonymous_2)
FN:113,(anonymous_3)
FN:118,(anonymous_4)
FN:128,(anonymous_5)
FN:132,(anonymous_6)
FN:133,(anonymous_7)
FN:136,(anonymous_8)
FN:140,(anonymous_9)
FN:145,(anonymous_10)
FN:151,(anonymous_11)
FN:159,(anonymous_12)
FN:160,(anonymous_13)
FN:163,(anonymous_14)
FN:168,(anonymous_15)
FN:169,(anonymous_16)
FN:172,(anonymous_17)
FN:177,(anonymous_18)
FN:179,(anonymous_19)
FN:186,(anonymous_20)
FN:193,(anonymous_21)
FNF:22
FNH:9
FNDA:0,(anonymous_0)
FNDA:0,(anonymous_1)
FNDA:9,(anonymous_2)
FNDA:0,(anonymous_3)
FNDA:0,(anonymous_4)
FNDA:0,(anonymous_5)
FNDA:1,(anonymous_6)
FNDA:15,(anonymous_7)
FNDA:0,(anonymous_8)
FNDA:0,(anonymous_9)
FNDA:0,(anonymous_10)
FNDA:0,(anonymous_11)
FNDA:1,(anonymous_12)
FNDA:8,(anonymous_13)
FNDA:3,(anonymous_14)
FNDA:1,(anonymous_15)
FNDA:9,(anonymous_16)
FNDA:4,(anonymous_17)
FNDA:0,(anonymous_18)
FNDA:0,(anonymous_19)
FNDA:0,(anonymous_20)
FNDA:0,(anonymous_21)
DA:2,9
DA:9,9
DA:11,9
DA:42,0
DA:43,0
DA:44,0
DA:45,0
DA:46,0
DA:47,0
DA:48,0
DA:49,0
DA:50,0
DA:51,0
DA:53,0
DA:54,0
DA:56,0
DA:57,0
DA:60,0
DA:62,0
DA:64,0
DA:66,0
DA:68,0
DA:70,0
DA:72,0
DA:74,0
DA:76,0
DA:78,0
DA:80,0
DA:82,0
DA:87,0
DA:91,9
DA:99,9
DA:108,9
DA:109,9
DA:112,9
DA:114,0
DA:116,0
DA:118,0
DA:120,0
DA:122,0
DA:124,0
DA:129,0
DA:133,15
DA:137,0
DA:141,0
DA:142,0
DA:146,0
DA:147,0
DA:152,0
DA:153,0
DA:158,9
DA:160,8
DA:161,1
DA:162,1
DA:163,3
DA:165,0
DA:169,9
DA:170,1
DA:171,1
DA:172,4
DA:174,0
DA:178,0
DA:179,0
DA:182,0
DA:183,0
DA:184,0
DA:185,0
DA:186,0
DA:193,0
LF:69
LH:18
BRDA:42,0,0,0
BRDA:43,1,0,0
BRDA:44,2,0,0
BRDA:45,3,0,0
BRDA:46,4,0,0
BRDA:47,5,0,0
BRDA:48,6,0,0
BRDA:49,7,0,0
BRDA:50,8,0,0
BRDA:51,9,0,0
BRDA:56,10,0,0
BRDA:56,11,0,0
BRDA:56,11,1,0
BRDA:60,12,0,0
BRDA:60,12,1,0
BRDA:60,12,2,0
BRDA:60,12,3,0
BRDA:60,12,4,0
BRDA:60,12,5,0
BRDA:60,12,6,0
BRDA:60,12,7,0
BRDA:60,12,8,0
BRDA:60,12,9,0
BRDA:60,12,10,0
BRDA:108,13,0,9
BRDA:108,13,1,0
BRDA:114,14,0,0
BRDA:114,14,1,0
BRDA:114,14,2,0
BRDA:114,14,3,0
BRDA:114,14,4,0
BRDA:118,15,0,0
BRDA:118,15,1,0
BRDA:133,16,0,15
BRDA:133,16,1,8
BRDA:142,17,0,0
BRDA:142,17,1,0
BRDA:142,18,0,0
BRDA:142,18,1,0
BRDA:152,19,0,0
BRDA:152,19,1,0
BRDA:161,20,0,1
BRDA:170,21,0,1
BRDA:179,22,0,0
BRDA:179,22,1,0
BRF:45
BRH:5
end_of_record
TN:
SF:src\plugins\parse\flexible.ts
FN:210,(anonymous_0)
FN:270,(anonymous_1)
FN:9,(anonymous_2)
FN:13,(anonymous_3)
FN:17,(anonymous_4)
FN:23,(anonymous_5)
FN:27,(anonymous_6)
FN:33,(anonymous_7)
FN:37,(anonymous_8)
FN:44,(anonymous_9)
FN:48,(anonymous_10)
FN:52,(anonymous_11)
FN:56,(anonymous_12)
FN:60,(anonymous_13)
FN:63,(anonymous_14)
FN:71,(anonymous_15)
FN:77,(anonymous_16)
FN:82,(anonymous_17)
FN:86,(anonymous_18)
FN:90,(anonymous_19)
FN:94,(anonymous_20)
FN:98,(anonymous_21)
FN:102,(anonymous_22)
FN:110,(anonymous_23)
FN:120,(anonymous_24)
FN:124,(anonymous_25)
FN:128,(anonymous_26)
FN:132,(anonymous_27)
FN:136,(anonymous_28)
FN:140,(anonymous_29)
FN:148,(anonymous_30)
FN:158,(anonymous_31)
FN:179,(anonymous_32)
FN:201,(anonymous_33)
FN:205,(anonymous_34)
FN:299,(anonymous_35)
FN:301,(anonymous_36)
FN:309,(anonymous_37)
FN:314,(anonymous_38)
FN:315,(anonymous_39)
FN:320,(anonymous_40)
FN:327,(anonymous_41)
FN:328,(anonymous_42)
FNF:43
FNH:0
FNDA:0,(anonymous_0)
FNDA:0,(anonymous_1)
FNDA:0,(anonymous_2)
FNDA:0,(anonymous_3)
FNDA:0,(anonymous_4)
FNDA:0,(anonymous_5)
FNDA:0,(anonymous_6)
FNDA:0,(anonymous_7)
FNDA:0,(anonymous_8)
FNDA:0,(anonymous_9)
FNDA:0,(anonymous_10)
FNDA:0,(anonymous_11)
FNDA:0,(anonymous_12)
FNDA:0,(anonymous_13)
FNDA:0,(anonymous_14)
FNDA:0,(anonymous_15)
FNDA:0,(anonymous_16)
FNDA:0,(anonymous_17)
FNDA:0,(anonymous_18)
FNDA:0,(anonymous_19)
FNDA:0,(anonymous_20)
FNDA:0,(anonymous_21)
FNDA:0,(anonymous_22)
FNDA:0,(anonymous_23)
FNDA:0,(anonymous_24)
FNDA:0,(anonymous_25)
FNDA:0,(anonymous_26)
FNDA:0,(anonymous_27)
FNDA:0,(anonymous_28)
FNDA:0,(anonymous_29)
FNDA:0,(anonymous_30)
FNDA:0,(anonymous_31)
FNDA:0,(anonymous_32)
FNDA:0,(anonymous_33)
FNDA:0,(anonymous_34)
FNDA:0,(anonymous_35)
FNDA:0,(anonymous_36)
FNDA:0,(anonymous_37)
FNDA:0,(anonymous_38)
FNDA:0,(anonymous_39)
FNDA:0,(anonymous_40)
FNDA:0,(anonymous_41)
FNDA:0,(anonymous_42)
DA:3,0
DA:5,0
DA:9,0
DA:13,0
DA:17,0
DA:23,0
DA:27,0
DA:33,0
DA:37,0
DA:44,0
DA:48,0
DA:52,0
DA:56,0
DA:60,0
DA:64,0
DA:65,0
DA:66,0
DA:72,0
DA:73,0
DA:74,0
DA:77,0
DA:82,0
DA:86,0
DA:90,0
DA:94,0
DA:98,0
DA:103,0
DA:104,0
DA:105,0
DA:111,0
DA:112,0
DA:113,0
DA:120,0
DA:124,0
DA:128,0
DA:132,0
DA:136,0
DA:141,0
DA:142,0
DA:143,0
DA:149,0
DA:150,0
DA:151,0
DA:159,0
DA:173,0
DA:180,0
DA:194,0
DA:201,0
DA:206,0
DA:211,0
DA:212,0
DA:215,0
DA:218,0
DA:220,0
DA:221,0
DA:224,0
DA:225,0
DA:226,0
DA:227,0
DA:230,0
DA:232,0
DA:233,0
DA:234,0
DA:235,0
DA:238,0
DA:239,0
DA:241,0
DA:242,0
DA:244,0
DA:245,0
DA:249,0
DA:253,0
DA:259,0
DA:260,0
DA:261,0
DA:262,0
DA:266,0
DA:271,0
DA:272,0
DA:275,0
DA:277,0
DA:278,0
DA:280,0
DA:281,0
DA:282,0
DA:283,0
DA:284,0
DA:285,0
DA:289,0
DA:293,0
DA:295,0
DA:301,0
DA:305,0
DA:306,0
DA:309,0
DA:310,0
DA:314,0
DA:315,0
DA:316,0
DA:317,0
DA:318,0
DA:320,0
DA:321,0
DA:322,0
DA:323,0
DA:327,0
DA:328,0
DA:329,0
DA:331,0
DA:332,0
DA:333,0
DA:337,0
LF:112
LH:0
BRDA:211,0,0,0
BRDA:211,1,0,0
BRDA:211,1,1,0
BRDA:220,2,0,0
BRDA:220,3,0,0
BRDA:220,3,1,0
BRDA:225,4,0,0
BRDA:230,5,0,0
BRDA:232,6,0,0
BRDA:238,7,0,0
BRDA:238,8,0,0
BRDA:238,8,1,0
BRDA:241,9,0,0
BRDA:241,10,0,0
BRDA:241,10,1,0
BRDA:244,11,0,0
BRDA:244,12,0,0
BRDA:244,12,1,0
BRDA:259,13,0,0
BRDA:261,14,0,0
BRDA:271,15,0,0
BRDA:271,16,0,0
BRDA:271,16,1,0
BRDA:278,17,0,0
BRDA:281,18,0,0
BRDA:282,19,0,0
BRDA:282,20,0,0
BRDA:282,20,1,0
BRDA:283,21,0,0
BRDA:284,22,0,0
BRDA:306,23,0,0
BRDA:306,23,1,0
BRDA:327,24,0,0
BRDA:327,24,1,0
BRDA:329,25,0,0
BRDA:332,26,0,0
BRF:36
BRH:0
end_of_record
TN:
SF:src\plugins\parse\iso.ts
FN:9,(anonymous_0)
FN:31,(anonymous_1)
FN:64,(anonymous_2)
FN:71,(anonymous_3)
FN:89,(anonymous_4)
FN:99,(anonymous_5)
FN:104,(anonymous_6)
FN:109,(anonymous_7)
FN:116,(anonymous_8)
FNF:9
FNH:0
FNDA:0,(anonymous_0)
FNDA:0,(anonymous_1)
FNDA:0,(anonymous_2)
FNDA:0,(anonymous_3)
FNDA:0,(anonymous_4)
FNDA:0,(anonymous_5)
FNDA:0,(anonymous_6)
FNDA:0,(anonymous_7)
FNDA:0,(anonymous_8)
DA:3,0
DA:4,0
DA:6,0
DA:7,0
DA:10,0
DA:11,0
DA:14,0
DA:17,0
DA:18,0
DA:19,0
DA:23,0
DA:24,0
DA:25,0
DA:28,0
DA:43,0
DA:45,0
DA:56,0
DA:57,0
DA:58,0
DA:61,0
DA:65,0
DA:67,0
DA:72,0
DA:73,0
DA:74,0
DA:76,0
DA:77,0
DA:80,0
DA:81,0
DA:82,0
DA:83,0
DA:85,0
DA:90,0
DA:94,0
DA:100,0
DA:103,0
DA:105,0
DA:106,0
DA:110,0
DA:115,0
DA:117,0
LF:41
LH:0
BRDA:10,0,0,0
BRDA:10,1,0,0
BRDA:10,1,1,0
BRDA:18,2,0,0
BRDA:24,3,0,0
BRDA:37,4,0,0
BRDA:38,5,0,0
BRDA:39,6,0,0
BRDA:40,7,0,0
BRDA:56,8,0,0
BRDA:56,9,0,0
BRDA:56,9,1,0
BRDA:71,10,0,0
BRDA:76,11,0,0
BRDA:106,12,0,0
BRDA:106,12,1,0
BRDA:116,13,0,0
BRF:17
BRH:0
end_of_record
TN:
SF:src\plugins\parse\rfc2822.ts
FN:46,(anonymous_0)
FN:97,(anonymous_1)
FN:139,(anonymous_2)
FN:141,(anonymous_3)
FN:148,(anonymous_4)
FN:154,(anonymous_5)
FN:155,(anonymous_6)
FNF:7
FNH:0
FNDA:0,(anonymous_0)
FNDA:0,(anonymous_1)
FNDA:0,(anonymous_2)
FNDA:0,(anonymous_3)
FNDA:0,(anonymous_4)
FNDA:0,(anonymous_5)
FNDA:0,(anonymous_6)
DA:3,0
DA:5,0
DA:8,0
DA:23,0
DA:33,0
DA:47,0
DA:48,0
DA:51,0
DA:52,0
DA:54,0
DA:55,0
DA:58,0
DA:60,0
DA:62,0
DA:64,0
DA:75,0
DA:76,0
DA:77,0
DA:78,0
DA:79,0
DA:80,0
DA:81,0
DA:82,0
DA:83,0
DA:87,0
DA:88,0
DA:89,0
DA:90,0
DA:94,0
DA:98,0
DA:99,0
DA:114,0
DA:115,0
DA:116,0
DA:117,0
DA:118,0
DA:119,0
DA:120,0
DA:123,0
DA:124,0
DA:125,0
DA:126,0
DA:127,0
DA:129,0
DA:133,0
DA:135,0
DA:141,0
DA:142,0
DA:143,0
DA:147,0
DA:149,0
DA:154,0
DA:155,0
DA:157,0
DA:158,0
DA:159,0
DA:162,0
LF:57
LH:0
BRDA:47,0,0,0
BRDA:47,1,0,0
BRDA:47,1,1,0
BRDA:54,2,0,0
BRDA:62,3,0,0
BRDA:62,3,1,0
BRDA:62,4,0,0
BRDA:62,4,1,0
BRDA:70,5,0,0
BRDA:70,5,1,0
BRDA:75,6,0,0
BRDA:75,6,1,0
BRDA:78,7,0,0
BRDA:79,8,0,0
BRDA:79,8,1,0
BRDA:87,9,0,0
BRDA:89,10,0,0
BRDA:126,11,0,0
BRDA:126,11,1,0
BRDA:143,12,0,0
BRDA:143,12,1,0
BRDA:154,13,0,0
BRDA:154,13,1,0
BRDA:158,14,0,0
BRF:24
BRH:0
end_of_record
TN:
SF:src\plugins\parse\unix.ts
FN:10,(anonymous_0)
FN:69,(anonymous_1)
FN:89,(anonymous_2)
FN:113,(anonymous_3)
FN:115,(anonymous_4)
FN:122,(anonymous_5)
FN:128,(anonymous_6)
FN:132,(anonymous_7)
FN:136,(anonymous_8)
FN:172,(anonymous_9)
FN:173,(anonymous_10)
FNF:11
FNH:0
FNDA:0,(anonymous_0)
FNDA:0,(anonymous_1)
FNDA:0,(anonymous_2)
FNDA:0,(anonymous_3)
FNDA:0,(anonymous_4)
FNDA:0,(anonymous_5)
FNDA:0,(anonymous_6)
FNDA:0,(anonymous_7)
FNDA:0,(anonymous_8)
FNDA:0,(anonymous_9)
FNDA:0,(anonymous_10)
DA:3,0
DA:5,0
DA:6,0
DA:7,0
DA:8,0
DA:11,0
DA:12,0
DA:17,0
DA:18,0
DA:19,0
DA:21,0
DA:22,0
DA:24,0
DA:26,0
DA:32,0
DA:34,0
DA:35,0
DA:37,0
DA:38,0
DA:40,0
DA:43,0
DA:47,0
DA:48,0
DA:52,0
DA:53,0
DA:55,0
DA:57,0
DA:58,0
DA:59,0
DA:62,0
DA:66,0
DA:73,0
DA:75,0
DA:77,0
DA:79,0
DA:81,0
DA:83,0
DA:85,0
DA:90,0
DA:91,0
DA:94,0
DA:95,0
DA:103,0
DA:107,0
DA:109,0
DA:115,0
DA:116,0
DA:117,0
DA:120,0
DA:122,0
DA:123,0
DA:127,0
DA:129,0
DA:133,0
DA:137,0
DA:138,0
DA:139,0
DA:140,0
DA:142,0
DA:143,0
DA:146,0
DA:147,0
DA:148,0
DA:151,0
DA:152,0
DA:153,0
DA:156,0
DA:157,0
DA:158,0
DA:161,0
DA:162,0
DA:163,0
DA:166,0
DA:167,0
DA:172,0
DA:173,0
DA:175,0
DA:176,0
DA:177,0
DA:178,0
DA:182,0
LF:81
LH:0
BRDA:11,0,0,0
BRDA:11,1,0,0
BRDA:11,1,1,0
BRDA:17,2,0,0
BRDA:17,2,1,0
BRDA:19,3,0,0
BRDA:19,3,1,0
BRDA:21,4,0,0
BRDA:32,5,0,0
BRDA:32,5,1,0
BRDA:35,6,0,0
BRDA:35,6,1,0
BRDA:38,7,0,0
BRDA:38,7,1,0
BRDA:47,8,0,0
BRDA:53,9,0,0
BRDA:53,10,0,0
BRDA:53,10,1,0
BRDA:55,11,0,0
BRDA:55,11,1,0
BRDA:58,12,0,0
BRDA:58,13,0,0
BRDA:58,13,1,0
BRDA:58,13,2,0
BRDA:71,14,0,0
BRDA:75,15,0,0
BRDA:75,15,1,0
BRDA:75,15,2,0
BRDA:75,15,3,0
BRDA:75,15,4,0
BRDA:90,16,0,0
BRDA:91,17,0,0
BRDA:91,17,1,0
BRDA:94,18,0,0
BRDA:96,19,0,0
BRDA:96,19,1,0
BRDA:96,19,2,0
BRDA:96,19,3,0
BRDA:117,20,0,0
BRDA:117,20,1,0
BRDA:142,21,0,0
BRDA:143,22,0,0
BRDA:143,22,1,0
BRDA:147,23,0,0
BRDA:148,24,0,0
BRDA:148,24,1,0
BRDA:152,25,0,0
BRDA:153,26,0,0
BRDA:153,26,1,0
BRDA:157,27,0,0
BRDA:158,28,0,0
BRDA:158,28,1,0
BRDA:162,29,0,0
BRDA:163,30,0,0
BRDA:163,30,1,0
BRDA:167,31,0,0
BRDA:167,31,1,0
BRDA:172,32,0,0
BRDA:172,32,1,0
BRDA:175,33,0,0
BRDA:177,34,0,0
BRF:61
BRH:0
end_of_record
TN:
SF:src\plugins\range\range.ts
FN:10,(anonymous_0)
FN:17,(anonymous_1)
FN:26,(anonymous_2)
FN:30,(anonymous_3)
FN:41,(anonymous_4)
FN:54,(anonymous_5)
FN:66,(anonymous_6)
FN:78,(anonymous_7)
FN:90,(anonymous_8)
FN:101,(anonymous_9)
FN:110,(anonymous_10)
FN:111,(anonymous_11)
FN:118,(anonymous_12)
FN:119,(anonymous_13)
FN:126,(anonymous_14)
FN:127,(anonymous_15)
FN:131,(anonymous_16)
FN:132,(anonymous_17)
FN:136,(anonymous_18)
FN:137,(anonymous_19)
FN:141,(anonymous_20)
FN:158,(anonymous_21)
FN:163,(anonymous_22)
FN:168,(anonymous_23)
FN:173,(anonymous_24)
FN:178,(anonymous_25)
FN:183,(anonymous_26)
FN:195,(anonymous_27)
FN:206,(anonymous_28)
FN:217,(anonymous_29)
FN:222,(anonymous_30)
FN:263,(anonymous_31)
FN:317,(anonymous_32)
FN:320,(anonymous_33)
FN:325,(anonymous_34)
FN:330,(anonymous_35)
FN:335,(anonymous_36)
FN:342,(anonymous_37)
FN:349,(anonymous_38)
FN:356,(anonymous_39)
FN:362,(anonymous_40)
FN:367,(anonymous_41)
FN:377,(anonymous_42)
FN:384,(anonymous_43)
FN:390,(anonymous_44)
FN:397,(anonymous_45)
FN:403,(anonymous_46)
FN:410,(anonymous_47)
FNF:48
FNH:31
FNDA:32,(anonymous_0)
FNDA:20,(anonymous_1)
FNDA:6,(anonymous_2)
FNDA:1,(anonymous_3)
FNDA:5,(anonymous_4)
FNDA:1,(anonymous_5)
FNDA:1,(anonymous_6)
FNDA:1,(anonymous_7)
FNDA:1,(anonymous_8)
FNDA:4,(anonymous_9)
FNDA:2,(anonymous_10)
FNDA:21,(anonymous_11)
FNDA:1,(anonymous_12)
FNDA:14,(anonymous_13)
FNDA:1,(anonymous_14)
FNDA:31,(anonymous_15)
FNDA:0,(anonymous_16)
FNDA:0,(anonymous_17)
FNDA:0,(anonymous_18)
FNDA:0,(anonymous_19)
FNDA:1,(anonymous_20)
FNDA:2,(anonymous_21)
FNDA:2,(anonymous_22)
FNDA:2,(anonymous_23)
FNDA:2,(anonymous_24)
FNDA:2,(anonymous_25)
FNDA:1,(anonymous_26)
FNDA:1,(anonymous_27)
FNDA:0,(anonymous_28)
FNDA:0,(anonymous_29)
FNDA:0,(anonymous_30)
FNDA:183,(anonymous_31)
FNDA:1,(anonymous_32)
FNDA:1,(anonymous_33)
FNDA:0,(anonymous_34)
FNDA:0,(anonymous_35)
FNDA:1,(anonymous_36)
FNDA:0,(anonymous_37)
FNDA:0,(anonymous_38)
FNDA:1,(anonymous_39)
FNDA:1,(anonymous_40)
FNDA:1,(anonymous_41)
FNDA:0,(anonymous_42)
FNDA:0,(anonymous_43)
FNDA:0,(anonymous_44)
FNDA:0,(anonymous_45)
FNDA:0,(anonymous_46)
FNDA:0,(anonymous_47)
DA:4,1
DA:11,32
DA:12,32
DA:13,32
DA:14,32
DA:18,20
DA:20,20
DA:21,185
DA:22,183
DA:27,6
DA:31,1
DA:32,1
DA:34,1
DA:35,7
DA:38,1
DA:42,5
DA:43,5
DA:45,5
DA:46,73
DA:47,26
DA:51,5
DA:55,1
DA:57,1
DA:58,4
DA:59,1
DA:63,0
DA:67,1
DA:69,1
DA:70,7
DA:71,0
DA:75,1
DA:79,1
DA:81,1
DA:82,6
DA:83,1
DA:87,0
DA:91,1
DA:92,1
DA:94,1
DA:95,7
DA:98,1
DA:102,4
DA:103,4
DA:104,21
DA:106,4
DA:111,2
DA:112,21
DA:113,21
DA:119,1
DA:120,14
DA:121,14
DA:127,31
DA:132,0
DA:137,0
DA:142,1
DA:143,1
DA:145,1
DA:146,4
DA:147,4
DA:148,4
DA:154,1
DA:159,2
DA:164,2
DA:169,2
DA:174,2
DA:179,2
DA:184,1
DA:185,1
DA:187,1
DA:188,1
DA:191,0
DA:196,1
DA:197,1
DA:198,1
DA:199,1
DA:202,0
DA:207,0
DA:208,0
DA:210,0
DA:211,0
DA:213,0
DA:218,0
DA:223,0
DA:225,0
DA:229,0
DA:233,0
DA:237,0
DA:241,0
DA:245,0
DA:249,0
DA:253,0
DA:257,0
DA:259,0
DA:264,183
DA:266,183
DA:270,0
DA:271,0
DA:275,4
DA:276,4
DA:280,0
DA:281,0
DA:285,179
DA:286,179
DA:290,0
DA:291,0
DA:295,0
DA:296,0
DA:300,0
DA:301,0
DA:305,0
DA:306,0
DA:309,183
DA:313,1
DA:319,1
DA:321,1
DA:326,0
DA:331,0
DA:336,1
DA:337,1
DA:338,1
DA:343,0
DA:344,0
DA:345,0
DA:350,0
DA:351,0
DA:352,0
DA:357,1
DA:358,1
DA:363,1
DA:368,1
DA:369,1
DA:370,1
DA:371,1
DA:376,1
DA:378,0
DA:379,0
DA:380,0
DA:385,0
DA:386,0
DA:387,0
DA:391,0
DA:392,0
DA:393,0
DA:398,0
DA:399,0
DA:400,0
DA:404,0
DA:405,0
DA:406,0
DA:411,0
LF:150
LH:90
BRDA:10,0,0,23
BRDA:10,1,0,24
BRDA:46,2,0,26
BRDA:58,3,0,1
BRDA:70,4,0,0
BRDA:82,5,0,1
BRDA:113,6,0,21
BRDA:113,6,1,18
BRDA:121,7,0,14
BRDA:121,7,1,12
BRDA:147,8,0,4
BRDA:159,9,0,2
BRDA:159,9,1,2
BRDA:179,10,0,2
BRDA:179,10,1,2
BRDA:187,11,0,1
BRDA:196,12,0,1
BRDA:196,13,0,1
BRDA:196,13,1,0
BRDA:213,14,0,0
BRDA:213,14,1,0
BRDA:225,15,0,0
BRDA:225,15,1,0
BRDA:225,15,2,0
BRDA:225,15,3,0
BRDA:225,15,4,0
BRDA:225,15,5,0
BRDA:225,15,6,0
BRDA:225,15,7,0
BRDA:225,15,8,0
BRDA:225,15,9,0
BRDA:225,15,10,0
BRDA:225,15,11,0
BRDA:225,15,12,0
BRDA:225,15,13,0
BRDA:225,15,14,0
BRDA:225,15,15,0
BRDA:225,15,16,0
BRDA:225,15,17,0
BRDA:225,15,18,0
BRDA:225,15,19,0
BRDA:225,15,20,0
BRDA:225,15,21,0
BRDA:225,15,22,0
BRDA:225,15,23,0
BRDA:225,15,24,0
BRDA:266,16,0,0
BRDA:266,16,1,0
BRDA:266,16,2,0
BRDA:266,16,3,4
BRDA:266,16,4,4
BRDA:266,16,5,4
BRDA:266,16,6,0
BRDA:266,16,7,0
BRDA:266,16,8,0
BRDA:266,16,9,179
BRDA:266,16,10,179
BRDA:266,16,11,179
BRDA:266,16,12,0
BRDA:266,16,13,0
BRDA:266,16,14,0
BRDA:266,16,15,0
BRDA:266,16,16,0
BRDA:266,16,17,0
BRDA:266,16,18,0
BRDA:266,16,19,0
BRDA:266,16,20,0
BRDA:266,16,21,0
BRDA:266,16,22,0
BRDA:266,16,23,0
BRDA:320,17,0,1
BRDA:320,18,0,1
BRDA:325,19,0,0
BRDA:330,20,0,0
BRDA:377,21,0,0
BRDA:377,22,0,0
BRF:76
BRH:25
end_of_record
TN:
SF:src\plugins\relative\relative-time.ts
FN:140,(anonymous_0)
FN:144,(anonymous_1)
FN:187,(anonymous_2)
FN:235,(anonymous_3)
FN:238,(anonymous_4)
FN:246,(anonymous_5)
FN:254,(anonymous_6)
FN:262,(anonymous_7)
FN:270,(anonymous_8)
FN:277,(anonymous_9)
FN:285,(anonymous_10)
FN:297,(anonymous_11)
FN:301,(anonymous_12)
FN:305,(anonymous_13)
FNF:14
FNH:13
FNDA:44,(anonymous_0)
FNDA:38,(anonymous_1)
FNDA:6,(anonymous_2)
FNDA:1,(anonymous_3)
FNDA:20,(anonymous_4)
FNDA:6,(anonymous_5)
FNDA:4,(anonymous_6)
FNDA:4,(anonymous_7)
FNDA:3,(anonymous_8)
FNDA:6,(anonymous_9)
FNDA:0,(anonymous_10)
FNDA:1,(anonymous_11)
FNDA:1,(anonymous_12)
FNDA:1,(anonymous_13)
DA:25,2
DA:41,2
DA:141,44
DA:145,38
DA:146,38
DA:147,38
DA:148,38
DA:149,38
DA:150,38
DA:151,38
DA:155,38
DA:156,2
DA:157,36
DA:158,1
DA:159,35
DA:160,1
DA:161,34
DA:162,14
DA:163,20
DA:164,3
DA:165,17
DA:166,9
DA:167,8
DA:168,3
DA:169,5
DA:170,1
DA:171,4
DA:172,1
DA:173,3
DA:174,1
DA:176,2
DA:179,38
DA:180,19
DA:183,19
DA:184,19
DA:189,6
DA:190,6
DA:195,6
DA:196,6
DA:197,6
DA:198,6
DA:199,6
DA:200,6
DA:201,6
DA:202,6
DA:204,6
DA:206,6
DA:207,0
DA:209,6
DA:210,0
DA:212,6
DA:213,0
DA:215,6
DA:216,6
DA:218,0
DA:219,0
DA:221,0
DA:222,0
DA:224,0
DA:228,0
DA:232,2
DA:237,1
DA:239,20
DA:240,20
DA:241,20
DA:242,20
DA:243,20
DA:247,6
DA:248,6
DA:249,6
DA:250,6
DA:251,6
DA:255,4
DA:256,4
DA:257,4
DA:258,4
DA:259,4
DA:263,4
DA:264,4
DA:265,4
DA:266,4
DA:267,4
DA:271,3
DA:272,3
DA:273,3
DA:278,6
DA:279,6
DA:280,6
DA:281,6
DA:282,6
DA:286,0
DA:287,0
DA:288,0
DA:289,0
DA:290,0
DA:295,1
DA:298,1
DA:302,1
DA:306,1
DA:313,2
DA:314,2
LF:101
LH:87
BRDA:140,0,0,43
BRDA:141,1,0,44
BRDA:141,1,1,0
BRDA:141,1,2,0
BRDA:144,2,0,1
BRDA:155,3,0,2
BRDA:155,3,1,36
BRDA:157,4,0,1
BRDA:157,4,1,35
BRDA:159,5,0,1
BRDA:159,5,1,34
BRDA:161,6,0,14
BRDA:161,6,1,20
BRDA:163,7,0,3
BRDA:163,7,1,17
BRDA:165,8,0,9
BRDA:165,8,1,8
BRDA:167,9,0,3
BRDA:167,9,1,5
BRDA:169,10,0,1
BRDA:169,10,1,4
BRDA:171,11,0,1
BRDA:171,11,1,3
BRDA:173,12,0,1
BRDA:173,12,1,2
BRDA:179,13,0,19
BRDA:183,14,0,10
BRDA:183,14,1,9
BRDA:187,15,0,0
BRDA:187,16,0,3
BRDA:189,17,0,6
BRDA:189,18,0,6
BRDA:189,18,1,6
BRDA:191,19,0,6
BRDA:191,19,1,6
BRDA:192,20,0,6
BRDA:192,20,1,3
BRDA:204,21,0,6
BRDA:204,21,1,0
BRDA:206,22,0,0
BRDA:209,23,0,0
BRDA:212,24,0,0
BRDA:215,25,0,6
BRDA:218,26,0,0
BRDA:221,27,0,0
BRDA:238,28,0,5
BRDA:246,29,0,4
BRDA:254,30,0,4
BRDA:262,31,0,4
BRDA:270,32,0,2
BRDA:277,33,0,0
BRDA:285,34,0,0
BRF:52
BRH:41
end_of_record
TN:
SF:src\plugins\timezone\timezone.ts
FN:26,(anonymous_0)
FN:36,(anonymous_1)
FN:60,(anonymous_2)
FN:78,(anonymous_3)
FN:85,(anonymous_4)
FN:91,(anonymous_5)
FN:103,(anonymous_6)
FN:108,(anonymous_7)
FN:132,(anonymous_8)
FN:137,(anonymous_9)
FN:146,(anonymous_10)
FN:156,(anonymous_11)
FN:160,(anonymous_12)
FN:175,(anonymous_13)
FN:179,(anonymous_14)
FN:184,(anonymous_15)
FN:190,(anonymous_16)
FN:195,(anonymous_17)
FN:205,(anonymous_18)
FN:210,(anonymous_19)
FN:218,(anonymous_20)
FN:240,(anonymous_21)
FN:246,(anonymous_22)
FN:253,(anonymous_23)
FN:258,(anonymous_24)
FN:263,(anonymous_25)
FN:268,(anonymous_26)
FN:273,(anonymous_27)
FN:278,(anonymous_28)
FNF:29
FNH:0
FNDA:0,(anonymous_0)
FNDA:0,(anonymous_1)
FNDA:0,(anonymous_2)
FNDA:0,(anonymous_3)
FNDA:0,(anonymous_4)
FNDA:0,(anonymous_5)
FNDA:0,(anonymous_6)
FNDA:0,(anonymous_7)
FNDA:0,(anonymous_8)
FNDA:0,(anonymous_9)
FNDA:0,(anonymous_10)
FNDA:0,(anonymous_11)
FNDA:0,(anonymous_12)
FNDA:0,(anonymous_13)
FNDA:0,(anonymous_14)
FNDA:0,(anonymous_15)
FNDA:0,(anonymous_16)
FNDA:0,(anonymous_17)
FNDA:0,(anonymous_18)
FNDA:0,(anonymous_19)
FNDA:0,(anonymous_20)
FNDA:0,(anonymous_21)
FNDA:0,(anonymous_22)
FNDA:0,(anonymous_23)
FNDA:0,(anonymous_24)
FNDA:0,(anonymous_25)
FNDA:0,(anonymous_26)
FNDA:0,(anonymous_27)
FNDA:0,(anonymous_28)
DA:10,0
DA:11,0
DA:27,0
DA:29,0
DA:30,0
DA:35,0
DA:36,0
DA:39,0
DA:40,0
DA:41,0
DA:43,0
DA:50,0
DA:61,0
DA:63,0
DA:64,0
DA:65,0
DA:67,0
DA:68,0
DA:69,0
DA:71,0
DA:73,0
DA:79,0
DA:80,0
DA:81,0
DA:86,0
DA:87,0
DA:92,0
DA:93,0
DA:96,0
DA:99,0
DA:104,0
DA:109,0
DA:110,0
DA:113,0
DA:133,0
DA:138,0
DA:139,0
DA:140,0
DA:142,0
DA:147,0
DA:148,0
DA:150,0
DA:151,0
DA:152,0
DA:157,0
DA:158,0
DA:160,0
DA:161,0
DA:162,0
DA:163,0
DA:165,0
DA:171,0
DA:177,0
DA:180,0
DA:185,0
DA:186,0
DA:191,0
DA:196,0
DA:197,0
DA:199,0
DA:200,0
DA:201,0
DA:206,0
DA:212,0
DA:213,0
DA:215,0
DA:218,0
DA:219,0
DA:221,0
DA:223,0
DA:225,0
DA:227,0
DA:229,0
DA:233,0
DA:238,0
DA:241,0
DA:242,0
DA:247,0
DA:248,0
DA:249,0
DA:254,0
DA:259,0
DA:264,0
DA:269,0
DA:274,0
DA:279,0
DA:280,0
LF:87
LH:0
BRDA:27,0,0,0
BRDA:27,0,1,0
BRDA:36,1,0,0
BRDA:36,1,1,0
BRDA:61,2,0,0
BRDA:61,2,1,0
BRDA:104,3,0,0
BRDA:104,3,1,0
BRDA:140,4,0,0
BRDA:140,4,1,0
BRDA:148,5,0,0
BRDA:152,6,0,0
BRDA:152,6,1,0
BRDA:196,7,0,0
BRDA:219,8,0,0
BRDA:219,8,1,0
BRDA:219,8,2,0
BRDA:219,8,3,0
BRDA:219,8,4,0
BRF:19
BRH:0
end_of_record
